ERROR - 2021-12-02 08:45:40 --> Unknown column 'id' in 'where clause'
CRITICAL - 2021-12-02 08:45:40 --> Unknown column 'id' in 'where clause'
#0 C:\xampp\htdocs\acbagus\system\Database\MySQLi\Connection.php(292): mysqli->query('SELECT COUNT(*)...', 0)
#1 C:\xampp\htdocs\acbagus\system\Database\BaseConnection.php(670): CodeIgniter\Database\MySQLi\Connection->execute('SELECT COUNT(*)...')
#2 C:\xampp\htdocs\acbagus\system\Database\BaseConnection.php(598): CodeIgniter\Database\BaseConnection->simpleQuery('SELECT COUNT(*)...')
#3 C:\xampp\htdocs\acbagus\system\Database\BaseBuilder.php(1527): CodeIgniter\Database\BaseConnection->query('SELECT COUNT(*)...', Array, false)
#4 C:\xampp\htdocs\acbagus\system\Model.php(509): CodeIgniter\Database\BaseBuilder->countAllResults(true)
#5 C:\xampp\htdocs\acbagus\system\Model.php(592): CodeIgniter\Model->countAllResults()
#6 C:\xampp\htdocs\acbagus\system\BaseModel.php(655): CodeIgniter\Model->shouldUpdate(Array)
#7 C:\xampp\htdocs\acbagus\app\Controllers\Group.php(53): CodeIgniter\BaseModel->save(Array)
#8 C:\xampp\htdocs\acbagus\system\CodeIgniter.php(824): App\Controllers\Group->simpan()
#9 C:\xampp\htdocs\acbagus\system\CodeIgniter.php(410): CodeIgniter\CodeIgniter->runController(Object(App\Controllers\Group))
#10 C:\xampp\htdocs\acbagus\system\CodeIgniter.php(318): CodeIgniter\CodeIgniter->handleRequest(NULL, Object(Config\Cache), false)
#11 C:\xampp\htdocs\acbagus\public\index.php(37): CodeIgniter\CodeIgniter->run()
#12 C:\xampp\htdocs\acbagus\system\Commands\Server\rewrite.php(43): require_once('C:\\xampp\\htdocs...')
#13 {main}
ERROR - 2021-12-02 09:01:12 --> Unknown column 'id' in 'where clause'
CRITICAL - 2021-12-02 09:01:12 --> Unknown column 'id' in 'where clause'
#0 C:\xampp\htdocs\acbagus\system\Database\MySQLi\Connection.php(292): mysqli->query('SELECT COUNT(*)...', 0)
#1 C:\xampp\htdocs\acbagus\system\Database\BaseConnection.php(670): CodeIgniter\Database\MySQLi\Connection->execute('SELECT COUNT(*)...')
#2 C:\xampp\htdocs\acbagus\system\Database\BaseConnection.php(598): CodeIgniter\Database\BaseConnection->simpleQuery('SELECT COUNT(*)...')
#3 C:\xampp\htdocs\acbagus\system\Database\BaseBuilder.php(1527): CodeIgniter\Database\BaseConnection->query('SELECT COUNT(*)...', Array, false)
#4 C:\xampp\htdocs\acbagus\system\Model.php(509): CodeIgniter\Database\BaseBuilder->countAllResults(true)
#5 C:\xampp\htdocs\acbagus\system\Model.php(592): CodeIgniter\Model->countAllResults()
#6 C:\xampp\htdocs\acbagus\system\BaseModel.php(655): CodeIgniter\Model->shouldUpdate(Array)
#7 C:\xampp\htdocs\acbagus\app\Controllers\Group.php(53): CodeIgniter\BaseModel->save(Array)
#8 C:\xampp\htdocs\acbagus\system\CodeIgniter.php(824): App\Controllers\Group->simpan()
#9 C:\xampp\htdocs\acbagus\system\CodeIgniter.php(410): CodeIgniter\CodeIgniter->runController(Object(App\Controllers\Group))
#10 C:\xampp\htdocs\acbagus\system\CodeIgniter.php(318): CodeIgniter\CodeIgniter->handleRequest(NULL, Object(Config\Cache), false)
#11 C:\xampp\htdocs\acbagus\public\index.php(37): CodeIgniter\CodeIgniter->run()
#12 C:\xampp\htdocs\acbagus\system\Commands\Server\rewrite.php(43): require_once('C:\\xampp\\htdocs...')
#13 {main}
ERROR - 2021-12-02 09:01:45 --> Unknown column 'geoup_id' in 'where clause'
CRITICAL - 2021-12-02 09:01:45 --> Unknown column 'geoup_id' in 'where clause'
#0 C:\xampp\htdocs\acbagus\system\Database\MySQLi\Connection.php(292): mysqli->query('SELECT COUNT(*)...', 0)
#1 C:\xampp\htdocs\acbagus\system\Database\BaseConnection.php(670): CodeIgniter\Database\MySQLi\Connection->execute('SELECT COUNT(*)...')
#2 C:\xampp\htdocs\acbagus\system\Database\BaseConnection.php(598): CodeIgniter\Database\BaseConnection->simpleQuery('SELECT COUNT(*)...')
#3 C:\xampp\htdocs\acbagus\system\Database\BaseBuilder.php(1527): CodeIgniter\Database\BaseConnection->query('SELECT COUNT(*)...', Array, false)
#4 C:\xampp\htdocs\acbagus\system\Model.php(509): CodeIgniter\Database\BaseBuilder->countAllResults(true)
#5 C:\xampp\htdocs\acbagus\system\Model.php(592): CodeIgniter\Model->countAllResults()
#6 C:\xampp\htdocs\acbagus\system\BaseModel.php(655): CodeIgniter\Model->shouldUpdate(Array)
#7 C:\xampp\htdocs\acbagus\app\Controllers\Group.php(53): CodeIgniter\BaseModel->save(Array)
#8 C:\xampp\htdocs\acbagus\system\CodeIgniter.php(824): App\Controllers\Group->simpan()
#9 C:\xampp\htdocs\acbagus\system\CodeIgniter.php(410): CodeIgniter\CodeIgniter->runController(Object(App\Controllers\Group))
#10 C:\xampp\htdocs\acbagus\system\CodeIgniter.php(318): CodeIgniter\CodeIgniter->handleRequest(NULL, Object(Config\Cache), false)
#11 C:\xampp\htdocs\acbagus\public\index.php(37): CodeIgniter\CodeIgniter->run()
#12 C:\xampp\htdocs\acbagus\system\Commands\Server\rewrite.php(43): require_once('C:\\xampp\\htdocs...')
#13 {main}
ERROR - 2021-12-02 09:01:55 --> Cannot add or update a child row: a foreign key constraint fails (`acbagus`.`auth_groups_users`, CONSTRAINT `auth_groups_users_group_id_foreign` FOREIGN KEY (`group_id`) REFERENCES `auth_groups` (`id`) ON DELETE CASCADE)
CRITICAL - 2021-12-02 09:01:55 --> Cannot add or update a child row: a foreign key constraint fails (`acbagus`.`auth_groups_users`, CONSTRAINT `auth_groups_users_group_id_foreign` FOREIGN KEY (`group_id`) REFERENCES `auth_groups` (`id`) ON DELETE CASCADE)
#0 C:\xampp\htdocs\acbagus\system\Database\MySQLi\Connection.php(292): mysqli->query('INSERT INTO `au...', 0)
#1 C:\xampp\htdocs\acbagus\system\Database\BaseConnection.php(670): CodeIgniter\Database\MySQLi\Connection->execute('INSERT INTO `au...')
#2 C:\xampp\htdocs\acbagus\system\Database\BaseConnection.php(598): CodeIgniter\Database\BaseConnection->simpleQuery('INSERT INTO `au...')
#3 C:\xampp\htdocs\acbagus\system\Database\BaseBuilder.php(1759): CodeIgniter\Database\BaseConnection->query('INSERT INTO `au...', Array, false)
#4 C:\xampp\htdocs\acbagus\system\Model.php(239): CodeIgniter\Database\BaseBuilder->insert()
#5 C:\xampp\htdocs\acbagus\system\BaseModel.php(738): CodeIgniter\Model->doInsert(Array)
#6 C:\xampp\htdocs\acbagus\system\Model.php(620): CodeIgniter\BaseModel->insert(Array, false)
#7 C:\xampp\htdocs\acbagus\system\BaseModel.php(658): CodeIgniter\Model->insert(Array, false)
#8 C:\xampp\htdocs\acbagus\app\Controllers\Group.php(53): CodeIgniter\BaseModel->save(Array)
#9 C:\xampp\htdocs\acbagus\system\CodeIgniter.php(824): App\Controllers\Group->simpan()
#10 C:\xampp\htdocs\acbagus\system\CodeIgniter.php(410): CodeIgniter\CodeIgniter->runController(Object(App\Controllers\Group))
#11 C:\xampp\htdocs\acbagus\system\CodeIgniter.php(318): CodeIgniter\CodeIgniter->handleRequest(NULL, Object(Config\Cache), false)
#12 C:\xampp\htdocs\acbagus\public\index.php(37): CodeIgniter\CodeIgniter->run()
#13 C:\xampp\htdocs\acbagus\system\Commands\Server\rewrite.php(43): require_once('C:\\xampp\\htdocs...')
#14 {main}
CRITICAL - 2021-12-02 10:09:55 --> Invalid file: index.php
#0 C:\xampp\htdocs\acbagus\system\View\View.php(198): CodeIgniter\Exceptions\FrameworkException::forInvalidFile('index.php')
#1 C:\xampp\htdocs\acbagus\system\Common.php(1097): CodeIgniter\View\View->render('index', Array, true)
#2 C:\xampp\htdocs\acbagus\app\Controllers\Home.php(9): view('index')
#3 C:\xampp\htdocs\acbagus\system\CodeIgniter.php(824): App\Controllers\Home->index()
#4 C:\xampp\htdocs\acbagus\system\CodeIgniter.php(410): CodeIgniter\CodeIgniter->runController(Object(App\Controllers\Home))
#5 C:\xampp\htdocs\acbagus\system\CodeIgniter.php(318): CodeIgniter\CodeIgniter->handleRequest(NULL, Object(Config\Cache), false)
#6 C:\xampp\htdocs\acbagus\public\index.php(37): CodeIgniter\CodeIgniter->run()
#7 C:\xampp\htdocs\acbagus\system\Commands\Server\rewrite.php(43): require_once('C:\\xampp\\htdocs...')
#8 {main}
CRITICAL - 2021-12-02 21:20:30 --> Anda tidak memiliki izin yang memadai untuk mengakses halaman itu.
#0 C:\xampp\htdocs\acbagus\system\Filters\Filters.php(173): Myth\Auth\Filters\RoleFilter->before(Object(CodeIgniter\HTTP\IncomingRequest), Array)
#1 C:\xampp\htdocs\acbagus\system\CodeIgniter.php(384): CodeIgniter\Filters\Filters->run('teknisi', 'before')
#2 C:\xampp\htdocs\acbagus\system\CodeIgniter.php(318): CodeIgniter\CodeIgniter->handleRequest(NULL, Object(Config\Cache), false)
#3 C:\xampp\htdocs\acbagus\public\index.php(37): CodeIgniter\CodeIgniter->run()
#4 C:\xampp\htdocs\acbagus\system\Commands\Server\rewrite.php(43): require_once('C:\\xampp\\htdocs...')
#5 {main}
CRITICAL - 2021-12-02 21:25:05 --> Anda tidak memiliki izin yang memadai untuk mengakses halaman itu.
#0 C:\xampp\htdocs\acbagus\system\Filters\Filters.php(173): Myth\Auth\Filters\RoleFilter->before(Object(CodeIgniter\HTTP\IncomingRequest), Array)
#1 C:\xampp\htdocs\acbagus\system\CodeIgniter.php(384): CodeIgniter\Filters\Filters->run('dashboard', 'before')
#2 C:\xampp\htdocs\acbagus\system\CodeIgniter.php(318): CodeIgniter\CodeIgniter->handleRequest(NULL, Object(Config\Cache), false)
#3 C:\xampp\htdocs\acbagus\public\index.php(37): CodeIgniter\CodeIgniter->run()
#4 C:\xampp\htdocs\acbagus\system\Commands\Server\rewrite.php(43): require_once('C:\\xampp\\htdocs...')
#5 {main}
CRITICAL - 2021-12-02 21:25:06 --> Anda tidak memiliki izin yang memadai untuk mengakses halaman itu.
#0 C:\xampp\htdocs\acbagus\system\Filters\Filters.php(173): Myth\Auth\Filters\RoleFilter->before(Object(CodeIgniter\HTTP\IncomingRequest), Array)
#1 C:\xampp\htdocs\acbagus\system\CodeIgniter.php(384): CodeIgniter\Filters\Filters->run('dashboard', 'before')
#2 C:\xampp\htdocs\acbagus\system\CodeIgniter.php(318): CodeIgniter\CodeIgniter->handleRequest(NULL, Object(Config\Cache), false)
#3 C:\xampp\htdocs\acbagus\public\index.php(37): CodeIgniter\CodeIgniter->run()
#4 C:\xampp\htdocs\acbagus\system\Commands\Server\rewrite.php(43): require_once('C:\\xampp\\htdocs...')
#5 {main}
CRITICAL - 2021-12-02 21:25:35 --> Anda tidak memiliki izin yang memadai untuk mengakses halaman itu.
#0 C:\xampp\htdocs\acbagus\system\Filters\Filters.php(173): Myth\Auth\Filters\RoleFilter->before(Object(CodeIgniter\HTTP\IncomingRequest), Array)
#1 C:\xampp\htdocs\acbagus\system\CodeIgniter.php(384): CodeIgniter\Filters\Filters->run('dashboard', 'before')
#2 C:\xampp\htdocs\acbagus\system\CodeIgniter.php(318): CodeIgniter\CodeIgniter->handleRequest(NULL, Object(Config\Cache), false)
#3 C:\xampp\htdocs\acbagus\public\index.php(37): CodeIgniter\CodeIgniter->run()
#4 C:\xampp\htdocs\acbagus\system\Commands\Server\rewrite.php(43): require_once('C:\\xampp\\htdocs...')
#5 {main}
CRITICAL - 2021-12-02 21:25:51 --> Anda tidak memiliki izin yang memadai untuk mengakses halaman itu.
#0 C:\xampp\htdocs\acbagus\system\Filters\Filters.php(173): Myth\Auth\Filters\RoleFilter->before(Object(CodeIgniter\HTTP\IncomingRequest), Array)
#1 C:\xampp\htdocs\acbagus\system\CodeIgniter.php(384): CodeIgniter\Filters\Filters->run('teknisi', 'before')
#2 C:\xampp\htdocs\acbagus\system\CodeIgniter.php(318): CodeIgniter\CodeIgniter->handleRequest(NULL, Object(Config\Cache), false)
#3 C:\xampp\htdocs\acbagus\public\index.php(37): CodeIgniter\CodeIgniter->run()
#4 C:\xampp\htdocs\acbagus\system\Commands\Server\rewrite.php(43): require_once('C:\\xampp\\htdocs...')
#5 {main}
CRITICAL - 2021-12-02 21:25:53 --> Anda tidak memiliki izin yang memadai untuk mengakses halaman itu.
#0 C:\xampp\htdocs\acbagus\system\Filters\Filters.php(173): Myth\Auth\Filters\RoleFilter->before(Object(CodeIgniter\HTTP\IncomingRequest), Array)
#1 C:\xampp\htdocs\acbagus\system\CodeIgniter.php(384): CodeIgniter\Filters\Filters->run('teknisi', 'before')
#2 C:\xampp\htdocs\acbagus\system\CodeIgniter.php(318): CodeIgniter\CodeIgniter->handleRequest(NULL, Object(Config\Cache), false)
#3 C:\xampp\htdocs\acbagus\public\index.php(37): CodeIgniter\CodeIgniter->run()
#4 C:\xampp\htdocs\acbagus\system\Commands\Server\rewrite.php(43): require_once('C:\\xampp\\htdocs...')
#5 {main}
CRITICAL - 2021-12-02 21:27:54 --> Anda tidak memiliki izin yang memadai untuk mengakses halaman itu.
#0 C:\xampp\htdocs\acbagus\system\Filters\Filters.php(173): Myth\Auth\Filters\RoleFilter->before(Object(CodeIgniter\HTTP\IncomingRequest), Array)
#1 C:\xampp\htdocs\acbagus\system\CodeIgniter.php(384): CodeIgniter\Filters\Filters->run('teknisi', 'before')
#2 C:\xampp\htdocs\acbagus\system\CodeIgniter.php(318): CodeIgniter\CodeIgniter->handleRequest(NULL, Object(Config\Cache), false)
#3 C:\xampp\htdocs\acbagus\public\index.php(37): CodeIgniter\CodeIgniter->run()
#4 C:\xampp\htdocs\acbagus\system\Commands\Server\rewrite.php(43): require_once('C:\\xampp\\htdocs...')
#5 {main}
CRITICAL - 2021-12-02 21:27:56 --> Anda tidak memiliki izin yang memadai untuk mengakses halaman itu.
#0 C:\xampp\htdocs\acbagus\system\Filters\Filters.php(173): Myth\Auth\Filters\RoleFilter->before(Object(CodeIgniter\HTTP\IncomingRequest), Array)
#1 C:\xampp\htdocs\acbagus\system\CodeIgniter.php(384): CodeIgniter\Filters\Filters->run('teknisi', 'before')
#2 C:\xampp\htdocs\acbagus\system\CodeIgniter.php(318): CodeIgniter\CodeIgniter->handleRequest(NULL, Object(Config\Cache), false)
#3 C:\xampp\htdocs\acbagus\public\index.php(37): CodeIgniter\CodeIgniter->run()
#4 C:\xampp\htdocs\acbagus\system\Commands\Server\rewrite.php(43): require_once('C:\\xampp\\htdocs...')
#5 {main}
CRITICAL - 2021-12-02 21:27:57 --> Anda tidak memiliki izin yang memadai untuk mengakses halaman itu.
#0 C:\xampp\htdocs\acbagus\system\Filters\Filters.php(173): Myth\Auth\Filters\RoleFilter->before(Object(CodeIgniter\HTTP\IncomingRequest), Array)
#1 C:\xampp\htdocs\acbagus\system\CodeIgniter.php(384): CodeIgniter\Filters\Filters->run('teknisi', 'before')
#2 C:\xampp\htdocs\acbagus\system\CodeIgniter.php(318): CodeIgniter\CodeIgniter->handleRequest(NULL, Object(Config\Cache), false)
#3 C:\xampp\htdocs\acbagus\public\index.php(37): CodeIgniter\CodeIgniter->run()
#4 C:\xampp\htdocs\acbagus\system\Commands\Server\rewrite.php(43): require_once('C:\\xampp\\htdocs...')
#5 {main}
CRITICAL - 2021-12-02 21:28:26 --> Anda tidak memiliki izin yang memadai untuk mengakses halaman itu.
#0 C:\xampp\htdocs\acbagus\system\Filters\Filters.php(173): Myth\Auth\Filters\RoleFilter->before(Object(CodeIgniter\HTTP\IncomingRequest), Array)
#1 C:\xampp\htdocs\acbagus\system\CodeIgniter.php(384): CodeIgniter\Filters\Filters->run('teknisi', 'before')
#2 C:\xampp\htdocs\acbagus\system\CodeIgniter.php(318): CodeIgniter\CodeIgniter->handleRequest(NULL, Object(Config\Cache), false)
#3 C:\xampp\htdocs\acbagus\public\index.php(37): CodeIgniter\CodeIgniter->run()
#4 C:\xampp\htdocs\acbagus\system\Commands\Server\rewrite.php(43): require_once('C:\\xampp\\htdocs...')
#5 {main}
CRITICAL - 2021-12-02 21:28:42 --> Anda tidak memiliki izin yang memadai untuk mengakses halaman itu.
#0 C:\xampp\htdocs\acbagus\system\Filters\Filters.php(173): Myth\Auth\Filters\RoleFilter->before(Object(CodeIgniter\HTTP\IncomingRequest), Array)
#1 C:\xampp\htdocs\acbagus\system\CodeIgniter.php(384): CodeIgniter\Filters\Filters->run('teknisi', 'before')
#2 C:\xampp\htdocs\acbagus\system\CodeIgniter.php(318): CodeIgniter\CodeIgniter->handleRequest(NULL, Object(Config\Cache), false)
#3 C:\xampp\htdocs\acbagus\public\index.php(37): CodeIgniter\CodeIgniter->run()
#4 C:\xampp\htdocs\acbagus\system\Commands\Server\rewrite.php(43): require_once('C:\\xampp\\htdocs...')
#5 {main}
CRITICAL - 2021-12-02 21:30:03 --> Anda tidak memiliki izin yang memadai untuk mengakses halaman itu.
#0 C:\xampp\htdocs\acbagus\system\Filters\Filters.php(173): Myth\Auth\Filters\RoleFilter->before(Object(CodeIgniter\HTTP\IncomingRequest), Array)
#1 C:\xampp\htdocs\acbagus\system\CodeIgniter.php(384): CodeIgniter\Filters\Filters->run('dashboard/', 'before')
#2 C:\xampp\htdocs\acbagus\system\CodeIgniter.php(318): CodeIgniter\CodeIgniter->handleRequest(NULL, Object(Config\Cache), false)
#3 C:\xampp\htdocs\acbagus\public\index.php(37): CodeIgniter\CodeIgniter->run()
#4 C:\xampp\htdocs\acbagus\system\Commands\Server\rewrite.php(43): require_once('C:\\xampp\\htdocs...')
#5 {main}
CRITICAL - 2021-12-02 21:31:13 --> Anda tidak memiliki izin yang memadai untuk mengakses halaman itu.
#0 C:\xampp\htdocs\acbagus\system\Filters\Filters.php(173): Myth\Auth\Filters\RoleFilter->before(Object(CodeIgniter\HTTP\IncomingRequest), Array)
#1 C:\xampp\htdocs\acbagus\system\CodeIgniter.php(384): CodeIgniter\Filters\Filters->run('dashboard', 'before')
#2 C:\xampp\htdocs\acbagus\system\CodeIgniter.php(318): CodeIgniter\CodeIgniter->handleRequest(NULL, Object(Config\Cache), false)
#3 C:\xampp\htdocs\acbagus\public\index.php(37): CodeIgniter\CodeIgniter->run()
#4 C:\xampp\htdocs\acbagus\system\Commands\Server\rewrite.php(43): require_once('C:\\xampp\\htdocs...')
#5 {main}
CRITICAL - 2021-12-02 21:31:15 --> Anda tidak memiliki izin yang memadai untuk mengakses halaman itu.
#0 C:\xampp\htdocs\acbagus\system\Filters\Filters.php(173): Myth\Auth\Filters\RoleFilter->before(Object(CodeIgniter\HTTP\IncomingRequest), Array)
#1 C:\xampp\htdocs\acbagus\system\CodeIgniter.php(384): CodeIgniter\Filters\Filters->run('dashboard', 'before')
#2 C:\xampp\htdocs\acbagus\system\CodeIgniter.php(318): CodeIgniter\CodeIgniter->handleRequest(NULL, Object(Config\Cache), false)
#3 C:\xampp\htdocs\acbagus\public\index.php(37): CodeIgniter\CodeIgniter->run()
#4 C:\xampp\htdocs\acbagus\system\Commands\Server\rewrite.php(43): require_once('C:\\xampp\\htdocs...')
#5 {main}
CRITICAL - 2021-12-02 21:32:47 --> Anda tidak memiliki izin yang memadai untuk mengakses halaman itu.
#0 C:\xampp\htdocs\acbagus\system\Filters\Filters.php(173): Myth\Auth\Filters\RoleFilter->before(Object(CodeIgniter\HTTP\IncomingRequest), Array)
#1 C:\xampp\htdocs\acbagus\system\CodeIgniter.php(384): CodeIgniter\Filters\Filters->run('dashboard', 'before')
#2 C:\xampp\htdocs\acbagus\system\CodeIgniter.php(318): CodeIgniter\CodeIgniter->handleRequest(NULL, Object(Config\Cache), false)
#3 C:\xampp\htdocs\acbagus\public\index.php(37): CodeIgniter\CodeIgniter->run()
#4 C:\xampp\htdocs\acbagus\system\Commands\Server\rewrite.php(43): require_once('C:\\xampp\\htdocs...')
#5 {main}
CRITICAL - 2021-12-02 21:34:05 --> Anda tidak memiliki izin yang memadai untuk mengakses halaman itu.
#0 C:\xampp\htdocs\acbagus\system\Filters\Filters.php(173): Myth\Auth\Filters\RoleFilter->before(Object(CodeIgniter\HTTP\IncomingRequest), Array)
#1 C:\xampp\htdocs\acbagus\system\CodeIgniter.php(384): CodeIgniter\Filters\Filters->run('dashboard', 'before')
#2 C:\xampp\htdocs\acbagus\system\CodeIgniter.php(318): CodeIgniter\CodeIgniter->handleRequest(NULL, Object(Config\Cache), false)
#3 C:\xampp\htdocs\acbagus\public\index.php(37): CodeIgniter\CodeIgniter->run()
#4 C:\xampp\htdocs\acbagus\system\Commands\Server\rewrite.php(43): require_once('C:\\xampp\\htdocs...')
#5 {main}
ERROR - 2021-12-02 21:34:51 --> Unknown column 'id' in 'where clause'
CRITICAL - 2021-12-02 21:34:51 --> Unknown column 'id' in 'where clause'
#0 C:\xampp\htdocs\acbagus\system\Database\MySQLi\Connection.php(292): mysqli->query('SELECT COUNT(*)...', 0)
#1 C:\xampp\htdocs\acbagus\system\Database\BaseConnection.php(670): CodeIgniter\Database\MySQLi\Connection->execute('SELECT COUNT(*)...')
#2 C:\xampp\htdocs\acbagus\system\Database\BaseConnection.php(598): CodeIgniter\Database\BaseConnection->simpleQuery('SELECT COUNT(*)...')
#3 C:\xampp\htdocs\acbagus\system\Database\BaseBuilder.php(1527): CodeIgniter\Database\BaseConnection->query('SELECT COUNT(*)...', Array, false)
#4 C:\xampp\htdocs\acbagus\system\Model.php(509): CodeIgniter\Database\BaseBuilder->countAllResults(true)
#5 C:\xampp\htdocs\acbagus\system\Model.php(592): CodeIgniter\Model->countAllResults()
#6 C:\xampp\htdocs\acbagus\system\BaseModel.php(655): CodeIgniter\Model->shouldUpdate(Array)
#7 C:\xampp\htdocs\acbagus\app\Controllers\Group.php(56): CodeIgniter\BaseModel->save(Array)
#8 C:\xampp\htdocs\acbagus\system\CodeIgniter.php(824): App\Controllers\Group->simpan()
#9 C:\xampp\htdocs\acbagus\system\CodeIgniter.php(410): CodeIgniter\CodeIgniter->runController(Object(App\Controllers\Group))
#10 C:\xampp\htdocs\acbagus\system\CodeIgniter.php(318): CodeIgniter\CodeIgniter->handleRequest(NULL, Object(Config\Cache), false)
#11 C:\xampp\htdocs\acbagus\public\index.php(37): CodeIgniter\CodeIgniter->run()
#12 C:\xampp\htdocs\acbagus\system\Commands\Server\rewrite.php(43): require_once('C:\\xampp\\htdocs...')
#13 {main}
ERROR - 2021-12-02 21:43:48 --> Unknown column 'auth_groups_users.group_user' in 'on clause'
CRITICAL - 2021-12-02 21:43:48 --> Unknown column 'auth_groups_users.group_user' in 'on clause'
#0 C:\xampp\htdocs\acbagus\system\Database\MySQLi\Connection.php(292): mysqli->query('SELECT *\nFROM `...', 0)
#1 C:\xampp\htdocs\acbagus\system\Database\BaseConnection.php(670): CodeIgniter\Database\MySQLi\Connection->execute('SELECT *\nFROM `...')
#2 C:\xampp\htdocs\acbagus\system\Database\BaseConnection.php(598): CodeIgniter\Database\BaseConnection->simpleQuery('SELECT *\nFROM `...')
#3 C:\xampp\htdocs\acbagus\system\Database\BaseBuilder.php(1443): CodeIgniter\Database\BaseConnection->query('SELECT *\nFROM `...', Array, false)
#4 C:\xampp\htdocs\acbagus\app\Models\GpModel.php(17): CodeIgniter\Database\BaseBuilder->get()
#5 C:\xampp\htdocs\acbagus\app\Controllers\Group.php(20): App\Models\GpModel->getGroup()
#6 C:\xampp\htdocs\acbagus\system\CodeIgniter.php(824): App\Controllers\Group->index()
#7 C:\xampp\htdocs\acbagus\system\CodeIgniter.php(410): CodeIgniter\CodeIgniter->runController(Object(App\Controllers\Group))
#8 C:\xampp\htdocs\acbagus\system\CodeIgniter.php(318): CodeIgniter\CodeIgniter->handleRequest(NULL, Object(Config\Cache), false)
#9 C:\xampp\htdocs\acbagus\public\index.php(37): CodeIgniter\CodeIgniter->run()
#10 C:\xampp\htdocs\acbagus\system\Commands\Server\rewrite.php(43): require_once('C:\\xampp\\htdocs...')
#11 {main}
ERROR - 2021-12-02 21:45:26 --> Unknown column 'id' in 'where clause'
CRITICAL - 2021-12-02 21:45:26 --> Unknown column 'id' in 'where clause'
#0 C:\xampp\htdocs\acbagus\system\Database\MySQLi\Connection.php(292): mysqli->query('SELECT COUNT(*)...', 0)
#1 C:\xampp\htdocs\acbagus\system\Database\BaseConnection.php(670): CodeIgniter\Database\MySQLi\Connection->execute('SELECT COUNT(*)...')
#2 C:\xampp\htdocs\acbagus\system\Database\BaseConnection.php(598): CodeIgniter\Database\BaseConnection->simpleQuery('SELECT COUNT(*)...')
#3 C:\xampp\htdocs\acbagus\system\Database\BaseBuilder.php(1527): CodeIgniter\Database\BaseConnection->query('SELECT COUNT(*)...', Array, false)
#4 C:\xampp\htdocs\acbagus\system\Model.php(509): CodeIgniter\Database\BaseBuilder->countAllResults(true)
#5 C:\xampp\htdocs\acbagus\system\Model.php(592): CodeIgniter\Model->countAllResults()
#6 C:\xampp\htdocs\acbagus\system\BaseModel.php(655): CodeIgniter\Model->shouldUpdate(Array)
#7 C:\xampp\htdocs\acbagus\app\Controllers\Group.php(57): CodeIgniter\BaseModel->save(Array)
#8 C:\xampp\htdocs\acbagus\system\CodeIgniter.php(824): App\Controllers\Group->simpan()
#9 C:\xampp\htdocs\acbagus\system\CodeIgniter.php(410): CodeIgniter\CodeIgniter->runController(Object(App\Controllers\Group))
#10 C:\xampp\htdocs\acbagus\system\CodeIgniter.php(318): CodeIgniter\CodeIgniter->handleRequest(NULL, Object(Config\Cache), false)
#11 C:\xampp\htdocs\acbagus\public\index.php(37): CodeIgniter\CodeIgniter->run()
#12 C:\xampp\htdocs\acbagus\system\Commands\Server\rewrite.php(43): require_once('C:\\xampp\\htdocs...')
#13 {main}
CRITICAL - 2021-12-02 21:54:30 --> Anda tidak memiliki izin yang memadai untuk mengakses halaman itu.
#0 C:\xampp\htdocs\acbagus\system\Filters\Filters.php(173): Myth\Auth\Filters\RoleFilter->before(Object(CodeIgniter\HTTP\IncomingRequest), Array)
#1 C:\xampp\htdocs\acbagus\system\CodeIgniter.php(384): CodeIgniter\Filters\Filters->run('teknisi', 'before')
#2 C:\xampp\htdocs\acbagus\system\CodeIgniter.php(318): CodeIgniter\CodeIgniter->handleRequest(NULL, Object(Config\Cache), false)
#3 C:\xampp\htdocs\acbagus\public\index.php(37): CodeIgniter\CodeIgniter->run()
#4 C:\xampp\htdocs\acbagus\system\Commands\Server\rewrite.php(43): require_once('C:\\xampp\\htdocs...')
#5 {main}
CRITICAL - 2021-12-02 21:58:39 --> Anda tidak memiliki izin yang memadai untuk mengakses halaman itu.
#0 C:\xampp\htdocs\acbagus\system\Filters\Filters.php(173): Myth\Auth\Filters\RoleFilter->before(Object(CodeIgniter\HTTP\IncomingRequest), Array)
#1 C:\xampp\htdocs\acbagus\system\CodeIgniter.php(384): CodeIgniter\Filters\Filters->run('teknisi', 'before')
#2 C:\xampp\htdocs\acbagus\system\CodeIgniter.php(318): CodeIgniter\CodeIgniter->handleRequest(NULL, Object(Config\Cache), false)
#3 C:\xampp\htdocs\acbagus\public\index.php(37): CodeIgniter\CodeIgniter->run()
#4 C:\xampp\htdocs\acbagus\system\Commands\Server\rewrite.php(43): require_once('C:\\xampp\\htdocs...')
#5 {main}
ERROR - 2021-12-02 22:12:48 --> Incorrect table definition; there can be only one auto column and it must be defined as a key
CRITICAL - 2021-12-02 22:18:52 --> Anda tidak memiliki izin yang memadai untuk mengakses halaman itu.
#0 C:\xampp\htdocs\acbagus\system\Filters\Filters.php(173): Myth\Auth\Filters\RoleFilter->before(Object(CodeIgniter\HTTP\IncomingRequest), Array)
#1 C:\xampp\htdocs\acbagus\system\CodeIgniter.php(384): CodeIgniter\Filters\Filters->run('dashboard', 'before')
#2 C:\xampp\htdocs\acbagus\system\CodeIgniter.php(318): CodeIgniter\CodeIgniter->handleRequest(NULL, Object(Config\Cache), false)
#3 C:\xampp\htdocs\acbagus\public\index.php(37): CodeIgniter\CodeIgniter->run()
#4 C:\xampp\htdocs\acbagus\system\Commands\Server\rewrite.php(43): require_once('C:\\xampp\\htdocs...')
#5 {main}
CRITICAL - 2021-12-02 22:18:52 --> Anda tidak memiliki izin yang memadai untuk mengakses halaman itu.
#0 C:\xampp\htdocs\acbagus\system\Filters\Filters.php(173): Myth\Auth\Filters\RoleFilter->before(Object(CodeIgniter\HTTP\IncomingRequest), Array)
#1 C:\xampp\htdocs\acbagus\system\CodeIgniter.php(384): CodeIgniter\Filters\Filters->run('dashboard', 'before')
#2 C:\xampp\htdocs\acbagus\system\CodeIgniter.php(318): CodeIgniter\CodeIgniter->handleRequest(NULL, Object(Config\Cache), false)
#3 C:\xampp\htdocs\acbagus\public\index.php(37): CodeIgniter\CodeIgniter->run()
#4 C:\xampp\htdocs\acbagus\system\Commands\Server\rewrite.php(43): require_once('C:\\xampp\\htdocs...')
#5 {main}
