CRITICAL - 2021-12-08 00:15:45 --> Call to undefined function form_open()
#0 C:\xampp\htdocs\acbagus\system\View\View.php(214): include()
#1 C:\xampp\htdocs\acbagus\system\View\View.php(217): CodeIgniter\View\View->CodeIgniter\View\{closure}()
#2 C:\xampp\htdocs\acbagus\system\Common.php(1097): CodeIgniter\View\View->render('user/booking', Array, true)
#3 C:\xampp\htdocs\acbagus\app\Controllers\User.php(50): view('user/booking')
#4 C:\xampp\htdocs\acbagus\system\CodeIgniter.php(824): App\Controllers\User->booking()
#5 C:\xampp\htdocs\acbagus\system\CodeIgniter.php(410): CodeIgniter\CodeIgniter->runController(Object(App\Controllers\User))
#6 C:\xampp\htdocs\acbagus\system\CodeIgniter.php(318): CodeIgniter\CodeIgniter->handleRequest(NULL, Object(Config\Cache), false)
#7 C:\xampp\htdocs\acbagus\public\index.php(37): CodeIgniter\CodeIgniter->run()
#8 C:\xampp\htdocs\acbagus\system\Commands\Server\rewrite.php(43): require_once('C:\\xampp\\htdocs...')
#9 {main}
CRITICAL - 2021-12-08 00:16:27 --> Call to undefined function form_open()
#0 C:\xampp\htdocs\acbagus\system\View\View.php(214): include()
#1 C:\xampp\htdocs\acbagus\system\View\View.php(217): CodeIgniter\View\View->CodeIgniter\View\{closure}()
#2 C:\xampp\htdocs\acbagus\system\Common.php(1097): CodeIgniter\View\View->render('user/booking', Array, true)
#3 C:\xampp\htdocs\acbagus\app\Controllers\User.php(50): view('user/booking')
#4 C:\xampp\htdocs\acbagus\system\CodeIgniter.php(824): App\Controllers\User->booking()
#5 C:\xampp\htdocs\acbagus\system\CodeIgniter.php(410): CodeIgniter\CodeIgniter->runController(Object(App\Controllers\User))
#6 C:\xampp\htdocs\acbagus\system\CodeIgniter.php(318): CodeIgniter\CodeIgniter->handleRequest(NULL, Object(Config\Cache), false)
#7 C:\xampp\htdocs\acbagus\public\index.php(37): CodeIgniter\CodeIgniter->run()
#8 C:\xampp\htdocs\acbagus\system\Commands\Server\rewrite.php(43): require_once('C:\\xampp\\htdocs...')
#9 {main}
CRITICAL - 2021-12-08 00:16:40 --> Call to undefined function form_open()
#0 C:\xampp\htdocs\acbagus\system\View\View.php(214): include()
#1 C:\xampp\htdocs\acbagus\system\View\View.php(217): CodeIgniter\View\View->CodeIgniter\View\{closure}()
#2 C:\xampp\htdocs\acbagus\system\Common.php(1097): CodeIgniter\View\View->render('user/booking', Array, true)
#3 C:\xampp\htdocs\acbagus\app\Controllers\User.php(50): view('user/booking')
#4 C:\xampp\htdocs\acbagus\system\CodeIgniter.php(824): App\Controllers\User->booking()
#5 C:\xampp\htdocs\acbagus\system\CodeIgniter.php(410): CodeIgniter\CodeIgniter->runController(Object(App\Controllers\User))
#6 C:\xampp\htdocs\acbagus\system\CodeIgniter.php(318): CodeIgniter\CodeIgniter->handleRequest(NULL, Object(Config\Cache), false)
#7 C:\xampp\htdocs\acbagus\public\index.php(37): CodeIgniter\CodeIgniter->run()
#8 C:\xampp\htdocs\acbagus\system\Commands\Server\rewrite.php(43): require_once('C:\\xampp\\htdocs...')
#9 {main}
CRITICAL - 2021-12-08 00:16:52 --> Call to undefined function form_open()
#0 C:\xampp\htdocs\acbagus\system\View\View.php(214): include()
#1 C:\xampp\htdocs\acbagus\system\View\View.php(217): CodeIgniter\View\View->CodeIgniter\View\{closure}()
#2 C:\xampp\htdocs\acbagus\system\Common.php(1097): CodeIgniter\View\View->render('user/booking', Array, true)
#3 C:\xampp\htdocs\acbagus\app\Controllers\User.php(50): view('user/booking')
#4 C:\xampp\htdocs\acbagus\system\CodeIgniter.php(824): App\Controllers\User->booking()
#5 C:\xampp\htdocs\acbagus\system\CodeIgniter.php(410): CodeIgniter\CodeIgniter->runController(Object(App\Controllers\User))
#6 C:\xampp\htdocs\acbagus\system\CodeIgniter.php(318): CodeIgniter\CodeIgniter->handleRequest(NULL, Object(Config\Cache), false)
#7 C:\xampp\htdocs\acbagus\public\index.php(37): CodeIgniter\CodeIgniter->run()
#8 C:\xampp\htdocs\acbagus\system\Commands\Server\rewrite.php(43): require_once('C:\\xampp\\htdocs...')
#9 {main}
CRITICAL - 2021-12-08 00:53:48 --> Undefined variable: validation
#0 C:\xampp\htdocs\acbagus\app\Views\user\booking.php(16): CodeIgniter\Debug\Exceptions->errorHandler(8, 'Undefined varia...', 'C:\\xampp\\htdocs...', 16, Array)
#1 C:\xampp\htdocs\acbagus\system\View\View.php(214): include('C:\\xampp\\htdocs...')
#2 C:\xampp\htdocs\acbagus\system\View\View.php(217): CodeIgniter\View\View->CodeIgniter\View\{closure}()
#3 C:\xampp\htdocs\acbagus\system\Common.php(1097): CodeIgniter\View\View->render('user/booking', Array, true)
#4 C:\xampp\htdocs\acbagus\app\Controllers\User.php(50): view('user/booking')
#5 C:\xampp\htdocs\acbagus\system\CodeIgniter.php(824): App\Controllers\User->booking()
#6 C:\xampp\htdocs\acbagus\system\CodeIgniter.php(410): CodeIgniter\CodeIgniter->runController(Object(App\Controllers\User))
#7 C:\xampp\htdocs\acbagus\system\CodeIgniter.php(318): CodeIgniter\CodeIgniter->handleRequest(NULL, Object(Config\Cache), false)
#8 C:\xampp\htdocs\acbagus\public\index.php(37): CodeIgniter\CodeIgniter->run()
#9 C:\xampp\htdocs\acbagus\system\Commands\Server\rewrite.php(43): require_once('C:\\xampp\\htdocs...')
#10 {main}
CRITICAL - 2021-12-08 02:09:59 --> Invalid file: index.php
#0 C:\xampp\htdocs\acbagus\system\View\View.php(198): CodeIgniter\Exceptions\FrameworkException::forInvalidFile('index.php')
#1 C:\xampp\htdocs\acbagus\system\Common.php(1097): CodeIgniter\View\View->render('index', Array, true)
#2 C:\xampp\htdocs\acbagus\app\Controllers\Home.php(9): view('index')
#3 C:\xampp\htdocs\acbagus\system\CodeIgniter.php(824): App\Controllers\Home->index()
#4 C:\xampp\htdocs\acbagus\system\CodeIgniter.php(410): CodeIgniter\CodeIgniter->runController(Object(App\Controllers\Home))
#5 C:\xampp\htdocs\acbagus\system\CodeIgniter.php(318): CodeIgniter\CodeIgniter->handleRequest(NULL, Object(Config\Cache), false)
#6 C:\xampp\htdocs\acbagus\public\index.php(37): CodeIgniter\CodeIgniter->run()
#7 C:\xampp\htdocs\acbagus\system\Commands\Server\rewrite.php(43): require_once('C:\\xampp\\htdocs...')
#8 {main}
CRITICAL - 2021-12-08 03:15:47 --> Call to a member function where() on array
#0 C:\xampp\htdocs\acbagus\system\CodeIgniter.php(824): App\Controllers\Activity->index()
#1 C:\xampp\htdocs\acbagus\system\CodeIgniter.php(410): CodeIgniter\CodeIgniter->runController(Object(App\Controllers\Activity))
#2 C:\xampp\htdocs\acbagus\system\CodeIgniter.php(318): CodeIgniter\CodeIgniter->handleRequest(NULL, Object(Config\Cache), false)
#3 C:\xampp\htdocs\acbagus\public\index.php(37): CodeIgniter\CodeIgniter->run()
#4 C:\xampp\htdocs\acbagus\system\Commands\Server\rewrite.php(43): require_once('C:\\xampp\\htdocs...')
#5 {main}
CRITICAL - 2021-12-08 03:16:38 --> Call to a member function where() on array
#0 C:\xampp\htdocs\acbagus\system\CodeIgniter.php(824): App\Controllers\Activity->index()
#1 C:\xampp\htdocs\acbagus\system\CodeIgniter.php(410): CodeIgniter\CodeIgniter->runController(Object(App\Controllers\Activity))
#2 C:\xampp\htdocs\acbagus\system\CodeIgniter.php(318): CodeIgniter\CodeIgniter->handleRequest(NULL, Object(Config\Cache), false)
#3 C:\xampp\htdocs\acbagus\public\index.php(37): CodeIgniter\CodeIgniter->run()
#4 C:\xampp\htdocs\acbagus\system\Commands\Server\rewrite.php(43): require_once('C:\\xampp\\htdocs...')
#5 {main}
CRITICAL - 2021-12-08 03:16:40 --> Call to a member function where() on array
#0 C:\xampp\htdocs\acbagus\system\CodeIgniter.php(824): App\Controllers\Activity->index()
#1 C:\xampp\htdocs\acbagus\system\CodeIgniter.php(410): CodeIgniter\CodeIgniter->runController(Object(App\Controllers\Activity))
#2 C:\xampp\htdocs\acbagus\system\CodeIgniter.php(318): CodeIgniter\CodeIgniter->handleRequest(NULL, Object(Config\Cache), false)
#3 C:\xampp\htdocs\acbagus\public\index.php(37): CodeIgniter\CodeIgniter->run()
#4 C:\xampp\htdocs\acbagus\system\Commands\Server\rewrite.php(43): require_once('C:\\xampp\\htdocs...')
#5 {main}
ERROR - 2021-12-08 03:24:03 --> Unknown column 'tegar' in 'where clause'
CRITICAL - 2021-12-08 03:24:03 --> Unknown column 'tegar' in 'where clause'
#0 C:\xampp\htdocs\acbagus\system\Database\MySQLi\Connection.php(292): mysqli->query('SELECT *\nFROM `...', 0)
#1 C:\xampp\htdocs\acbagus\system\Database\BaseConnection.php(670): CodeIgniter\Database\MySQLi\Connection->execute('SELECT *\nFROM `...')
#2 C:\xampp\htdocs\acbagus\system\Database\BaseConnection.php(598): CodeIgniter\Database\BaseConnection->simpleQuery('SELECT *\nFROM `...')
#3 C:\xampp\htdocs\acbagus\system\Database\BaseBuilder.php(1443): CodeIgniter\Database\BaseConnection->query('SELECT *\nFROM `...', Array, false)
#4 C:\xampp\htdocs\acbagus\app\Models\SalesModel.php(16): CodeIgniter\Database\BaseBuilder->get()
#5 C:\xampp\htdocs\acbagus\app\Controllers\Activity.php(18): App\Models\SalesModel->getViewActivity()
#6 C:\xampp\htdocs\acbagus\system\CodeIgniter.php(824): App\Controllers\Activity->index()
#7 C:\xampp\htdocs\acbagus\system\CodeIgniter.php(410): CodeIgniter\CodeIgniter->runController(Object(App\Controllers\Activity))
#8 C:\xampp\htdocs\acbagus\system\CodeIgniter.php(318): CodeIgniter\CodeIgniter->handleRequest(NULL, Object(Config\Cache), false)
#9 C:\xampp\htdocs\acbagus\public\index.php(37): CodeIgniter\CodeIgniter->run()
#10 C:\xampp\htdocs\acbagus\system\Commands\Server\rewrite.php(43): require_once('C:\\xampp\\htdocs...')
#11 {main}
CRITICAL - 2021-12-08 03:33:46 --> Undefined variable: Sale
#0 C:\xampp\htdocs\acbagus\app\Views\user\activity.php(50): CodeIgniter\Debug\Exceptions->errorHandler(8, 'Undefined varia...', 'C:\\xampp\\htdocs...', 50, Array)
#1 C:\xampp\htdocs\acbagus\system\View\View.php(214): include('C:\\xampp\\htdocs...')
#2 C:\xampp\htdocs\acbagus\system\View\View.php(217): CodeIgniter\View\View->CodeIgniter\View\{closure}()
#3 C:\xampp\htdocs\acbagus\system\Common.php(1097): CodeIgniter\View\View->render('user/activity', Array, true)
#4 C:\xampp\htdocs\acbagus\app\Controllers\Activity.php(23): view('user/activity', Array)
#5 C:\xampp\htdocs\acbagus\system\CodeIgniter.php(824): App\Controllers\Activity->index()
#6 C:\xampp\htdocs\acbagus\system\CodeIgniter.php(410): CodeIgniter\CodeIgniter->runController(Object(App\Controllers\Activity))
#7 C:\xampp\htdocs\acbagus\system\CodeIgniter.php(318): CodeIgniter\CodeIgniter->handleRequest(NULL, Object(Config\Cache), false)
#8 C:\xampp\htdocs\acbagus\public\index.php(37): CodeIgniter\CodeIgniter->run()
#9 C:\xampp\htdocs\acbagus\system\Commands\Server\rewrite.php(43): require_once('C:\\xampp\\htdocs...')
#10 {main}
CRITICAL - 2021-12-08 03:34:17 --> Undefined variable: status_pay
#0 C:\xampp\htdocs\acbagus\app\Views\user\activity.php(60): CodeIgniter\Debug\Exceptions->errorHandler(8, 'Undefined varia...', 'C:\\xampp\\htdocs...', 60, Array)
#1 C:\xampp\htdocs\acbagus\system\View\View.php(214): include('C:\\xampp\\htdocs...')
#2 C:\xampp\htdocs\acbagus\system\View\View.php(217): CodeIgniter\View\View->CodeIgniter\View\{closure}()
#3 C:\xampp\htdocs\acbagus\system\Common.php(1097): CodeIgniter\View\View->render('user/activity', Array, true)
#4 C:\xampp\htdocs\acbagus\app\Controllers\Activity.php(23): view('user/activity', Array)
#5 C:\xampp\htdocs\acbagus\system\CodeIgniter.php(824): App\Controllers\Activity->index()
#6 C:\xampp\htdocs\acbagus\system\CodeIgniter.php(410): CodeIgniter\CodeIgniter->runController(Object(App\Controllers\Activity))
#7 C:\xampp\htdocs\acbagus\system\CodeIgniter.php(318): CodeIgniter\CodeIgniter->handleRequest(NULL, Object(Config\Cache), false)
#8 C:\xampp\htdocs\acbagus\public\index.php(37): CodeIgniter\CodeIgniter->run()
#9 C:\xampp\htdocs\acbagus\system\Commands\Server\rewrite.php(43): require_once('C:\\xampp\\htdocs...')
#10 {main}
CRITICAL - 2021-12-08 03:46:45 --> Call to undefined function rupiah()
#0 C:\xampp\htdocs\acbagus\system\View\View.php(214): include()
#1 C:\xampp\htdocs\acbagus\system\View\View.php(217): CodeIgniter\View\View->CodeIgniter\View\{closure}()
#2 C:\xampp\htdocs\acbagus\system\Common.php(1097): CodeIgniter\View\View->render('user/activity', Array, true)
#3 C:\xampp\htdocs\acbagus\app\Controllers\Activity.php(23): view('user/activity', Array)
#4 C:\xampp\htdocs\acbagus\system\CodeIgniter.php(824): App\Controllers\Activity->index()
#5 C:\xampp\htdocs\acbagus\system\CodeIgniter.php(410): CodeIgniter\CodeIgniter->runController(Object(App\Controllers\Activity))
#6 C:\xampp\htdocs\acbagus\system\CodeIgniter.php(318): CodeIgniter\CodeIgniter->handleRequest(NULL, Object(Config\Cache), false)
#7 C:\xampp\htdocs\acbagus\public\index.php(37): CodeIgniter\CodeIgniter->run()
#8 C:\xampp\htdocs\acbagus\system\Commands\Server\rewrite.php(43): require_once('C:\\xampp\\htdocs...')
#9 {main}
CRITICAL - 2021-12-08 03:47:06 --> Call to undefined function rupiah()
#0 C:\xampp\htdocs\acbagus\system\View\View.php(214): include()
#1 C:\xampp\htdocs\acbagus\system\View\View.php(217): CodeIgniter\View\View->CodeIgniter\View\{closure}()
#2 C:\xampp\htdocs\acbagus\system\Common.php(1097): CodeIgniter\View\View->render('user/activity', Array, true)
#3 C:\xampp\htdocs\acbagus\app\Controllers\Activity.php(23): view('user/activity', Array)
#4 C:\xampp\htdocs\acbagus\system\CodeIgniter.php(824): App\Controllers\Activity->index()
#5 C:\xampp\htdocs\acbagus\system\CodeIgniter.php(410): CodeIgniter\CodeIgniter->runController(Object(App\Controllers\Activity))
#6 C:\xampp\htdocs\acbagus\system\CodeIgniter.php(318): CodeIgniter\CodeIgniter->handleRequest(NULL, Object(Config\Cache), false)
#7 C:\xampp\htdocs\acbagus\public\index.php(37): CodeIgniter\CodeIgniter->run()
#8 C:\xampp\htdocs\acbagus\system\Commands\Server\rewrite.php(43): require_once('C:\\xampp\\htdocs...')
#9 {main}
CRITICAL - 2021-12-08 03:51:32 --> Invalid file: index.php
#0 C:\xampp\htdocs\acbagus\system\View\View.php(198): CodeIgniter\Exceptions\FrameworkException::forInvalidFile('index.php')
#1 C:\xampp\htdocs\acbagus\system\Common.php(1097): CodeIgniter\View\View->render('index', Array, true)
#2 C:\xampp\htdocs\acbagus\app\Controllers\Home.php(9): view('index')
#3 C:\xampp\htdocs\acbagus\system\CodeIgniter.php(824): App\Controllers\Home->index()
#4 C:\xampp\htdocs\acbagus\system\CodeIgniter.php(410): CodeIgniter\CodeIgniter->runController(Object(App\Controllers\Home))
#5 C:\xampp\htdocs\acbagus\system\CodeIgniter.php(318): CodeIgniter\CodeIgniter->handleRequest(NULL, Object(Config\Cache), false)
#6 C:\xampp\htdocs\acbagus\public\index.php(37): CodeIgniter\CodeIgniter->run()
#7 C:\xampp\htdocs\acbagus\system\Commands\Server\rewrite.php(43): require_once('C:\\xampp\\htdocs...')
#8 {main}
CRITICAL - 2021-12-08 03:52:28 --> Call to undefined function rupiah()
#0 C:\xampp\htdocs\acbagus\system\View\View.php(214): include()
#1 C:\xampp\htdocs\acbagus\system\View\View.php(217): CodeIgniter\View\View->CodeIgniter\View\{closure}()
#2 C:\xampp\htdocs\acbagus\system\Common.php(1097): CodeIgniter\View\View->render('user/activity', Array, true)
#3 C:\xampp\htdocs\acbagus\app\Controllers\Activity.php(23): view('user/activity', Array)
#4 C:\xampp\htdocs\acbagus\system\CodeIgniter.php(824): App\Controllers\Activity->index()
#5 C:\xampp\htdocs\acbagus\system\CodeIgniter.php(410): CodeIgniter\CodeIgniter->runController(Object(App\Controllers\Activity))
#6 C:\xampp\htdocs\acbagus\system\CodeIgniter.php(318): CodeIgniter\CodeIgniter->handleRequest(NULL, Object(Config\Cache), false)
#7 C:\xampp\htdocs\acbagus\public\index.php(37): CodeIgniter\CodeIgniter->run()
#8 C:\xampp\htdocs\acbagus\system\Commands\Server\rewrite.php(43): require_once('C:\\xampp\\htdocs...')
#9 {main}
CRITICAL - 2021-12-08 03:52:31 --> Call to undefined function rupiah()
#0 C:\xampp\htdocs\acbagus\system\View\View.php(214): include()
#1 C:\xampp\htdocs\acbagus\system\View\View.php(217): CodeIgniter\View\View->CodeIgniter\View\{closure}()
#2 C:\xampp\htdocs\acbagus\system\Common.php(1097): CodeIgniter\View\View->render('user/activity', Array, true)
#3 C:\xampp\htdocs\acbagus\app\Controllers\Activity.php(23): view('user/activity', Array)
#4 C:\xampp\htdocs\acbagus\system\CodeIgniter.php(824): App\Controllers\Activity->index()
#5 C:\xampp\htdocs\acbagus\system\CodeIgniter.php(410): CodeIgniter\CodeIgniter->runController(Object(App\Controllers\Activity))
#6 C:\xampp\htdocs\acbagus\system\CodeIgniter.php(318): CodeIgniter\CodeIgniter->handleRequest(NULL, Object(Config\Cache), false)
#7 C:\xampp\htdocs\acbagus\public\index.php(37): CodeIgniter\CodeIgniter->run()
#8 C:\xampp\htdocs\acbagus\system\Commands\Server\rewrite.php(43): require_once('C:\\xampp\\htdocs...')
#9 {main}
CRITICAL - 2021-12-08 03:52:52 --> Call to undefined function rupiah()
#0 C:\xampp\htdocs\acbagus\system\View\View.php(214): include()
#1 C:\xampp\htdocs\acbagus\system\View\View.php(217): CodeIgniter\View\View->CodeIgniter\View\{closure}()
#2 C:\xampp\htdocs\acbagus\system\Common.php(1097): CodeIgniter\View\View->render('user/activity', Array, true)
#3 C:\xampp\htdocs\acbagus\app\Controllers\Activity.php(23): view('user/activity', Array)
#4 C:\xampp\htdocs\acbagus\system\CodeIgniter.php(824): App\Controllers\Activity->index()
#5 C:\xampp\htdocs\acbagus\system\CodeIgniter.php(410): CodeIgniter\CodeIgniter->runController(Object(App\Controllers\Activity))
#6 C:\xampp\htdocs\acbagus\system\CodeIgniter.php(318): CodeIgniter\CodeIgniter->handleRequest(NULL, Object(Config\Cache), false)
#7 C:\xampp\htdocs\acbagus\public\index.php(37): CodeIgniter\CodeIgniter->run()
#8 C:\xampp\htdocs\acbagus\system\Commands\Server\rewrite.php(43): require_once('C:\\xampp\\htdocs...')
#9 {main}
CRITICAL - 2021-12-08 03:53:18 --> Call to undefined function rupiah()
#0 C:\xampp\htdocs\acbagus\system\View\View.php(214): include()
#1 C:\xampp\htdocs\acbagus\system\View\View.php(217): CodeIgniter\View\View->CodeIgniter\View\{closure}()
#2 C:\xampp\htdocs\acbagus\system\Common.php(1097): CodeIgniter\View\View->render('user/activity', Array, true)
#3 C:\xampp\htdocs\acbagus\app\Controllers\Activity.php(23): view('user/activity', Array)
#4 C:\xampp\htdocs\acbagus\system\CodeIgniter.php(824): App\Controllers\Activity->index()
#5 C:\xampp\htdocs\acbagus\system\CodeIgniter.php(410): CodeIgniter\CodeIgniter->runController(Object(App\Controllers\Activity))
#6 C:\xampp\htdocs\acbagus\system\CodeIgniter.php(318): CodeIgniter\CodeIgniter->handleRequest(NULL, Object(Config\Cache), false)
#7 C:\xampp\htdocs\acbagus\public\index.php(37): CodeIgniter\CodeIgniter->run()
#8 C:\xampp\htdocs\acbagus\system\Commands\Server\rewrite.php(43): require_once('C:\\xampp\\htdocs...')
#9 {main}
CRITICAL - 2021-12-08 08:54:20 --> Cannot use object of type stdClass as array
#0 C:\xampp\htdocs\acbagus\system\View\View.php(214): include()
#1 C:\xampp\htdocs\acbagus\system\View\View.php(217): CodeIgniter\View\View->CodeIgniter\View\{closure}()
#2 C:\xampp\htdocs\acbagus\system\View\View.php(432): CodeIgniter\View\View->render('user/modal/moda...', NULL, true)
#3 C:\xampp\htdocs\acbagus\app\Views\user\activity.php(111): CodeIgniter\View\View->include('user/modal/moda...')
#4 C:\xampp\htdocs\acbagus\system\View\View.php(214): include('C:\\xampp\\htdocs...')
#5 C:\xampp\htdocs\acbagus\system\View\View.php(217): CodeIgniter\View\View->CodeIgniter\View\{closure}()
#6 C:\xampp\htdocs\acbagus\system\Common.php(1097): CodeIgniter\View\View->render('user/activity', Array, true)
#7 C:\xampp\htdocs\acbagus\app\Controllers\Activity.php(23): view('user/activity', Array)
#8 C:\xampp\htdocs\acbagus\system\CodeIgniter.php(824): App\Controllers\Activity->index()
#9 C:\xampp\htdocs\acbagus\system\CodeIgniter.php(410): CodeIgniter\CodeIgniter->runController(Object(App\Controllers\Activity))
#10 C:\xampp\htdocs\acbagus\system\CodeIgniter.php(318): CodeIgniter\CodeIgniter->handleRequest(NULL, Object(Config\Cache), false)
#11 C:\xampp\htdocs\acbagus\public\index.php(37): CodeIgniter\CodeIgniter->run()
#12 C:\xampp\htdocs\acbagus\system\Commands\Server\rewrite.php(43): require_once('C:\\xampp\\htdocs...')
#13 {main}
CRITICAL - 2021-12-08 08:59:33 --> Trying to access array offset on value of type null
#0 C:\xampp\htdocs\acbagus\app\Views\admin\admin_user\details.php(23): CodeIgniter\Debug\Exceptions->errorHandler(8, 'Trying to acces...', 'C:\\xampp\\htdocs...', 23, Array)
#1 C:\xampp\htdocs\acbagus\system\View\View.php(214): include('C:\\xampp\\htdocs...')
#2 C:\xampp\htdocs\acbagus\system\View\View.php(217): CodeIgniter\View\View->CodeIgniter\View\{closure}()
#3 C:\xampp\htdocs\acbagus\system\Common.php(1097): CodeIgniter\View\View->render('admin/admin_use...', Array, true)
#4 C:\xampp\htdocs\acbagus\app\Controllers\Admin.php(155): view('admin/admin_use...', Array)
#5 C:\xampp\htdocs\acbagus\system\CodeIgniter.php(824): App\Controllers\Admin->details('assets', 'img', 'messages-1.jpg')
#6 C:\xampp\htdocs\acbagus\system\CodeIgniter.php(410): CodeIgniter\CodeIgniter->runController(Object(App\Controllers\Admin))
#7 C:\xampp\htdocs\acbagus\system\CodeIgniter.php(318): CodeIgniter\CodeIgniter->handleRequest(NULL, Object(Config\Cache), false)
#8 C:\xampp\htdocs\acbagus\public\index.php(37): CodeIgniter\CodeIgniter->run()
#9 C:\xampp\htdocs\acbagus\system\Commands\Server\rewrite.php(43): require_once('C:\\xampp\\htdocs...')
#10 {main}
CRITICAL - 2021-12-08 08:59:33 --> Trying to access array offset on value of type null
#0 C:\xampp\htdocs\acbagus\app\Views\admin\admin_user\details.php(23): CodeIgniter\Debug\Exceptions->errorHandler(8, 'Trying to acces...', 'C:\\xampp\\htdocs...', 23, Array)
#1 C:\xampp\htdocs\acbagus\system\View\View.php(214): include('C:\\xampp\\htdocs...')
#2 C:\xampp\htdocs\acbagus\system\View\View.php(217): CodeIgniter\View\View->CodeIgniter\View\{closure}()
#3 C:\xampp\htdocs\acbagus\system\Common.php(1097): CodeIgniter\View\View->render('admin/admin_use...', Array, true)
#4 C:\xampp\htdocs\acbagus\app\Controllers\Admin.php(155): view('admin/admin_use...', Array)
#5 C:\xampp\htdocs\acbagus\system\CodeIgniter.php(824): App\Controllers\Admin->details('assets', 'img', 'messages-2.jpg')
#6 C:\xampp\htdocs\acbagus\system\CodeIgniter.php(410): CodeIgniter\CodeIgniter->runController(Object(App\Controllers\Admin))
#7 C:\xampp\htdocs\acbagus\system\CodeIgniter.php(318): CodeIgniter\CodeIgniter->handleRequest(NULL, Object(Config\Cache), false)
#8 C:\xampp\htdocs\acbagus\public\index.php(37): CodeIgniter\CodeIgniter->run()
#9 C:\xampp\htdocs\acbagus\system\Commands\Server\rewrite.php(43): require_once('C:\\xampp\\htdocs...')
#10 {main}
CRITICAL - 2021-12-08 08:59:34 --> Trying to access array offset on value of type null
#0 C:\xampp\htdocs\acbagus\app\Views\admin\admin_user\details.php(23): CodeIgniter\Debug\Exceptions->errorHandler(8, 'Trying to acces...', 'C:\\xampp\\htdocs...', 23, Array)
#1 C:\xampp\htdocs\acbagus\system\View\View.php(214): include('C:\\xampp\\htdocs...')
#2 C:\xampp\htdocs\acbagus\system\View\View.php(217): CodeIgniter\View\View->CodeIgniter\View\{closure}()
#3 C:\xampp\htdocs\acbagus\system\Common.php(1097): CodeIgniter\View\View->render('admin/admin_use...', Array, true)
#4 C:\xampp\htdocs\acbagus\app\Controllers\Admin.php(155): view('admin/admin_use...', Array)
#5 C:\xampp\htdocs\acbagus\system\CodeIgniter.php(824): App\Controllers\Admin->details('assets', 'img', 'messages-3.jpg')
#6 C:\xampp\htdocs\acbagus\system\CodeIgniter.php(410): CodeIgniter\CodeIgniter->runController(Object(App\Controllers\Admin))
#7 C:\xampp\htdocs\acbagus\system\CodeIgniter.php(318): CodeIgniter\CodeIgniter->handleRequest(NULL, Object(Config\Cache), false)
#8 C:\xampp\htdocs\acbagus\public\index.php(37): CodeIgniter\CodeIgniter->run()
#9 C:\xampp\htdocs\acbagus\system\Commands\Server\rewrite.php(43): require_once('C:\\xampp\\htdocs...')
#10 {main}
CRITICAL - 2021-12-08 09:25:52 --> Invalid file: index.php
#0 C:\xampp\htdocs\acbagus\system\View\View.php(198): CodeIgniter\Exceptions\FrameworkException::forInvalidFile('index.php')
#1 C:\xampp\htdocs\acbagus\system\Common.php(1097): CodeIgniter\View\View->render('index', Array, true)
#2 C:\xampp\htdocs\acbagus\app\Controllers\Home.php(9): view('index')
#3 C:\xampp\htdocs\acbagus\system\CodeIgniter.php(824): App\Controllers\Home->index()
#4 C:\xampp\htdocs\acbagus\system\CodeIgniter.php(410): CodeIgniter\CodeIgniter->runController(Object(App\Controllers\Home))
#5 C:\xampp\htdocs\acbagus\system\CodeIgniter.php(318): CodeIgniter\CodeIgniter->handleRequest(NULL, Object(Config\Cache), false)
#6 C:\xampp\htdocs\acbagus\public\index.php(37): CodeIgniter\CodeIgniter->run()
#7 C:\xampp\htdocs\acbagus\system\Commands\Server\rewrite.php(43): require_once('C:\\xampp\\htdocs...')
#8 {main}
CRITICAL - 2021-12-08 09:26:40 --> Cannot redeclare rupiah() (previously declared in C:\xampp\htdocs\acbagus\app\Views\user\activity.php:32)
#0 [internal function]: CodeIgniter\Debug\Exceptions->shutdownHandler()
#1 {main}
CRITICAL - 2021-12-08 09:27:47 --> Cannot redeclare rupiah() (previously declared in C:\xampp\htdocs\acbagus\app\Views\user\activity.php:32)
#0 [internal function]: CodeIgniter\Debug\Exceptions->shutdownHandler()
#1 {main}
CRITICAL - 2021-12-08 09:27:49 --> Cannot redeclare rupiah() (previously declared in C:\xampp\htdocs\acbagus\app\Views\user\activity.php:32)
#0 [internal function]: CodeIgniter\Debug\Exceptions->shutdownHandler()
#1 {main}
CRITICAL - 2021-12-08 09:28:17 --> Cannot redeclare rupiah() (previously declared in C:\xampp\htdocs\acbagus\app\Views\user\activity.php:32)
#0 [internal function]: CodeIgniter\Debug\Exceptions->shutdownHandler()
#1 {main}
CRITICAL - 2021-12-08 09:43:03 --> Undefined variable: value
#0 C:\xampp\htdocs\acbagus\app\Views\user\print.php(79): CodeIgniter\Debug\Exceptions->errorHandler(8, 'Undefined varia...', 'C:\\xampp\\htdocs...', 79, Array)
#1 C:\xampp\htdocs\acbagus\system\View\View.php(214): include('C:\\xampp\\htdocs...')
#2 C:\xampp\htdocs\acbagus\system\View\View.php(217): CodeIgniter\View\View->CodeIgniter\View\{closure}()
#3 C:\xampp\htdocs\acbagus\system\Common.php(1097): CodeIgniter\View\View->render('user/print', Array, true)
#4 C:\xampp\htdocs\acbagus\app\Controllers\Activity.php(32): view('user/print', Array)
#5 C:\xampp\htdocs\acbagus\system\CodeIgniter.php(824): App\Controllers\Activity->print('3')
#6 C:\xampp\htdocs\acbagus\system\CodeIgniter.php(410): CodeIgniter\CodeIgniter->runController(Object(App\Controllers\Activity))
#7 C:\xampp\htdocs\acbagus\system\CodeIgniter.php(318): CodeIgniter\CodeIgniter->handleRequest(NULL, Object(Config\Cache), false)
#8 C:\xampp\htdocs\acbagus\public\index.php(37): CodeIgniter\CodeIgniter->run()
#9 C:\xampp\htdocs\acbagus\system\Commands\Server\rewrite.php(43): require_once('C:\\xampp\\htdocs...')
#10 {main}
CRITICAL - 2021-12-08 09:43:41 --> Undefined variable: value
#0 C:\xampp\htdocs\acbagus\app\Views\user\print.php(79): CodeIgniter\Debug\Exceptions->errorHandler(8, 'Undefined varia...', 'C:\\xampp\\htdocs...', 79, Array)
#1 C:\xampp\htdocs\acbagus\system\View\View.php(214): include('C:\\xampp\\htdocs...')
#2 C:\xampp\htdocs\acbagus\system\View\View.php(217): CodeIgniter\View\View->CodeIgniter\View\{closure}()
#3 C:\xampp\htdocs\acbagus\system\Common.php(1097): CodeIgniter\View\View->render('user/print', Array, true)
#4 C:\xampp\htdocs\acbagus\app\Controllers\Activity.php(33): view('user/print', Array)
#5 C:\xampp\htdocs\acbagus\system\CodeIgniter.php(824): App\Controllers\Activity->print('3')
#6 C:\xampp\htdocs\acbagus\system\CodeIgniter.php(410): CodeIgniter\CodeIgniter->runController(Object(App\Controllers\Activity))
#7 C:\xampp\htdocs\acbagus\system\CodeIgniter.php(318): CodeIgniter\CodeIgniter->handleRequest(NULL, Object(Config\Cache), false)
#8 C:\xampp\htdocs\acbagus\public\index.php(37): CodeIgniter\CodeIgniter->run()
#9 C:\xampp\htdocs\acbagus\system\Commands\Server\rewrite.php(43): require_once('C:\\xampp\\htdocs...')
#10 {main}
CRITICAL - 2021-12-08 09:45:31 --> Call to undefined function rupiah()
#0 C:\xampp\htdocs\acbagus\system\View\View.php(214): include()
#1 C:\xampp\htdocs\acbagus\system\View\View.php(217): CodeIgniter\View\View->CodeIgniter\View\{closure}()
#2 C:\xampp\htdocs\acbagus\system\Common.php(1097): CodeIgniter\View\View->render('user/print', Array, true)
#3 C:\xampp\htdocs\acbagus\app\Controllers\Activity.php(33): view('user/print', Array)
#4 C:\xampp\htdocs\acbagus\system\CodeIgniter.php(824): App\Controllers\Activity->print('3')
#5 C:\xampp\htdocs\acbagus\system\CodeIgniter.php(410): CodeIgniter\CodeIgniter->runController(Object(App\Controllers\Activity))
#6 C:\xampp\htdocs\acbagus\system\CodeIgniter.php(318): CodeIgniter\CodeIgniter->handleRequest(NULL, Object(Config\Cache), false)
#7 C:\xampp\htdocs\acbagus\public\index.php(37): CodeIgniter\CodeIgniter->run()
#8 C:\xampp\htdocs\acbagus\system\Commands\Server\rewrite.php(43): require_once('C:\\xampp\\htdocs...')
#9 {main}
CRITICAL - 2021-12-08 09:46:13 --> Cannot redeclare rupiah() (previously declared in C:\xampp\htdocs\acbagus\app\Views\user\print.php:75)
#0 [internal function]: CodeIgniter\Debug\Exceptions->shutdownHandler()
#1 {main}
CRITICAL - 2021-12-08 09:46:46 --> Cannot redeclare rupiah() (previously declared in C:\xampp\htdocs\acbagus\app\Views\user\print.php:75)
#0 [internal function]: CodeIgniter\Debug\Exceptions->shutdownHandler()
#1 {main}
CRITICAL - 2021-12-08 09:46:54 --> Cannot redeclare rupiah() (previously declared in C:\xampp\htdocs\acbagus\app\Views\user\print.php:75)
#0 [internal function]: CodeIgniter\Debug\Exceptions->shutdownHandler()
#1 {main}
CRITICAL - 2021-12-08 09:47:06 --> Cannot redeclare rupiah() (previously declared in C:\xampp\htdocs\acbagus\app\Views\user\print.php:75)
#0 [internal function]: CodeIgniter\Debug\Exceptions->shutdownHandler()
#1 {main}
CRITICAL - 2021-12-08 09:47:41 --> Cannot redeclare Rupiah() (previously declared in C:\xampp\htdocs\acbagus\app\Views\user\print.php:75)
#0 [internal function]: CodeIgniter\Debug\Exceptions->shutdownHandler()
#1 {main}
CRITICAL - 2021-12-08 11:18:56 --> Undefined variable: value
#0 C:\xampp\htdocs\acbagus\app\Views\user\print.php(426): CodeIgniter\Debug\Exceptions->errorHandler(8, 'Undefined varia...', 'C:\\xampp\\htdocs...', 426, Array)
#1 C:\xampp\htdocs\acbagus\system\View\View.php(214): include('C:\\xampp\\htdocs...')
#2 C:\xampp\htdocs\acbagus\system\View\View.php(217): CodeIgniter\View\View->CodeIgniter\View\{closure}()
#3 C:\xampp\htdocs\acbagus\system\Common.php(1097): CodeIgniter\View\View->render('user/print', Array, true)
#4 C:\xampp\htdocs\acbagus\app\Controllers\Activity.php(33): view('user/print', Array)
#5 C:\xampp\htdocs\acbagus\system\CodeIgniter.php(824): App\Controllers\Activity->print('4')
#6 C:\xampp\htdocs\acbagus\system\CodeIgniter.php(410): CodeIgniter\CodeIgniter->runController(Object(App\Controllers\Activity))
#7 C:\xampp\htdocs\acbagus\system\CodeIgniter.php(318): CodeIgniter\CodeIgniter->handleRequest(NULL, Object(Config\Cache), false)
#8 C:\xampp\htdocs\acbagus\public\index.php(37): CodeIgniter\CodeIgniter->run()
#9 C:\xampp\htdocs\acbagus\system\Commands\Server\rewrite.php(43): require_once('C:\\xampp\\htdocs...')
#10 {main}
CRITICAL - 2021-12-08 12:24:59 --> Call to undefined function rupiah()
#0 C:\xampp\htdocs\acbagus\system\View\View.php(214): include()
#1 C:\xampp\htdocs\acbagus\system\View\View.php(217): CodeIgniter\View\View->CodeIgniter\View\{closure}()
#2 C:\xampp\htdocs\acbagus\system\Common.php(1097): CodeIgniter\View\View->render('admin/sales/cuc...', Array, true)
#3 C:\xampp\htdocs\acbagus\app\Controllers\Sales.php(23): view('admin/sales/cuc...', Array)
#4 C:\xampp\htdocs\acbagus\system\CodeIgniter.php(824): App\Controllers\Sales->cuciac()
#5 C:\xampp\htdocs\acbagus\system\CodeIgniter.php(410): CodeIgniter\CodeIgniter->runController(Object(App\Controllers\Sales))
#6 C:\xampp\htdocs\acbagus\system\CodeIgniter.php(318): CodeIgniter\CodeIgniter->handleRequest(NULL, Object(Config\Cache), false)
#7 C:\xampp\htdocs\acbagus\public\index.php(37): CodeIgniter\CodeIgniter->run()
#8 C:\xampp\htdocs\acbagus\system\Commands\Server\rewrite.php(43): require_once('C:\\xampp\\htdocs...')
#9 {main}
CRITICAL - 2021-12-08 12:26:01 --> Call to undefined function rupiah()
#0 C:\xampp\htdocs\acbagus\system\View\View.php(214): include()
#1 C:\xampp\htdocs\acbagus\system\View\View.php(217): CodeIgniter\View\View->CodeIgniter\View\{closure}()
#2 C:\xampp\htdocs\acbagus\system\Common.php(1097): CodeIgniter\View\View->render('admin/sales/cuc...', Array, true)
#3 C:\xampp\htdocs\acbagus\app\Controllers\Sales.php(23): view('admin/sales/cuc...', Array)
#4 C:\xampp\htdocs\acbagus\system\CodeIgniter.php(824): App\Controllers\Sales->cuciac()
#5 C:\xampp\htdocs\acbagus\system\CodeIgniter.php(410): CodeIgniter\CodeIgniter->runController(Object(App\Controllers\Sales))
#6 C:\xampp\htdocs\acbagus\system\CodeIgniter.php(318): CodeIgniter\CodeIgniter->handleRequest(NULL, Object(Config\Cache), false)
#7 C:\xampp\htdocs\acbagus\public\index.php(37): CodeIgniter\CodeIgniter->run()
#8 C:\xampp\htdocs\acbagus\system\Commands\Server\rewrite.php(43): require_once('C:\\xampp\\htdocs...')
#9 {main}
CRITICAL - 2021-12-08 12:26:03 --> Call to undefined function rupiah()
#0 C:\xampp\htdocs\acbagus\system\View\View.php(214): include()
#1 C:\xampp\htdocs\acbagus\system\View\View.php(217): CodeIgniter\View\View->CodeIgniter\View\{closure}()
#2 C:\xampp\htdocs\acbagus\system\Common.php(1097): CodeIgniter\View\View->render('admin/sales/cuc...', Array, true)
#3 C:\xampp\htdocs\acbagus\app\Controllers\Sales.php(23): view('admin/sales/cuc...', Array)
#4 C:\xampp\htdocs\acbagus\system\CodeIgniter.php(824): App\Controllers\Sales->cuciac()
#5 C:\xampp\htdocs\acbagus\system\CodeIgniter.php(410): CodeIgniter\CodeIgniter->runController(Object(App\Controllers\Sales))
#6 C:\xampp\htdocs\acbagus\system\CodeIgniter.php(318): CodeIgniter\CodeIgniter->handleRequest(NULL, Object(Config\Cache), false)
#7 C:\xampp\htdocs\acbagus\public\index.php(37): CodeIgniter\CodeIgniter->run()
#8 C:\xampp\htdocs\acbagus\system\Commands\Server\rewrite.php(43): require_once('C:\\xampp\\htdocs...')
#9 {main}
CRITICAL - 2021-12-08 12:46:18 --> Invalid file: index.php
#0 C:\xampp\htdocs\acbagus\system\View\View.php(198): CodeIgniter\Exceptions\FrameworkException::forInvalidFile('index.php')
#1 C:\xampp\htdocs\acbagus\system\Common.php(1097): CodeIgniter\View\View->render('index', Array, true)
#2 C:\xampp\htdocs\acbagus\app\Controllers\Home.php(9): view('index')
#3 C:\xampp\htdocs\acbagus\system\CodeIgniter.php(824): App\Controllers\Home->index()
#4 C:\xampp\htdocs\acbagus\system\CodeIgniter.php(410): CodeIgniter\CodeIgniter->runController(Object(App\Controllers\Home))
#5 C:\xampp\htdocs\acbagus\system\CodeIgniter.php(318): CodeIgniter\CodeIgniter->handleRequest(NULL, Object(Config\Cache), false)
#6 C:\xampp\htdocs\acbagus\public\index.php(37): CodeIgniter\CodeIgniter->run()
#7 C:\xampp\htdocs\acbagus\system\Commands\Server\rewrite.php(43): require_once('C:\\xampp\\htdocs...')
#8 {main}
