CRITICAL - 2021-11-23 02:33:39 --> Call to a member function getErrors() on null
#0 C:\xampp\htdocs\acbagus\system\CodeIgniter.php(824): Myth\Auth\Controllers\AuthController->attemptLogin()
#1 C:\xampp\htdocs\acbagus\system\CodeIgniter.php(410): CodeIgniter\CodeIgniter->runController(Object(Myth\Auth\Controllers\AuthController))
#2 C:\xampp\htdocs\acbagus\system\CodeIgniter.php(318): CodeIgniter\CodeIgniter->handleRequest(NULL, Object(Config\Cache), false)
#3 C:\xampp\htdocs\acbagus\public\index.php(37): CodeIgniter\CodeIgniter->run()
#4 C:\xampp\htdocs\acbagus\system\Commands\Server\rewrite.php(43): require_once('C:\\xampp\\htdocs...')
#5 {main}
CRITICAL - 2021-11-23 02:44:18 --> The username field must be unique. is not a valid rule.
#0 C:\xampp\htdocs\acbagus\system\Validation\Validation.php(285): CodeIgniter\Validation\Exceptions\ValidationException::forRuleNotFound('The username fi...')
#1 C:\xampp\htdocs\acbagus\system\Validation\Validation.php(151): CodeIgniter\Validation\Validation->processRules('errors', 'errors', NULL, Array, Array)
#2 C:\xampp\htdocs\acbagus\system\Controller.php(160): CodeIgniter\Validation\Validation->run()
#3 C:\xampp\htdocs\acbagus\vendor\myth\auth\src\Controllers\AuthController.php(79): CodeIgniter\Controller->validate(Array)
#4 C:\xampp\htdocs\acbagus\system\CodeIgniter.php(824): Myth\Auth\Controllers\AuthController->attemptLogin()
#5 C:\xampp\htdocs\acbagus\system\CodeIgniter.php(410): CodeIgniter\CodeIgniter->runController(Object(Myth\Auth\Controllers\AuthController))
#6 C:\xampp\htdocs\acbagus\system\CodeIgniter.php(318): CodeIgniter\CodeIgniter->handleRequest(NULL, Object(Config\Cache), false)
#7 C:\xampp\htdocs\acbagus\public\index.php(37): CodeIgniter\CodeIgniter->run()
#8 C:\xampp\htdocs\acbagus\system\Commands\Server\rewrite.php(43): require_once('C:\\xampp\\htdocs...')
#9 {main}
CRITICAL - 2021-11-23 03:46:10 --> All accounts must have {field} provided is not a valid rule.
#0 C:\xampp\htdocs\acbagus\system\Validation\Validation.php(285): CodeIgniter\Validation\Exceptions\ValidationException::forRuleNotFound('All accounts mu...')
#1 C:\xampp\htdocs\acbagus\system\Validation\Validation.php(151): CodeIgniter\Validation\Validation->processRules('errors', 'errors', NULL, Array, Array)
#2 C:\xampp\htdocs\acbagus\system\Controller.php(160): CodeIgniter\Validation\Validation->run()
#3 C:\xampp\htdocs\acbagus\vendor\myth\auth\src\Controllers\AuthController.php(80): CodeIgniter\Controller->validate(Array)
#4 C:\xampp\htdocs\acbagus\system\CodeIgniter.php(824): Myth\Auth\Controllers\AuthController->attemptLogin()
#5 C:\xampp\htdocs\acbagus\system\CodeIgniter.php(410): CodeIgniter\CodeIgniter->runController(Object(Myth\Auth\Controllers\AuthController))
#6 C:\xampp\htdocs\acbagus\system\CodeIgniter.php(318): CodeIgniter\CodeIgniter->handleRequest(NULL, Object(Config\Cache), false)
#7 C:\xampp\htdocs\acbagus\public\index.php(37): CodeIgniter\CodeIgniter->run()
#8 C:\xampp\htdocs\acbagus\system\Commands\Server\rewrite.php(43): require_once('C:\\xampp\\htdocs...')
#9 {main}
CRITICAL - 2021-11-23 03:46:39 --> All accounts must have provided is not a valid rule.
#0 C:\xampp\htdocs\acbagus\system\Validation\Validation.php(285): CodeIgniter\Validation\Exceptions\ValidationException::forRuleNotFound('All accounts mu...')
#1 C:\xampp\htdocs\acbagus\system\Validation\Validation.php(151): CodeIgniter\Validation\Validation->processRules('errors', 'errors', NULL, Array, Array)
#2 C:\xampp\htdocs\acbagus\system\Controller.php(160): CodeIgniter\Validation\Validation->run()
#3 C:\xampp\htdocs\acbagus\vendor\myth\auth\src\Controllers\AuthController.php(80): CodeIgniter\Controller->validate(Array)
#4 C:\xampp\htdocs\acbagus\system\CodeIgniter.php(824): Myth\Auth\Controllers\AuthController->attemptLogin()
#5 C:\xampp\htdocs\acbagus\system\CodeIgniter.php(410): CodeIgniter\CodeIgniter->runController(Object(Myth\Auth\Controllers\AuthController))
#6 C:\xampp\htdocs\acbagus\system\CodeIgniter.php(318): CodeIgniter\CodeIgniter->handleRequest(NULL, Object(Config\Cache), false)
#7 C:\xampp\htdocs\acbagus\public\index.php(37): CodeIgniter\CodeIgniter->run()
#8 C:\xampp\htdocs\acbagus\system\Commands\Server\rewrite.php(43): require_once('C:\\xampp\\htdocs...')
#9 {main}
CRITICAL - 2021-11-23 03:49:00 --> Array to string conversion
#0 C:\xampp\htdocs\acbagus\vendor\myth\auth\src\Controllers\AuthController.php(80): CodeIgniter\Debug\Exceptions->errorHandler(8, 'Array to string...', 'C:\\xampp\\htdocs...', 80, Array)
#1 C:\xampp\htdocs\acbagus\system\CodeIgniter.php(824): Myth\Auth\Controllers\AuthController->attemptLogin()
#2 C:\xampp\htdocs\acbagus\system\CodeIgniter.php(410): CodeIgniter\CodeIgniter->runController(Object(Myth\Auth\Controllers\AuthController))
#3 C:\xampp\htdocs\acbagus\system\CodeIgniter.php(318): CodeIgniter\CodeIgniter->handleRequest(NULL, Object(Config\Cache), false)
#4 C:\xampp\htdocs\acbagus\public\index.php(37): CodeIgniter\CodeIgniter->run()
#5 C:\xampp\htdocs\acbagus\system\Commands\Server\rewrite.php(43): require_once('C:\\xampp\\htdocs...')
#6 {main}
CRITICAL - 2021-11-23 03:52:44 --> Array to string conversion
#0 C:\xampp\htdocs\acbagus\vendor\myth\auth\src\Controllers\AuthController.php(82): CodeIgniter\Debug\Exceptions->errorHandler(8, 'Array to string...', 'C:\\xampp\\htdocs...', 82, Array)
#1 C:\xampp\htdocs\acbagus\system\CodeIgniter.php(824): Myth\Auth\Controllers\AuthController->attemptLogin()
#2 C:\xampp\htdocs\acbagus\system\CodeIgniter.php(410): CodeIgniter\CodeIgniter->runController(Object(Myth\Auth\Controllers\AuthController))
#3 C:\xampp\htdocs\acbagus\system\CodeIgniter.php(318): CodeIgniter\CodeIgniter->handleRequest(NULL, Object(Config\Cache), false)
#4 C:\xampp\htdocs\acbagus\public\index.php(37): CodeIgniter\CodeIgniter->run()
#5 C:\xampp\htdocs\acbagus\system\Commands\Server\rewrite.php(43): require_once('C:\\xampp\\htdocs...')
#6 {main}
CRITICAL - 2021-11-23 03:53:01 --> Array to string conversion
#0 C:\xampp\htdocs\acbagus\vendor\myth\auth\src\Views\_message_block.php(16): CodeIgniter\Debug\Exceptions->errorHandler(8, 'Array to string...', 'C:\\xampp\\htdocs...', 16, Array)
#1 C:\xampp\htdocs\acbagus\system\View\View.php(214): include('C:\\xampp\\htdocs...')
#2 C:\xampp\htdocs\acbagus\system\View\View.php(217): CodeIgniter\View\View->CodeIgniter\View\{closure}()
#3 C:\xampp\htdocs\acbagus\system\Common.php(1097): CodeIgniter\View\View->render('Myth\\Auth\\Views...', Array, true)
#4 C:\xampp\htdocs\acbagus\vendor\myth\auth\src\Views\login.php(25): view('Myth\\Auth\\Views...')
#5 C:\xampp\htdocs\acbagus\system\View\View.php(214): include('C:\\xampp\\htdocs...')
#6 C:\xampp\htdocs\acbagus\system\View\View.php(217): CodeIgniter\View\View->CodeIgniter\View\{closure}()
#7 C:\xampp\htdocs\acbagus\system\Common.php(1097): CodeIgniter\View\View->render('Myth\\Auth\\Views...', Array, true)
#8 C:\xampp\htdocs\acbagus\vendor\myth\auth\src\Controllers\AuthController.php(407): view('Myth\\Auth\\Views...', Array)
#9 C:\xampp\htdocs\acbagus\vendor\myth\auth\src\Controllers\AuthController.php(58): Myth\Auth\Controllers\AuthController->_render('Myth\\Auth\\Views...', Array)
#10 C:\xampp\htdocs\acbagus\system\CodeIgniter.php(824): Myth\Auth\Controllers\AuthController->login()
#11 C:\xampp\htdocs\acbagus\system\CodeIgniter.php(410): CodeIgniter\CodeIgniter->runController(Object(Myth\Auth\Controllers\AuthController))
#12 C:\xampp\htdocs\acbagus\system\CodeIgniter.php(318): CodeIgniter\CodeIgniter->handleRequest(NULL, Object(Config\Cache), false)
#13 C:\xampp\htdocs\acbagus\public\index.php(37): CodeIgniter\CodeIgniter->run()
#14 C:\xampp\htdocs\acbagus\system\Commands\Server\rewrite.php(43): require_once('C:\\xampp\\htdocs...')
#15 {main}
CRITICAL - 2021-11-23 03:54:52 --> All accounts must have provided is not a valid rule.
#0 C:\xampp\htdocs\acbagus\system\Validation\Validation.php(285): CodeIgniter\Validation\Exceptions\ValidationException::forRuleNotFound('All accounts mu...')
#1 C:\xampp\htdocs\acbagus\system\Validation\Validation.php(151): CodeIgniter\Validation\Validation->processRules('login', 'login', '', Array, Array)
#2 C:\xampp\htdocs\acbagus\system\Controller.php(160): CodeIgniter\Validation\Validation->run()
#3 C:\xampp\htdocs\acbagus\vendor\myth\auth\src\Controllers\AuthController.php(76): CodeIgniter\Controller->validate(Array)
#4 C:\xampp\htdocs\acbagus\system\CodeIgniter.php(824): Myth\Auth\Controllers\AuthController->attemptLogin()
#5 C:\xampp\htdocs\acbagus\system\CodeIgniter.php(410): CodeIgniter\CodeIgniter->runController(Object(Myth\Auth\Controllers\AuthController))
#6 C:\xampp\htdocs\acbagus\system\CodeIgniter.php(318): CodeIgniter\CodeIgniter->handleRequest(NULL, Object(Config\Cache), false)
#7 C:\xampp\htdocs\acbagus\public\index.php(37): CodeIgniter\CodeIgniter->run()
#8 C:\xampp\htdocs\acbagus\system\Commands\Server\rewrite.php(43): require_once('C:\\xampp\\htdocs...')
#9 {main}
CRITICAL - 2021-11-23 03:56:24 --> sm}uisgounts must have provided is not a valid rule.
#0 C:\xampp\htdocs\acbagus\system\Validation\Validation.php(285): CodeIgniter\Validation\Exceptions\ValidationException::forRuleNotFound('sm}uisgounts mu...')
#1 C:\xampp\htdocs\acbagus\system\Validation\Validation.php(151): CodeIgniter\Validation\Validation->processRules('login', 'login', '', Array, Array)
#2 C:\xampp\htdocs\acbagus\system\Controller.php(160): CodeIgniter\Validation\Validation->run()
#3 C:\xampp\htdocs\acbagus\vendor\myth\auth\src\Controllers\AuthController.php(76): CodeIgniter\Controller->validate(Array)
#4 C:\xampp\htdocs\acbagus\system\CodeIgniter.php(824): Myth\Auth\Controllers\AuthController->attemptLogin()
#5 C:\xampp\htdocs\acbagus\system\CodeIgniter.php(410): CodeIgniter\CodeIgniter->runController(Object(Myth\Auth\Controllers\AuthController))
#6 C:\xampp\htdocs\acbagus\system\CodeIgniter.php(318): CodeIgniter\CodeIgniter->handleRequest(NULL, Object(Config\Cache), false)
#7 C:\xampp\htdocs\acbagus\public\index.php(37): CodeIgniter\CodeIgniter->run()
#8 C:\xampp\htdocs\acbagus\system\Commands\Server\rewrite.php(43): require_once('C:\\xampp\\htdocs...')
#9 {main}
CRITICAL - 2021-11-23 03:56:49 --> sm}uisgounts must have provided is not a valid rule.
#0 C:\xampp\htdocs\acbagus\system\Validation\Validation.php(285): CodeIgniter\Validation\Exceptions\ValidationException::forRuleNotFound('sm}uisgounts mu...')
#1 C:\xampp\htdocs\acbagus\system\Validation\Validation.php(151): CodeIgniter\Validation\Validation->processRules('login', 'login', '', Array, Array)
#2 C:\xampp\htdocs\acbagus\system\Controller.php(160): CodeIgniter\Validation\Validation->run()
#3 C:\xampp\htdocs\acbagus\vendor\myth\auth\src\Controllers\AuthController.php(76): CodeIgniter\Controller->validate(Array)
#4 C:\xampp\htdocs\acbagus\system\CodeIgniter.php(824): Myth\Auth\Controllers\AuthController->attemptLogin()
#5 C:\xampp\htdocs\acbagus\system\CodeIgniter.php(410): CodeIgniter\CodeIgniter->runController(Object(Myth\Auth\Controllers\AuthController))
#6 C:\xampp\htdocs\acbagus\system\CodeIgniter.php(318): CodeIgniter\CodeIgniter->handleRequest(NULL, Object(Config\Cache), false)
#7 C:\xampp\htdocs\acbagus\public\index.php(37): CodeIgniter\CodeIgniter->run()
#8 C:\xampp\htdocs\acbagus\system\Commands\Server\rewrite.php(43): require_once('C:\\xampp\\htdocs...')
#9 {main}
CRITICAL - 2021-11-23 04:14:22 --> Array to string conversion
#0 C:\xampp\htdocs\acbagus\vendor\myth\auth\src\Controllers\AuthController.php(84): CodeIgniter\Debug\Exceptions->errorHandler(8, 'Array to string...', 'C:\\xampp\\htdocs...', 84, Array)
#1 C:\xampp\htdocs\acbagus\system\CodeIgniter.php(824): Myth\Auth\Controllers\AuthController->attemptLogin()
#2 C:\xampp\htdocs\acbagus\system\CodeIgniter.php(410): CodeIgniter\CodeIgniter->runController(Object(Myth\Auth\Controllers\AuthController))
#3 C:\xampp\htdocs\acbagus\system\CodeIgniter.php(318): CodeIgniter\CodeIgniter->handleRequest(NULL, Object(Config\Cache), false)
#4 C:\xampp\htdocs\acbagus\public\index.php(37): CodeIgniter\CodeIgniter->run()
#5 C:\xampp\htdocs\acbagus\system\Commands\Server\rewrite.php(43): require_once('C:\\xampp\\htdocs...')
#6 {main}
CRITICAL - 2021-11-23 07:26:45 --> syntax error, unexpected 'if' (T_IF)
#0 C:\xampp\htdocs\acbagus\system\Autoloader\Autoloader.php(241): CodeIgniter\Autoloader\Autoloader->includeFile('C:\\xampp\\htdocs...')
#1 C:\xampp\htdocs\acbagus\system\Autoloader\Autoloader.php(219): CodeIgniter\Autoloader\Autoloader->loadInNamespace('Myth\\Auth\\Contr...')
#2 [internal function]: CodeIgniter\Autoloader\Autoloader->loadClass('Myth\\Auth\\Contr...')
#3 [internal function]: spl_autoload_call('Myth\\Auth\\Contr...')
#4 C:\xampp\htdocs\acbagus\system\CodeIgniter.php(789): class_exists('\\Myth\\Auth\\Cont...', true)
#5 C:\xampp\htdocs\acbagus\system\CodeIgniter.php(397): CodeIgniter\CodeIgniter->startController()
#6 C:\xampp\htdocs\acbagus\system\CodeIgniter.php(318): CodeIgniter\CodeIgniter->handleRequest(NULL, Object(Config\Cache), false)
#7 C:\xampp\htdocs\acbagus\public\index.php(37): CodeIgniter\CodeIgniter->run()
#8 C:\xampp\htdocs\acbagus\system\Commands\Server\rewrite.php(43): require_once('C:\\xampp\\htdocs...')
#9 {main}
CRITICAL - 2021-11-23 07:32:23 --> Call to a member function getErrors() on null
#0 C:\xampp\htdocs\acbagus\system\CodeIgniter.php(824): Myth\Auth\Controllers\AuthController->attemptRegister()
#1 C:\xampp\htdocs\acbagus\system\CodeIgniter.php(410): CodeIgniter\CodeIgniter->runController(Object(Myth\Auth\Controllers\AuthController))
#2 C:\xampp\htdocs\acbagus\system\CodeIgniter.php(318): CodeIgniter\CodeIgniter->handleRequest(NULL, Object(Config\Cache), false)
#3 C:\xampp\htdocs\acbagus\public\index.php(37): CodeIgniter\CodeIgniter->run()
#4 C:\xampp\htdocs\acbagus\system\Commands\Server\rewrite.php(43): require_once('C:\\xampp\\htdocs...')
#5 {main}
CRITICAL - 2021-11-23 07:39:37 --> Array to string conversion
#0 C:\xampp\htdocs\acbagus\vendor\myth\auth\src\Views\_message_block.php(16): CodeIgniter\Debug\Exceptions->errorHandler(8, 'Array to string...', 'C:\\xampp\\htdocs...', 16, Array)
#1 C:\xampp\htdocs\acbagus\system\View\View.php(214): include('C:\\xampp\\htdocs...')
#2 C:\xampp\htdocs\acbagus\system\View\View.php(217): CodeIgniter\View\View->CodeIgniter\View\{closure}()
#3 C:\xampp\htdocs\acbagus\system\Common.php(1097): CodeIgniter\View\View->render('Myth\\Auth\\Views...', Array, true)
#4 C:\xampp\htdocs\acbagus\vendor\myth\auth\src\Views\register.php(12): view('Myth\\Auth\\Views...')
#5 C:\xampp\htdocs\acbagus\system\View\View.php(214): include('C:\\xampp\\htdocs...')
#6 C:\xampp\htdocs\acbagus\system\View\View.php(217): CodeIgniter\View\View->CodeIgniter\View\{closure}()
#7 C:\xampp\htdocs\acbagus\system\Common.php(1097): CodeIgniter\View\View->render('Myth\\Auth\\Views...', Array, true)
#8 C:\xampp\htdocs\acbagus\vendor\myth\auth\src\Controllers\AuthController.php(415): view('Myth\\Auth\\Views...', Array)
#9 C:\xampp\htdocs\acbagus\vendor\myth\auth\src\Controllers\AuthController.php(140): Myth\Auth\Controllers\AuthController->_render('Myth\\Auth\\Views...', Array)
#10 C:\xampp\htdocs\acbagus\system\CodeIgniter.php(824): Myth\Auth\Controllers\AuthController->register()
#11 C:\xampp\htdocs\acbagus\system\CodeIgniter.php(410): CodeIgniter\CodeIgniter->runController(Object(Myth\Auth\Controllers\AuthController))
#12 C:\xampp\htdocs\acbagus\system\CodeIgniter.php(318): CodeIgniter\CodeIgniter->handleRequest(NULL, Object(Config\Cache), false)
#13 C:\xampp\htdocs\acbagus\public\index.php(37): CodeIgniter\CodeIgniter->run()
#14 C:\xampp\htdocs\acbagus\system\Commands\Server\rewrite.php(43): require_once('C:\\xampp\\htdocs...')
#15 {main}
CRITICAL - 2021-11-23 07:48:53 --> Array to string conversion
#0 C:\xampp\htdocs\acbagus\vendor\myth\auth\src\Views\_message_block.php(16): CodeIgniter\Debug\Exceptions->errorHandler(8, 'Array to string...', 'C:\\xampp\\htdocs...', 16, Array)
#1 C:\xampp\htdocs\acbagus\system\View\View.php(214): include('C:\\xampp\\htdocs...')
#2 C:\xampp\htdocs\acbagus\system\View\View.php(217): CodeIgniter\View\View->CodeIgniter\View\{closure}()
#3 C:\xampp\htdocs\acbagus\system\Common.php(1097): CodeIgniter\View\View->render('Myth\\Auth\\Views...', Array, true)
#4 C:\xampp\htdocs\acbagus\vendor\myth\auth\src\Views\register.php(12): view('Myth\\Auth\\Views...')
#5 C:\xampp\htdocs\acbagus\system\View\View.php(214): include('C:\\xampp\\htdocs...')
#6 C:\xampp\htdocs\acbagus\system\View\View.php(217): CodeIgniter\View\View->CodeIgniter\View\{closure}()
#7 C:\xampp\htdocs\acbagus\system\Common.php(1097): CodeIgniter\View\View->render('Myth\\Auth\\Views...', Array, true)
#8 C:\xampp\htdocs\acbagus\vendor\myth\auth\src\Controllers\AuthController.php(420): view('Myth\\Auth\\Views...', Array)
#9 C:\xampp\htdocs\acbagus\vendor\myth\auth\src\Controllers\AuthController.php(140): Myth\Auth\Controllers\AuthController->_render('Myth\\Auth\\Views...', Array)
#10 C:\xampp\htdocs\acbagus\system\CodeIgniter.php(824): Myth\Auth\Controllers\AuthController->register()
#11 C:\xampp\htdocs\acbagus\system\CodeIgniter.php(410): CodeIgniter\CodeIgniter->runController(Object(Myth\Auth\Controllers\AuthController))
#12 C:\xampp\htdocs\acbagus\system\CodeIgniter.php(318): CodeIgniter\CodeIgniter->handleRequest(NULL, Object(Config\Cache), false)
#13 C:\xampp\htdocs\acbagus\public\index.php(37): CodeIgniter\CodeIgniter->run()
#14 C:\xampp\htdocs\acbagus\system\Commands\Server\rewrite.php(43): require_once('C:\\xampp\\htdocs...')
#15 {main}
CRITICAL - 2021-11-23 08:16:32 --> syntax error, unexpected ';', expecting ')'
#0 C:\xampp\htdocs\acbagus\system\Autoloader\Autoloader.php(241): CodeIgniter\Autoloader\Autoloader->includeFile('C:\\xampp\\htdocs...')
#1 C:\xampp\htdocs\acbagus\system\Autoloader\Autoloader.php(219): CodeIgniter\Autoloader\Autoloader->loadInNamespace('Myth\\Auth\\Contr...')
#2 [internal function]: CodeIgniter\Autoloader\Autoloader->loadClass('Myth\\Auth\\Contr...')
#3 [internal function]: spl_autoload_call('Myth\\Auth\\Contr...')
#4 C:\xampp\htdocs\acbagus\system\CodeIgniter.php(789): class_exists('\\Myth\\Auth\\Cont...', true)
#5 C:\xampp\htdocs\acbagus\system\CodeIgniter.php(397): CodeIgniter\CodeIgniter->startController()
#6 C:\xampp\htdocs\acbagus\system\CodeIgniter.php(318): CodeIgniter\CodeIgniter->handleRequest(NULL, Object(Config\Cache), false)
#7 C:\xampp\htdocs\acbagus\public\index.php(37): CodeIgniter\CodeIgniter->run()
#8 C:\xampp\htdocs\acbagus\system\Commands\Server\rewrite.php(43): require_once('C:\\xampp\\htdocs...')
#9 {main}
CRITICAL - 2021-11-23 21:53:32 --> Invalid file: index.php
#0 C:\xampp\htdocs\acbagus\system\View\View.php(198): CodeIgniter\Exceptions\FrameworkException::forInvalidFile('index.php')
#1 C:\xampp\htdocs\acbagus\system\Common.php(1097): CodeIgniter\View\View->render('index', Array, true)
#2 C:\xampp\htdocs\acbagus\app\Controllers\Home.php(9): view('index')
#3 C:\xampp\htdocs\acbagus\system\CodeIgniter.php(824): App\Controllers\Home->index()
#4 C:\xampp\htdocs\acbagus\system\CodeIgniter.php(410): CodeIgniter\CodeIgniter->runController(Object(App\Controllers\Home))
#5 C:\xampp\htdocs\acbagus\system\CodeIgniter.php(318): CodeIgniter\CodeIgniter->handleRequest(NULL, Object(Config\Cache), false)
#6 C:\xampp\htdocs\acbagus\public\index.php(37): CodeIgniter\CodeIgniter->run()
#7 C:\xampp\htdocs\acbagus\system\Commands\Server\rewrite.php(43): require_once('C:\\xampp\\htdocs...')
#8 {main}
CRITICAL - 2021-11-23 21:55:38 --> Invalid file: admin/index.php
#0 C:\xampp\htdocs\acbagus\system\View\View.php(198): CodeIgniter\Exceptions\FrameworkException::forInvalidFile('admin/index.php')
#1 C:\xampp\htdocs\acbagus\system\Common.php(1097): CodeIgniter\View\View->render('admin/index', Array, true)
#2 C:\xampp\htdocs\acbagus\app\Controllers\Admin.php(11): view('admin/index')
#3 C:\xampp\htdocs\acbagus\system\CodeIgniter.php(824): App\Controllers\Admin->index()
#4 C:\xampp\htdocs\acbagus\system\CodeIgniter.php(410): CodeIgniter\CodeIgniter->runController(Object(App\Controllers\Admin))
#5 C:\xampp\htdocs\acbagus\system\CodeIgniter.php(318): CodeIgniter\CodeIgniter->handleRequest(NULL, Object(Config\Cache), false)
#6 C:\xampp\htdocs\acbagus\public\index.php(37): CodeIgniter\CodeIgniter->run()
#7 C:\xampp\htdocs\acbagus\system\Commands\Server\rewrite.php(43): require_once('C:\\xampp\\htdocs...')
#8 {main}
CRITICAL - 2021-11-23 21:57:13 --> Invalid file: admin/index.php
#0 C:\xampp\htdocs\acbagus\system\View\View.php(198): CodeIgniter\Exceptions\FrameworkException::forInvalidFile('admin/index.php')
#1 C:\xampp\htdocs\acbagus\system\Common.php(1097): CodeIgniter\View\View->render('admin/index', Array, true)
#2 C:\xampp\htdocs\acbagus\app\Controllers\Admin.php(11): view('admin/index')
#3 C:\xampp\htdocs\acbagus\system\CodeIgniter.php(824): App\Controllers\Admin->index()
#4 C:\xampp\htdocs\acbagus\system\CodeIgniter.php(410): CodeIgniter\CodeIgniter->runController(Object(App\Controllers\Admin))
#5 C:\xampp\htdocs\acbagus\system\CodeIgniter.php(318): CodeIgniter\CodeIgniter->handleRequest(NULL, Object(Config\Cache), false)
#6 C:\xampp\htdocs\acbagus\public\index.php(37): CodeIgniter\CodeIgniter->run()
#7 C:\xampp\htdocs\acbagus\system\Commands\Server\rewrite.php(43): require_once('C:\\xampp\\htdocs...')
#8 {main}
CRITICAL - 2021-11-23 22:03:22 --> Invalid file: admin/index.php
#0 C:\xampp\htdocs\acbagus\system\View\View.php(198): CodeIgniter\Exceptions\FrameworkException::forInvalidFile('admin/index.php')
#1 C:\xampp\htdocs\acbagus\system\Common.php(1097): CodeIgniter\View\View->render('admin/index', Array, true)
#2 C:\xampp\htdocs\acbagus\app\Controllers\Admin.php(11): view('admin/index')
#3 C:\xampp\htdocs\acbagus\system\CodeIgniter.php(824): App\Controllers\Admin->index()
#4 C:\xampp\htdocs\acbagus\system\CodeIgniter.php(410): CodeIgniter\CodeIgniter->runController(Object(App\Controllers\Admin))
#5 C:\xampp\htdocs\acbagus\system\CodeIgniter.php(318): CodeIgniter\CodeIgniter->handleRequest(NULL, Object(Config\Cache), false)
#6 C:\xampp\htdocs\acbagus\public\index.php(37): CodeIgniter\CodeIgniter->run()
#7 C:\xampp\htdocs\acbagus\system\Commands\Server\rewrite.php(43): require_once('C:\\xampp\\htdocs...')
#8 {main}
CRITICAL - 2021-11-23 22:11:09 --> Call to undefined method CodeIgniter\View\View::extends()
#0 C:\xampp\htdocs\acbagus\system\View\View.php(214): include()
#1 C:\xampp\htdocs\acbagus\system\View\View.php(217): CodeIgniter\View\View->CodeIgniter\View\{closure}()
#2 C:\xampp\htdocs\acbagus\system\Common.php(1097): CodeIgniter\View\View->render('admin/teknisi/i...', Array, true)
#3 C:\xampp\htdocs\acbagus\app\Controllers\Teknisi.php(11): view('admin/teknisi/i...')
#4 C:\xampp\htdocs\acbagus\system\CodeIgniter.php(824): App\Controllers\Teknisi->index()
#5 C:\xampp\htdocs\acbagus\system\CodeIgniter.php(410): CodeIgniter\CodeIgniter->runController(Object(App\Controllers\Teknisi))
#6 C:\xampp\htdocs\acbagus\system\CodeIgniter.php(318): CodeIgniter\CodeIgniter->handleRequest(NULL, Object(Config\Cache), false)
#7 C:\xampp\htdocs\acbagus\public\index.php(37): CodeIgniter\CodeIgniter->run()
#8 C:\xampp\htdocs\acbagus\system\Commands\Server\rewrite.php(43): require_once('C:\\xampp\\htdocs...')
#9 {main}
CRITICAL - 2021-11-23 22:11:35 --> Call to undefined method CodeIgniter\View\View::extends()
#0 C:\xampp\htdocs\acbagus\system\View\View.php(214): include()
#1 C:\xampp\htdocs\acbagus\system\View\View.php(217): CodeIgniter\View\View->CodeIgniter\View\{closure}()
#2 C:\xampp\htdocs\acbagus\system\Common.php(1097): CodeIgniter\View\View->render('admin/teknisi/i...', Array, true)
#3 C:\xampp\htdocs\acbagus\app\Controllers\Teknisi.php(11): view('admin/teknisi/i...')
#4 C:\xampp\htdocs\acbagus\system\CodeIgniter.php(824): App\Controllers\Teknisi->index()
#5 C:\xampp\htdocs\acbagus\system\CodeIgniter.php(410): CodeIgniter\CodeIgniter->runController(Object(App\Controllers\Teknisi))
#6 C:\xampp\htdocs\acbagus\system\CodeIgniter.php(318): CodeIgniter\CodeIgniter->handleRequest(NULL, Object(Config\Cache), false)
#7 C:\xampp\htdocs\acbagus\public\index.php(37): CodeIgniter\CodeIgniter->run()
#8 C:\xampp\htdocs\acbagus\system\Commands\Server\rewrite.php(43): require_once('C:\\xampp\\htdocs...')
#9 {main}
CRITICAL - 2021-11-23 22:13:34 --> Call to undefined method CodeIgniter\View\View::include_once()
#0 C:\xampp\htdocs\acbagus\system\View\View.php(214): include()
#1 C:\xampp\htdocs\acbagus\system\View\View.php(217): CodeIgniter\View\View->CodeIgniter\View\{closure}()
#2 C:\xampp\htdocs\acbagus\system\Common.php(1097): CodeIgniter\View\View->render('admin/teknisi/i...', Array, true)
#3 C:\xampp\htdocs\acbagus\app\Controllers\Teknisi.php(11): view('admin/teknisi/i...')
#4 C:\xampp\htdocs\acbagus\system\CodeIgniter.php(824): App\Controllers\Teknisi->index()
#5 C:\xampp\htdocs\acbagus\system\CodeIgniter.php(410): CodeIgniter\CodeIgniter->runController(Object(App\Controllers\Teknisi))
#6 C:\xampp\htdocs\acbagus\system\CodeIgniter.php(318): CodeIgniter\CodeIgniter->handleRequest(NULL, Object(Config\Cache), false)
#7 C:\xampp\htdocs\acbagus\public\index.php(37): CodeIgniter\CodeIgniter->run()
#8 C:\xampp\htdocs\acbagus\system\Commands\Server\rewrite.php(43): require_once('C:\\xampp\\htdocs...')
#9 {main}
CRITICAL - 2021-11-23 22:13:53 --> include_once(admin/teknisi/create): failed to open stream: No such file or directory
#0 C:\xampp\htdocs\acbagus\app\Views\admin\teknisi\index.php(57): CodeIgniter\Debug\Exceptions->errorHandler(2, 'include_once(ad...', 'C:\\xampp\\htdocs...', 57, Array)
#1 C:\xampp\htdocs\acbagus\app\Views\admin\teknisi\index.php(57): include_once()
#2 C:\xampp\htdocs\acbagus\system\View\View.php(214): include('C:\\xampp\\htdocs...')
#3 C:\xampp\htdocs\acbagus\system\View\View.php(217): CodeIgniter\View\View->CodeIgniter\View\{closure}()
#4 C:\xampp\htdocs\acbagus\system\Common.php(1097): CodeIgniter\View\View->render('admin/teknisi/i...', Array, true)
#5 C:\xampp\htdocs\acbagus\app\Controllers\Teknisi.php(11): view('admin/teknisi/i...')
#6 C:\xampp\htdocs\acbagus\system\CodeIgniter.php(824): App\Controllers\Teknisi->index()
#7 C:\xampp\htdocs\acbagus\system\CodeIgniter.php(410): CodeIgniter\CodeIgniter->runController(Object(App\Controllers\Teknisi))
#8 C:\xampp\htdocs\acbagus\system\CodeIgniter.php(318): CodeIgniter\CodeIgniter->handleRequest(NULL, Object(Config\Cache), false)
#9 C:\xampp\htdocs\acbagus\public\index.php(37): CodeIgniter\CodeIgniter->run()
#10 C:\xampp\htdocs\acbagus\system\Commands\Server\rewrite.php(43): require_once('C:\\xampp\\htdocs...')
#11 {main}
CRITICAL - 2021-11-23 22:14:08 --> include(admin/teknisi/create): failed to open stream: No such file or directory
#0 C:\xampp\htdocs\acbagus\app\Views\admin\teknisi\index.php(61): CodeIgniter\Debug\Exceptions->errorHandler(2, 'include(admin/t...', 'C:\\xampp\\htdocs...', 61, Array)
#1 C:\xampp\htdocs\acbagus\app\Views\admin\teknisi\index.php(61): include()
#2 C:\xampp\htdocs\acbagus\system\View\View.php(214): include('C:\\xampp\\htdocs...')
#3 C:\xampp\htdocs\acbagus\system\View\View.php(217): CodeIgniter\View\View->CodeIgniter\View\{closure}()
#4 C:\xampp\htdocs\acbagus\system\Common.php(1097): CodeIgniter\View\View->render('admin/teknisi/i...', Array, true)
#5 C:\xampp\htdocs\acbagus\app\Controllers\Teknisi.php(11): view('admin/teknisi/i...')
#6 C:\xampp\htdocs\acbagus\system\CodeIgniter.php(824): App\Controllers\Teknisi->index()
#7 C:\xampp\htdocs\acbagus\system\CodeIgniter.php(410): CodeIgniter\CodeIgniter->runController(Object(App\Controllers\Teknisi))
#8 C:\xampp\htdocs\acbagus\system\CodeIgniter.php(318): CodeIgniter\CodeIgniter->handleRequest(NULL, Object(Config\Cache), false)
#9 C:\xampp\htdocs\acbagus\public\index.php(37): CodeIgniter\CodeIgniter->run()
#10 C:\xampp\htdocs\acbagus\system\Commands\Server\rewrite.php(43): require_once('C:\\xampp\\htdocs...')
#11 {main}
CRITICAL - 2021-11-23 22:14:17 --> syntax error, unexpected 'echo' (T_ECHO)
#0 C:\xampp\htdocs\acbagus\system\View\View.php(217): CodeIgniter\View\View->CodeIgniter\View\{closure}()
#1 C:\xampp\htdocs\acbagus\system\Common.php(1097): CodeIgniter\View\View->render('admin/teknisi/i...', Array, true)
#2 C:\xampp\htdocs\acbagus\app\Controllers\Teknisi.php(11): view('admin/teknisi/i...')
#3 C:\xampp\htdocs\acbagus\system\CodeIgniter.php(824): App\Controllers\Teknisi->index()
#4 C:\xampp\htdocs\acbagus\system\CodeIgniter.php(410): CodeIgniter\CodeIgniter->runController(Object(App\Controllers\Teknisi))
#5 C:\xampp\htdocs\acbagus\system\CodeIgniter.php(318): CodeIgniter\CodeIgniter->handleRequest(NULL, Object(Config\Cache), false)
#6 C:\xampp\htdocs\acbagus\public\index.php(37): CodeIgniter\CodeIgniter->run()
#7 C:\xampp\htdocs\acbagus\system\Commands\Server\rewrite.php(43): require_once('C:\\xampp\\htdocs...')
#8 {main}
CRITICAL - 2021-11-23 23:26:33 --> Invalid file: index.php
#0 C:\xampp\htdocs\acbagus\system\View\View.php(198): CodeIgniter\Exceptions\FrameworkException::forInvalidFile('index.php')
#1 C:\xampp\htdocs\acbagus\system\Common.php(1097): CodeIgniter\View\View->render('index', Array, true)
#2 C:\xampp\htdocs\acbagus\app\Controllers\Home.php(9): view('index')
#3 C:\xampp\htdocs\acbagus\system\CodeIgniter.php(824): App\Controllers\Home->index()
#4 C:\xampp\htdocs\acbagus\system\CodeIgniter.php(410): CodeIgniter\CodeIgniter->runController(Object(App\Controllers\Home))
#5 C:\xampp\htdocs\acbagus\system\CodeIgniter.php(318): CodeIgniter\CodeIgniter->handleRequest(NULL, Object(Config\Cache), false)
#6 C:\xampp\htdocs\acbagus\public\index.php(37): CodeIgniter\CodeIgniter->run()
#7 C:\xampp\htdocs\acbagus\system\Commands\Server\rewrite.php(43): require_once('C:\\xampp\\htdocs...')
#8 {main}
