CRITICAL - 2021-12-09 00:21:22 --> Invalid file: index.php
#0 C:\xampp\htdocs\acbagus\system\View\View.php(198): CodeIgniter\Exceptions\FrameworkException::forInvalidFile('index.php')
#1 C:\xampp\htdocs\acbagus\system\Common.php(1097): CodeIgniter\View\View->render('index', Array, true)
#2 C:\xampp\htdocs\acbagus\app\Controllers\Home.php(9): view('index')
#3 C:\xampp\htdocs\acbagus\system\CodeIgniter.php(824): App\Controllers\Home->index()
#4 C:\xampp\htdocs\acbagus\system\CodeIgniter.php(410): CodeIgniter\CodeIgniter->runController(Object(App\Controllers\Home))
#5 C:\xampp\htdocs\acbagus\system\CodeIgniter.php(318): CodeIgniter\CodeIgniter->handleRequest(NULL, Object(Config\Cache), false)
#6 C:\xampp\htdocs\acbagus\public\index.php(37): CodeIgniter\CodeIgniter->run()
#7 C:\xampp\htdocs\acbagus\system\Commands\Server\rewrite.php(43): require_once('C:\\xampp\\htdocs...')
#8 {main}
CRITICAL - 2021-12-09 00:24:26 --> Invalid file: admin/sales/modal/more_service.php
#0 C:\xampp\htdocs\acbagus\system\View\View.php(198): CodeIgniter\Exceptions\FrameworkException::forInvalidFile('admin/sales/mod...')
#1 C:\xampp\htdocs\acbagus\system\View\View.php(432): CodeIgniter\View\View->render('admin/sales/mod...', NULL, true)
#2 C:\xampp\htdocs\acbagus\app\Views\admin\sales\serviceac.php(99): CodeIgniter\View\View->include('admin/sales/mod...')
#3 C:\xampp\htdocs\acbagus\system\View\View.php(214): include('C:\\xampp\\htdocs...')
#4 C:\xampp\htdocs\acbagus\system\View\View.php(217): CodeIgniter\View\View->CodeIgniter\View\{closure}()
#5 C:\xampp\htdocs\acbagus\system\Common.php(1097): CodeIgniter\View\View->render('admin/sales/ser...', Array, true)
#6 C:\xampp\htdocs\acbagus\app\Controllers\Sales.php(51): view('admin/sales/ser...', Array)
#7 C:\xampp\htdocs\acbagus\system\CodeIgniter.php(824): App\Controllers\Sales->serviceac()
#8 C:\xampp\htdocs\acbagus\system\CodeIgniter.php(410): CodeIgniter\CodeIgniter->runController(Object(App\Controllers\Sales))
#9 C:\xampp\htdocs\acbagus\system\CodeIgniter.php(318): CodeIgniter\CodeIgniter->handleRequest(NULL, Object(Config\Cache), false)
#10 C:\xampp\htdocs\acbagus\public\index.php(37): CodeIgniter\CodeIgniter->run()
#11 C:\xampp\htdocs\acbagus\system\Commands\Server\rewrite.php(43): require_once('C:\\xampp\\htdocs...')
#12 {main}
CRITICAL - 2021-12-09 00:25:08 --> Invalid file: admin/sales/modal/more_details.php
#0 C:\xampp\htdocs\acbagus\system\View\View.php(198): CodeIgniter\Exceptions\FrameworkException::forInvalidFile('admin/sales/mod...')
#1 C:\xampp\htdocs\acbagus\system\View\View.php(432): CodeIgniter\View\View->render('admin/sales/mod...', NULL, true)
#2 C:\xampp\htdocs\acbagus\app\Views\admin\sales\serviceac.php(99): CodeIgniter\View\View->include('admin/sales/mod...')
#3 C:\xampp\htdocs\acbagus\system\View\View.php(214): include('C:\\xampp\\htdocs...')
#4 C:\xampp\htdocs\acbagus\system\View\View.php(217): CodeIgniter\View\View->CodeIgniter\View\{closure}()
#5 C:\xampp\htdocs\acbagus\system\Common.php(1097): CodeIgniter\View\View->render('admin/sales/ser...', Array, true)
#6 C:\xampp\htdocs\acbagus\app\Controllers\Sales.php(51): view('admin/sales/ser...', Array)
#7 C:\xampp\htdocs\acbagus\system\CodeIgniter.php(824): App\Controllers\Sales->serviceac()
#8 C:\xampp\htdocs\acbagus\system\CodeIgniter.php(410): CodeIgniter\CodeIgniter->runController(Object(App\Controllers\Sales))
#9 C:\xampp\htdocs\acbagus\system\CodeIgniter.php(318): CodeIgniter\CodeIgniter->handleRequest(NULL, Object(Config\Cache), false)
#10 C:\xampp\htdocs\acbagus\public\index.php(37): CodeIgniter\CodeIgniter->run()
#11 C:\xampp\htdocs\acbagus\system\Commands\Server\rewrite.php(43): require_once('C:\\xampp\\htdocs...')
#12 {main}
CRITICAL - 2021-12-09 00:25:21 --> Invalid file: admin/sales/modal/more_details.php
#0 C:\xampp\htdocs\acbagus\system\View\View.php(198): CodeIgniter\Exceptions\FrameworkException::forInvalidFile('admin/sales/mod...')
#1 C:\xampp\htdocs\acbagus\system\View\View.php(432): CodeIgniter\View\View->render('admin/sales/mod...', NULL, true)
#2 C:\xampp\htdocs\acbagus\app\Views\admin\sales\serviceac.php(99): CodeIgniter\View\View->include('admin/sales/mod...')
#3 C:\xampp\htdocs\acbagus\system\View\View.php(214): include('C:\\xampp\\htdocs...')
#4 C:\xampp\htdocs\acbagus\system\View\View.php(217): CodeIgniter\View\View->CodeIgniter\View\{closure}()
#5 C:\xampp\htdocs\acbagus\system\Common.php(1097): CodeIgniter\View\View->render('admin/sales/ser...', Array, true)
#6 C:\xampp\htdocs\acbagus\app\Controllers\Sales.php(51): view('admin/sales/ser...', Array)
#7 C:\xampp\htdocs\acbagus\system\CodeIgniter.php(824): App\Controllers\Sales->serviceac()
#8 C:\xampp\htdocs\acbagus\system\CodeIgniter.php(410): CodeIgniter\CodeIgniter->runController(Object(App\Controllers\Sales))
#9 C:\xampp\htdocs\acbagus\system\CodeIgniter.php(318): CodeIgniter\CodeIgniter->handleRequest(NULL, Object(Config\Cache), false)
#10 C:\xampp\htdocs\acbagus\public\index.php(37): CodeIgniter\CodeIgniter->run()
#11 C:\xampp\htdocs\acbagus\system\Commands\Server\rewrite.php(43): require_once('C:\\xampp\\htdocs...')
#12 {main}
CRITICAL - 2021-12-09 00:25:59 --> Invalid file: admin/sales/modal/more_service.php
#0 C:\xampp\htdocs\acbagus\system\View\View.php(198): CodeIgniter\Exceptions\FrameworkException::forInvalidFile('admin/sales/mod...')
#1 C:\xampp\htdocs\acbagus\system\View\View.php(432): CodeIgniter\View\View->render('admin/sales/mod...', NULL, true)
#2 C:\xampp\htdocs\acbagus\app\Views\admin\sales\serviceac.php(99): CodeIgniter\View\View->include('admin/sales/mod...')
#3 C:\xampp\htdocs\acbagus\system\View\View.php(214): include('C:\\xampp\\htdocs...')
#4 C:\xampp\htdocs\acbagus\system\View\View.php(217): CodeIgniter\View\View->CodeIgniter\View\{closure}()
#5 C:\xampp\htdocs\acbagus\system\Common.php(1097): CodeIgniter\View\View->render('admin/sales/ser...', Array, true)
#6 C:\xampp\htdocs\acbagus\app\Controllers\Sales.php(51): view('admin/sales/ser...', Array)
#7 C:\xampp\htdocs\acbagus\system\CodeIgniter.php(824): App\Controllers\Sales->serviceac()
#8 C:\xampp\htdocs\acbagus\system\CodeIgniter.php(410): CodeIgniter\CodeIgniter->runController(Object(App\Controllers\Sales))
#9 C:\xampp\htdocs\acbagus\system\CodeIgniter.php(318): CodeIgniter\CodeIgniter->handleRequest(NULL, Object(Config\Cache), false)
#10 C:\xampp\htdocs\acbagus\public\index.php(37): CodeIgniter\CodeIgniter->run()
#11 C:\xampp\htdocs\acbagus\system\Commands\Server\rewrite.php(43): require_once('C:\\xampp\\htdocs...')
#12 {main}
CRITICAL - 2021-12-09 04:05:56 --> Undefined property: CodeIgniter\Database\MySQLi\Builder::$desc
#0 C:\xampp\htdocs\acbagus\app\Models\PostModel.php(49): CodeIgniter\Debug\Exceptions->errorHandler(8, 'Undefined prope...', 'C:\\xampp\\htdocs...', 49, Array)
#1 C:\xampp\htdocs\acbagus\app\Controllers\Dashboard.php(20): App\Models\PostModel->getPostDashboard()
#2 C:\xampp\htdocs\acbagus\system\CodeIgniter.php(824): App\Controllers\Dashboard->index()
#3 C:\xampp\htdocs\acbagus\system\CodeIgniter.php(410): CodeIgniter\CodeIgniter->runController(Object(App\Controllers\Dashboard))
#4 C:\xampp\htdocs\acbagus\system\CodeIgniter.php(318): CodeIgniter\CodeIgniter->handleRequest(NULL, Object(Config\Cache), false)
#5 C:\xampp\htdocs\acbagus\public\index.php(37): CodeIgniter\CodeIgniter->run()
#6 C:\xampp\htdocs\acbagus\system\Commands\Server\rewrite.php(43): require_once('C:\\xampp\\htdocs...')
#7 {main}
ERROR - 2021-12-09 04:06:24 --> Column 'id' in order clause is ambiguous
CRITICAL - 2021-12-09 04:06:24 --> Column 'id' in order clause is ambiguous
#0 C:\xampp\htdocs\acbagus\system\Database\MySQLi\Connection.php(292): mysqli->query('SELECT *\nFROM `...', 0)
#1 C:\xampp\htdocs\acbagus\system\Database\BaseConnection.php(670): CodeIgniter\Database\MySQLi\Connection->execute('SELECT *\nFROM `...')
#2 C:\xampp\htdocs\acbagus\system\Database\BaseConnection.php(598): CodeIgniter\Database\BaseConnection->simpleQuery('SELECT *\nFROM `...')
#3 C:\xampp\htdocs\acbagus\system\Database\BaseBuilder.php(1443): CodeIgniter\Database\BaseConnection->query('SELECT *\nFROM `...', Array, false)
#4 C:\xampp\htdocs\acbagus\app\Models\PostModel.php(51): CodeIgniter\Database\BaseBuilder->get()
#5 C:\xampp\htdocs\acbagus\app\Controllers\Dashboard.php(20): App\Models\PostModel->getPostDashboard()
#6 C:\xampp\htdocs\acbagus\system\CodeIgniter.php(824): App\Controllers\Dashboard->index()
#7 C:\xampp\htdocs\acbagus\system\CodeIgniter.php(410): CodeIgniter\CodeIgniter->runController(Object(App\Controllers\Dashboard))
#8 C:\xampp\htdocs\acbagus\system\CodeIgniter.php(318): CodeIgniter\CodeIgniter->handleRequest(NULL, Object(Config\Cache), false)
#9 C:\xampp\htdocs\acbagus\public\index.php(37): CodeIgniter\CodeIgniter->run()
#10 C:\xampp\htdocs\acbagus\system\Commands\Server\rewrite.php(43): require_once('C:\\xampp\\htdocs...')
#11 {main}
ERROR - 2021-12-09 04:07:02 --> You have an error in your SQL syntax; check the manual that corresponds to your MariaDB server version for the right syntax to use near 'as `id`
 LIMIT 5' at line 5
CRITICAL - 2021-12-09 04:07:02 --> You have an error in your SQL syntax; check the manual that corresponds to your MariaDB server version for the right syntax to use near 'as `id`
 LIMIT 5' at line 5
#0 C:\xampp\htdocs\acbagus\system\Database\MySQLi\Connection.php(292): mysqli->query('SELECT *\nFROM `...', 0)
#1 C:\xampp\htdocs\acbagus\system\Database\BaseConnection.php(670): CodeIgniter\Database\MySQLi\Connection->execute('SELECT *\nFROM `...')
#2 C:\xampp\htdocs\acbagus\system\Database\BaseConnection.php(598): CodeIgniter\Database\BaseConnection->simpleQuery('SELECT *\nFROM `...')
#3 C:\xampp\htdocs\acbagus\system\Database\BaseBuilder.php(1443): CodeIgniter\Database\BaseConnection->query('SELECT *\nFROM `...', Array, false)
#4 C:\xampp\htdocs\acbagus\app\Models\PostModel.php(51): CodeIgniter\Database\BaseBuilder->get()
#5 C:\xampp\htdocs\acbagus\app\Controllers\Dashboard.php(20): App\Models\PostModel->getPostDashboard()
#6 C:\xampp\htdocs\acbagus\system\CodeIgniter.php(824): App\Controllers\Dashboard->index()
#7 C:\xampp\htdocs\acbagus\system\CodeIgniter.php(410): CodeIgniter\CodeIgniter->runController(Object(App\Controllers\Dashboard))
#8 C:\xampp\htdocs\acbagus\system\CodeIgniter.php(318): CodeIgniter\CodeIgniter->handleRequest(NULL, Object(Config\Cache), false)
#9 C:\xampp\htdocs\acbagus\public\index.php(37): CodeIgniter\CodeIgniter->run()
#10 C:\xampp\htdocs\acbagus\system\Commands\Server\rewrite.php(43): require_once('C:\\xampp\\htdocs...')
#11 {main}
CRITICAL - 2021-12-09 04:07:12 --> Invalid file: index.php
#0 C:\xampp\htdocs\acbagus\system\View\View.php(198): CodeIgniter\Exceptions\FrameworkException::forInvalidFile('index.php')
#1 C:\xampp\htdocs\acbagus\system\Common.php(1097): CodeIgniter\View\View->render('index', Array, true)
#2 C:\xampp\htdocs\acbagus\app\Controllers\Home.php(9): view('index')
#3 C:\xampp\htdocs\acbagus\system\CodeIgniter.php(824): App\Controllers\Home->index()
#4 C:\xampp\htdocs\acbagus\system\CodeIgniter.php(410): CodeIgniter\CodeIgniter->runController(Object(App\Controllers\Home))
#5 C:\xampp\htdocs\acbagus\system\CodeIgniter.php(318): CodeIgniter\CodeIgniter->handleRequest(NULL, Object(Config\Cache), false)
#6 C:\xampp\htdocs\acbagus\public\index.php(37): CodeIgniter\CodeIgniter->run()
#7 C:\xampp\htdocs\acbagus\system\Commands\Server\rewrite.php(43): require_once('C:\\xampp\\htdocs...')
#8 {main}
ERROR - 2021-12-09 04:07:17 --> You have an error in your SQL syntax; check the manual that corresponds to your MariaDB server version for the right syntax to use near 'as `id`
 LIMIT 5' at line 5
CRITICAL - 2021-12-09 04:07:17 --> You have an error in your SQL syntax; check the manual that corresponds to your MariaDB server version for the right syntax to use near 'as `id`
 LIMIT 5' at line 5
#0 C:\xampp\htdocs\acbagus\system\Database\MySQLi\Connection.php(292): mysqli->query('SELECT *\nFROM `...', 0)
#1 C:\xampp\htdocs\acbagus\system\Database\BaseConnection.php(670): CodeIgniter\Database\MySQLi\Connection->execute('SELECT *\nFROM `...')
#2 C:\xampp\htdocs\acbagus\system\Database\BaseConnection.php(598): CodeIgniter\Database\BaseConnection->simpleQuery('SELECT *\nFROM `...')
#3 C:\xampp\htdocs\acbagus\system\Database\BaseBuilder.php(1443): CodeIgniter\Database\BaseConnection->query('SELECT *\nFROM `...', Array, false)
#4 C:\xampp\htdocs\acbagus\app\Models\PostModel.php(51): CodeIgniter\Database\BaseBuilder->get()
#5 C:\xampp\htdocs\acbagus\app\Controllers\Dashboard.php(20): App\Models\PostModel->getPostDashboard()
#6 C:\xampp\htdocs\acbagus\system\CodeIgniter.php(824): App\Controllers\Dashboard->index()
#7 C:\xampp\htdocs\acbagus\system\CodeIgniter.php(410): CodeIgniter\CodeIgniter->runController(Object(App\Controllers\Dashboard))
#8 C:\xampp\htdocs\acbagus\system\CodeIgniter.php(318): CodeIgniter\CodeIgniter->handleRequest(NULL, Object(Config\Cache), false)
#9 C:\xampp\htdocs\acbagus\public\index.php(37): CodeIgniter\CodeIgniter->run()
#10 C:\xampp\htdocs\acbagus\system\Commands\Server\rewrite.php(43): require_once('C:\\xampp\\htdocs...')
#11 {main}
ERROR - 2021-12-09 04:12:09 --> Unknown column 'desc' in 'order clause'
CRITICAL - 2021-12-09 04:12:09 --> Unknown column 'desc' in 'order clause'
#0 C:\xampp\htdocs\acbagus\system\Database\MySQLi\Connection.php(292): mysqli->query('SELECT *\nFROM `...', 0)
#1 C:\xampp\htdocs\acbagus\system\Database\BaseConnection.php(670): CodeIgniter\Database\MySQLi\Connection->execute('SELECT *\nFROM `...')
#2 C:\xampp\htdocs\acbagus\system\Database\BaseConnection.php(598): CodeIgniter\Database\BaseConnection->simpleQuery('SELECT *\nFROM `...')
#3 C:\xampp\htdocs\acbagus\system\Database\BaseBuilder.php(1443): CodeIgniter\Database\BaseConnection->query('SELECT *\nFROM `...', Array, false)
#4 C:\xampp\htdocs\acbagus\app\Models\PostModel.php(51): CodeIgniter\Database\BaseBuilder->get()
#5 C:\xampp\htdocs\acbagus\app\Controllers\Dashboard.php(20): App\Models\PostModel->getPostDashboard()
#6 C:\xampp\htdocs\acbagus\system\CodeIgniter.php(824): App\Controllers\Dashboard->index()
#7 C:\xampp\htdocs\acbagus\system\CodeIgniter.php(410): CodeIgniter\CodeIgniter->runController(Object(App\Controllers\Dashboard))
#8 C:\xampp\htdocs\acbagus\system\CodeIgniter.php(318): CodeIgniter\CodeIgniter->handleRequest(NULL, Object(Config\Cache), false)
#9 C:\xampp\htdocs\acbagus\public\index.php(37): CodeIgniter\CodeIgniter->run()
#10 C:\xampp\htdocs\acbagus\system\Commands\Server\rewrite.php(43): require_once('C:\\xampp\\htdocs...')
#11 {main}
CRITICAL - 2021-12-09 08:58:41 --> Anda tidak memiliki izin yang memadai untuk mengakses halaman itu.
#0 C:\xampp\htdocs\acbagus\system\Filters\Filters.php(173): Myth\Auth\Filters\RoleFilter->before(Object(CodeIgniter\HTTP\IncomingRequest), Array)
#1 C:\xampp\htdocs\acbagus\system\CodeIgniter.php(384): CodeIgniter\Filters\Filters->run('dashboard', 'before')
#2 C:\xampp\htdocs\acbagus\system\CodeIgniter.php(318): CodeIgniter\CodeIgniter->handleRequest(NULL, Object(Config\Cache), false)
#3 C:\xampp\htdocs\acbagus\public\index.php(37): CodeIgniter\CodeIgniter->run()
#4 C:\xampp\htdocs\acbagus\system\Commands\Server\rewrite.php(43): require_once('C:\\xampp\\htdocs...')
#5 {main}
CRITICAL - 2021-12-09 10:02:39 --> View themes, no current section.
#0 C:\xampp\htdocs\acbagus\app\Views\user\artikel.php(88): CodeIgniter\View\View->endSection()
#1 C:\xampp\htdocs\acbagus\system\View\View.php(214): include('C:\\xampp\\htdocs...')
#2 C:\xampp\htdocs\acbagus\system\View\View.php(217): CodeIgniter\View\View->CodeIgniter\View\{closure}()
#3 C:\xampp\htdocs\acbagus\system\Common.php(1097): CodeIgniter\View\View->render('user/artikel', Array, true)
#4 C:\xampp\htdocs\acbagus\app\Controllers\Post.php(119): view('user/artikel', Array)
#5 C:\xampp\htdocs\acbagus\system\CodeIgniter.php(824): App\Controllers\Post->artikel('saya-adalah-bag...')
#6 C:\xampp\htdocs\acbagus\system\CodeIgniter.php(410): CodeIgniter\CodeIgniter->runController(Object(App\Controllers\Post))
#7 C:\xampp\htdocs\acbagus\system\CodeIgniter.php(318): CodeIgniter\CodeIgniter->handleRequest(NULL, Object(Config\Cache), false)
#8 C:\xampp\htdocs\acbagus\public\index.php(37): CodeIgniter\CodeIgniter->run()
#9 C:\xampp\htdocs\acbagus\system\Commands\Server\rewrite.php(43): require_once('C:\\xampp\\htdocs...')
#10 {main}
CRITICAL - 2021-12-09 11:32:50 --> Undefined index: status
#0 C:\xampp\htdocs\acbagus\app\Controllers\Dashboard.php(22): CodeIgniter\Debug\Exceptions->errorHandler(8, 'Undefined index...', 'C:\\xampp\\htdocs...', 22, Array)
#1 C:\xampp\htdocs\acbagus\system\CodeIgniter.php(824): App\Controllers\Dashboard->index()
#2 C:\xampp\htdocs\acbagus\system\CodeIgniter.php(410): CodeIgniter\CodeIgniter->runController(Object(App\Controllers\Dashboard))
#3 C:\xampp\htdocs\acbagus\system\CodeIgniter.php(318): CodeIgniter\CodeIgniter->handleRequest(NULL, Object(Config\Cache), false)
#4 C:\xampp\htdocs\acbagus\public\index.php(37): CodeIgniter\CodeIgniter->run()
#5 C:\xampp\htdocs\acbagus\system\Commands\Server\rewrite.php(43): require_once('C:\\xampp\\htdocs...')
#6 {main}
CRITICAL - 2021-12-09 11:45:38 --> Invalid file: index.php
#0 C:\xampp\htdocs\acbagus\system\View\View.php(198): CodeIgniter\Exceptions\FrameworkException::forInvalidFile('index.php')
#1 C:\xampp\htdocs\acbagus\system\Common.php(1097): CodeIgniter\View\View->render('index', Array, true)
#2 C:\xampp\htdocs\acbagus\app\Controllers\Home.php(9): view('index')
#3 C:\xampp\htdocs\acbagus\system\CodeIgniter.php(824): App\Controllers\Home->index()
#4 C:\xampp\htdocs\acbagus\system\CodeIgniter.php(410): CodeIgniter\CodeIgniter->runController(Object(App\Controllers\Home))
#5 C:\xampp\htdocs\acbagus\system\CodeIgniter.php(318): CodeIgniter\CodeIgniter->handleRequest(NULL, Object(Config\Cache), false)
#6 C:\xampp\htdocs\acbagus\public\index.php(37): CodeIgniter\CodeIgniter->run()
#7 C:\xampp\htdocs\acbagus\system\Commands\Server\rewrite.php(43): require_once('C:\\xampp\\htdocs...')
#8 {main}
CRITICAL - 2021-12-09 12:09:45 --> Anda tidak memiliki izin yang memadai untuk mengakses halaman itu.
#0 C:\xampp\htdocs\acbagus\system\Filters\Filters.php(173): Myth\Auth\Filters\RoleFilter->before(Object(CodeIgniter\HTTP\IncomingRequest), Array)
#1 C:\xampp\htdocs\acbagus\system\CodeIgniter.php(384): CodeIgniter\Filters\Filters->run('booking', 'before')
#2 C:\xampp\htdocs\acbagus\system\CodeIgniter.php(318): CodeIgniter\CodeIgniter->handleRequest(NULL, Object(Config\Cache), false)
#3 C:\xampp\htdocs\acbagus\public\index.php(37): CodeIgniter\CodeIgniter->run()
#4 C:\xampp\htdocs\acbagus\system\Commands\Server\rewrite.php(43): require_once('C:\\xampp\\htdocs...')
#5 {main}
CRITICAL - 2021-12-09 12:10:09 --> Anda tidak memiliki izin yang memadai untuk mengakses halaman itu.
#0 C:\xampp\htdocs\acbagus\system\Filters\Filters.php(173): Myth\Auth\Filters\RoleFilter->before(Object(CodeIgniter\HTTP\IncomingRequest), Array)
#1 C:\xampp\htdocs\acbagus\system\CodeIgniter.php(384): CodeIgniter\Filters\Filters->run('dashboard', 'before')
#2 C:\xampp\htdocs\acbagus\system\CodeIgniter.php(318): CodeIgniter\CodeIgniter->handleRequest(NULL, Object(Config\Cache), false)
#3 C:\xampp\htdocs\acbagus\public\index.php(37): CodeIgniter\CodeIgniter->run()
#4 C:\xampp\htdocs\acbagus\system\Commands\Server\rewrite.php(43): require_once('C:\\xampp\\htdocs...')
#5 {main}
CRITICAL - 2021-12-09 12:10:25 --> Anda tidak memiliki izin yang memadai untuk mengakses halaman itu.
#0 C:\xampp\htdocs\acbagus\system\Filters\Filters.php(173): Myth\Auth\Filters\RoleFilter->before(Object(CodeIgniter\HTTP\IncomingRequest), Array)
#1 C:\xampp\htdocs\acbagus\system\CodeIgniter.php(384): CodeIgniter\Filters\Filters->run('usersprofile', 'before')
#2 C:\xampp\htdocs\acbagus\system\CodeIgniter.php(318): CodeIgniter\CodeIgniter->handleRequest(NULL, Object(Config\Cache), false)
#3 C:\xampp\htdocs\acbagus\public\index.php(37): CodeIgniter\CodeIgniter->run()
#4 C:\xampp\htdocs\acbagus\system\Commands\Server\rewrite.php(43): require_once('C:\\xampp\\htdocs...')
#5 {main}
CRITICAL - 2021-12-09 12:26:17 --> Invalid file: index.php
#0 C:\xampp\htdocs\acbagus\system\View\View.php(198): CodeIgniter\Exceptions\FrameworkException::forInvalidFile('index.php')
#1 C:\xampp\htdocs\acbagus\system\Common.php(1097): CodeIgniter\View\View->render('index', Array, true)
#2 C:\xampp\htdocs\acbagus\app\Controllers\Home.php(9): view('index')
#3 C:\xampp\htdocs\acbagus\system\CodeIgniter.php(824): App\Controllers\Home->index()
#4 C:\xampp\htdocs\acbagus\system\CodeIgniter.php(410): CodeIgniter\CodeIgniter->runController(Object(App\Controllers\Home))
#5 C:\xampp\htdocs\acbagus\system\CodeIgniter.php(318): CodeIgniter\CodeIgniter->handleRequest(NULL, Object(Config\Cache), false)
#6 C:\xampp\htdocs\acbagus\public\index.php(37): CodeIgniter\CodeIgniter->run()
#7 C:\xampp\htdocs\acbagus\system\Commands\Server\rewrite.php(43): require_once('C:\\xampp\\htdocs...')
#8 {main}
CRITICAL - 2021-12-09 12:26:59 --> Trying to access array offset on value of type int
#0 C:\xampp\htdocs\acbagus\app\Views\admin\dashboard\index.php(57): CodeIgniter\Debug\Exceptions->errorHandler(8, 'Trying to acces...', 'C:\\xampp\\htdocs...', 57, Array)
#1 C:\xampp\htdocs\acbagus\system\View\View.php(214): include('C:\\xampp\\htdocs...')
#2 C:\xampp\htdocs\acbagus\system\View\View.php(217): CodeIgniter\View\View->CodeIgniter\View\{closure}()
#3 C:\xampp\htdocs\acbagus\system\Common.php(1097): CodeIgniter\View\View->render('admin/dashboard...', Array, true)
#4 C:\xampp\htdocs\acbagus\app\Controllers\Dashboard.php(30): view('admin/dashboard...', Array)
#5 C:\xampp\htdocs\acbagus\system\CodeIgniter.php(824): App\Controllers\Dashboard->index()
#6 C:\xampp\htdocs\acbagus\system\CodeIgniter.php(410): CodeIgniter\CodeIgniter->runController(Object(App\Controllers\Dashboard))
#7 C:\xampp\htdocs\acbagus\system\CodeIgniter.php(318): CodeIgniter\CodeIgniter->handleRequest(NULL, Object(Config\Cache), false)
#8 C:\xampp\htdocs\acbagus\public\index.php(37): CodeIgniter\CodeIgniter->run()
#9 C:\xampp\htdocs\acbagus\system\Commands\Server\rewrite.php(43): require_once('C:\\xampp\\htdocs...')
#10 {main}
CRITICAL - 2021-12-09 12:27:19 --> Trying to get property 'total_harga' of non-object
#0 C:\xampp\htdocs\acbagus\app\Views\admin\dashboard\index.php(57): CodeIgniter\Debug\Exceptions->errorHandler(8, 'Trying to get p...', 'C:\\xampp\\htdocs...', 57, Array)
#1 C:\xampp\htdocs\acbagus\system\View\View.php(214): include('C:\\xampp\\htdocs...')
#2 C:\xampp\htdocs\acbagus\system\View\View.php(217): CodeIgniter\View\View->CodeIgniter\View\{closure}()
#3 C:\xampp\htdocs\acbagus\system\Common.php(1097): CodeIgniter\View\View->render('admin/dashboard...', Array, true)
#4 C:\xampp\htdocs\acbagus\app\Controllers\Dashboard.php(30): view('admin/dashboard...', Array)
#5 C:\xampp\htdocs\acbagus\system\CodeIgniter.php(824): App\Controllers\Dashboard->index()
#6 C:\xampp\htdocs\acbagus\system\CodeIgniter.php(410): CodeIgniter\CodeIgniter->runController(Object(App\Controllers\Dashboard))
#7 C:\xampp\htdocs\acbagus\system\CodeIgniter.php(318): CodeIgniter\CodeIgniter->handleRequest(NULL, Object(Config\Cache), false)
#8 C:\xampp\htdocs\acbagus\public\index.php(37): CodeIgniter\CodeIgniter->run()
#9 C:\xampp\htdocs\acbagus\system\Commands\Server\rewrite.php(43): require_once('C:\\xampp\\htdocs...')
#10 {main}
CRITICAL - 2021-12-09 12:28:49 --> number_format() expects parameter 1 to be float, array given
#0 [internal function]: CodeIgniter\Debug\Exceptions->errorHandler(2, 'number_format()...', 'C:\\xampp\\htdocs...', 48, Array)
#1 C:\xampp\htdocs\acbagus\app\Views\admin\dashboard\index.php(48): number_format(Array, 2, ',', '.')
#2 C:\xampp\htdocs\acbagus\app\Views\admin\dashboard\index.php(57): rupiah(Array)
#3 C:\xampp\htdocs\acbagus\system\View\View.php(214): include('C:\\xampp\\htdocs...')
#4 C:\xampp\htdocs\acbagus\system\View\View.php(217): CodeIgniter\View\View->CodeIgniter\View\{closure}()
#5 C:\xampp\htdocs\acbagus\system\Common.php(1097): CodeIgniter\View\View->render('admin/dashboard...', Array, true)
#6 C:\xampp\htdocs\acbagus\app\Controllers\Dashboard.php(29): view('admin/dashboard...', Array)
#7 C:\xampp\htdocs\acbagus\system\CodeIgniter.php(824): App\Controllers\Dashboard->index()
#8 C:\xampp\htdocs\acbagus\system\CodeIgniter.php(410): CodeIgniter\CodeIgniter->runController(Object(App\Controllers\Dashboard))
#9 C:\xampp\htdocs\acbagus\system\CodeIgniter.php(318): CodeIgniter\CodeIgniter->handleRequest(NULL, Object(Config\Cache), false)
#10 C:\xampp\htdocs\acbagus\public\index.php(37): CodeIgniter\CodeIgniter->run()
#11 C:\xampp\htdocs\acbagus\system\Commands\Server\rewrite.php(43): require_once('C:\\xampp\\htdocs...')
#12 {main}
CRITICAL - 2021-12-09 12:29:42 --> Undefined index: total_harga
#0 C:\xampp\htdocs\acbagus\app\Views\admin\dashboard\index.php(57): CodeIgniter\Debug\Exceptions->errorHandler(8, 'Undefined index...', 'C:\\xampp\\htdocs...', 57, Array)
#1 C:\xampp\htdocs\acbagus\system\View\View.php(214): include('C:\\xampp\\htdocs...')
#2 C:\xampp\htdocs\acbagus\system\View\View.php(217): CodeIgniter\View\View->CodeIgniter\View\{closure}()
#3 C:\xampp\htdocs\acbagus\system\Common.php(1097): CodeIgniter\View\View->render('admin/dashboard...', Array, true)
#4 C:\xampp\htdocs\acbagus\app\Controllers\Dashboard.php(29): view('admin/dashboard...', Array)
#5 C:\xampp\htdocs\acbagus\system\CodeIgniter.php(824): App\Controllers\Dashboard->index()
#6 C:\xampp\htdocs\acbagus\system\CodeIgniter.php(410): CodeIgniter\CodeIgniter->runController(Object(App\Controllers\Dashboard))
#7 C:\xampp\htdocs\acbagus\system\CodeIgniter.php(318): CodeIgniter\CodeIgniter->handleRequest(NULL, Object(Config\Cache), false)
#8 C:\xampp\htdocs\acbagus\public\index.php(37): CodeIgniter\CodeIgniter->run()
#9 C:\xampp\htdocs\acbagus\system\Commands\Server\rewrite.php(43): require_once('C:\\xampp\\htdocs...')
#10 {main}
CRITICAL - 2021-12-09 12:30:32 --> Trying to get property 'total_harga' of non-object
#0 C:\xampp\htdocs\acbagus\app\Views\admin\dashboard\index.php(57): CodeIgniter\Debug\Exceptions->errorHandler(8, 'Trying to get p...', 'C:\\xampp\\htdocs...', 57, Array)
#1 C:\xampp\htdocs\acbagus\system\View\View.php(214): include('C:\\xampp\\htdocs...')
#2 C:\xampp\htdocs\acbagus\system\View\View.php(217): CodeIgniter\View\View->CodeIgniter\View\{closure}()
#3 C:\xampp\htdocs\acbagus\system\Common.php(1097): CodeIgniter\View\View->render('admin/dashboard...', Array, true)
#4 C:\xampp\htdocs\acbagus\app\Controllers\Dashboard.php(29): view('admin/dashboard...', Array)
#5 C:\xampp\htdocs\acbagus\system\CodeIgniter.php(824): App\Controllers\Dashboard->index()
#6 C:\xampp\htdocs\acbagus\system\CodeIgniter.php(410): CodeIgniter\CodeIgniter->runController(Object(App\Controllers\Dashboard))
#7 C:\xampp\htdocs\acbagus\system\CodeIgniter.php(318): CodeIgniter\CodeIgniter->handleRequest(NULL, Object(Config\Cache), false)
#8 C:\xampp\htdocs\acbagus\public\index.php(37): CodeIgniter\CodeIgniter->run()
#9 C:\xampp\htdocs\acbagus\system\Commands\Server\rewrite.php(43): require_once('C:\\xampp\\htdocs...')
#10 {main}
CRITICAL - 2021-12-09 12:30:45 --> Undefined index: total_harga
#0 C:\xampp\htdocs\acbagus\app\Views\admin\dashboard\index.php(57): CodeIgniter\Debug\Exceptions->errorHandler(8, 'Undefined index...', 'C:\\xampp\\htdocs...', 57, Array)
#1 C:\xampp\htdocs\acbagus\system\View\View.php(214): include('C:\\xampp\\htdocs...')
#2 C:\xampp\htdocs\acbagus\system\View\View.php(217): CodeIgniter\View\View->CodeIgniter\View\{closure}()
#3 C:\xampp\htdocs\acbagus\system\Common.php(1097): CodeIgniter\View\View->render('admin/dashboard...', Array, true)
#4 C:\xampp\htdocs\acbagus\app\Controllers\Dashboard.php(29): view('admin/dashboard...', Array)
#5 C:\xampp\htdocs\acbagus\system\CodeIgniter.php(824): App\Controllers\Dashboard->index()
#6 C:\xampp\htdocs\acbagus\system\CodeIgniter.php(410): CodeIgniter\CodeIgniter->runController(Object(App\Controllers\Dashboard))
#7 C:\xampp\htdocs\acbagus\system\CodeIgniter.php(318): CodeIgniter\CodeIgniter->handleRequest(NULL, Object(Config\Cache), false)
#8 C:\xampp\htdocs\acbagus\public\index.php(37): CodeIgniter\CodeIgniter->run()
#9 C:\xampp\htdocs\acbagus\system\Commands\Server\rewrite.php(43): require_once('C:\\xampp\\htdocs...')
#10 {main}
CRITICAL - 2021-12-09 12:35:33 --> Trying to get property 'total_harga' of non-object
#0 C:\xampp\htdocs\acbagus\app\Views\admin\dashboard\index.php(57): CodeIgniter\Debug\Exceptions->errorHandler(8, 'Trying to get p...', 'C:\\xampp\\htdocs...', 57, Array)
#1 C:\xampp\htdocs\acbagus\system\View\View.php(214): include('C:\\xampp\\htdocs...')
#2 C:\xampp\htdocs\acbagus\system\View\View.php(217): CodeIgniter\View\View->CodeIgniter\View\{closure}()
#3 C:\xampp\htdocs\acbagus\system\Common.php(1097): CodeIgniter\View\View->render('admin/dashboard...', Array, true)
#4 C:\xampp\htdocs\acbagus\app\Controllers\Dashboard.php(30): view('admin/dashboard...', Array)
#5 C:\xampp\htdocs\acbagus\system\CodeIgniter.php(824): App\Controllers\Dashboard->index()
#6 C:\xampp\htdocs\acbagus\system\CodeIgniter.php(410): CodeIgniter\CodeIgniter->runController(Object(App\Controllers\Dashboard))
#7 C:\xampp\htdocs\acbagus\system\CodeIgniter.php(318): CodeIgniter\CodeIgniter->handleRequest(NULL, Object(Config\Cache), false)
#8 C:\xampp\htdocs\acbagus\public\index.php(37): CodeIgniter\CodeIgniter->run()
#9 C:\xampp\htdocs\acbagus\system\Commands\Server\rewrite.php(43): require_once('C:\\xampp\\htdocs...')
#10 {main}
CRITICAL - 2021-12-09 12:36:09 --> Trying to get property 'total_harga' of non-object
#0 C:\xampp\htdocs\acbagus\app\Views\admin\dashboard\index.php(57): CodeIgniter\Debug\Exceptions->errorHandler(8, 'Trying to get p...', 'C:\\xampp\\htdocs...', 57, Array)
#1 C:\xampp\htdocs\acbagus\system\View\View.php(214): include('C:\\xampp\\htdocs...')
#2 C:\xampp\htdocs\acbagus\system\View\View.php(217): CodeIgniter\View\View->CodeIgniter\View\{closure}()
#3 C:\xampp\htdocs\acbagus\system\Common.php(1097): CodeIgniter\View\View->render('admin/dashboard...', Array, true)
#4 C:\xampp\htdocs\acbagus\app\Controllers\Dashboard.php(30): view('admin/dashboard...', Array)
#5 C:\xampp\htdocs\acbagus\system\CodeIgniter.php(824): App\Controllers\Dashboard->index()
#6 C:\xampp\htdocs\acbagus\system\CodeIgniter.php(410): CodeIgniter\CodeIgniter->runController(Object(App\Controllers\Dashboard))
#7 C:\xampp\htdocs\acbagus\system\CodeIgniter.php(318): CodeIgniter\CodeIgniter->handleRequest(NULL, Object(Config\Cache), false)
#8 C:\xampp\htdocs\acbagus\public\index.php(37): CodeIgniter\CodeIgniter->run()
#9 C:\xampp\htdocs\acbagus\system\Commands\Server\rewrite.php(43): require_once('C:\\xampp\\htdocs...')
#10 {main}
CRITICAL - 2021-12-09 12:45:14 --> Trying to get property 'total_harga' of non-object
#0 C:\xampp\htdocs\acbagus\app\Views\admin\dashboard\index.php(57): CodeIgniter\Debug\Exceptions->errorHandler(8, 'Trying to get p...', 'C:\\xampp\\htdocs...', 57, Array)
#1 C:\xampp\htdocs\acbagus\system\View\View.php(214): include('C:\\xampp\\htdocs...')
#2 C:\xampp\htdocs\acbagus\system\View\View.php(217): CodeIgniter\View\View->CodeIgniter\View\{closure}()
#3 C:\xampp\htdocs\acbagus\system\Common.php(1097): CodeIgniter\View\View->render('admin/dashboard...', Array, true)
#4 C:\xampp\htdocs\acbagus\app\Controllers\Dashboard.php(31): view('admin/dashboard...', Array)
#5 C:\xampp\htdocs\acbagus\system\CodeIgniter.php(824): App\Controllers\Dashboard->index()
#6 C:\xampp\htdocs\acbagus\system\CodeIgniter.php(410): CodeIgniter\CodeIgniter->runController(Object(App\Controllers\Dashboard))
#7 C:\xampp\htdocs\acbagus\system\CodeIgniter.php(318): CodeIgniter\CodeIgniter->handleRequest(NULL, Object(Config\Cache), false)
#8 C:\xampp\htdocs\acbagus\public\index.php(37): CodeIgniter\CodeIgniter->run()
#9 C:\xampp\htdocs\acbagus\system\Commands\Server\rewrite.php(43): require_once('C:\\xampp\\htdocs...')
#10 {main}
CRITICAL - 2021-12-09 12:48:41 --> Trying to get property 'semua' of non-object
#0 C:\xampp\htdocs\acbagus\app\Views\admin\dashboard\index.php(57): CodeIgniter\Debug\Exceptions->errorHandler(8, 'Trying to get p...', 'C:\\xampp\\htdocs...', 57, Array)
#1 C:\xampp\htdocs\acbagus\system\View\View.php(214): include('C:\\xampp\\htdocs...')
#2 C:\xampp\htdocs\acbagus\system\View\View.php(217): CodeIgniter\View\View->CodeIgniter\View\{closure}()
#3 C:\xampp\htdocs\acbagus\system\Common.php(1097): CodeIgniter\View\View->render('admin/dashboard...', Array, true)
#4 C:\xampp\htdocs\acbagus\app\Controllers\Dashboard.php(31): view('admin/dashboard...', Array)
#5 C:\xampp\htdocs\acbagus\system\CodeIgniter.php(824): App\Controllers\Dashboard->index()
#6 C:\xampp\htdocs\acbagus\system\CodeIgniter.php(410): CodeIgniter\CodeIgniter->runController(Object(App\Controllers\Dashboard))
#7 C:\xampp\htdocs\acbagus\system\CodeIgniter.php(318): CodeIgniter\CodeIgniter->handleRequest(NULL, Object(Config\Cache), false)
#8 C:\xampp\htdocs\acbagus\public\index.php(37): CodeIgniter\CodeIgniter->run()
#9 C:\xampp\htdocs\acbagus\system\Commands\Server\rewrite.php(43): require_once('C:\\xampp\\htdocs...')
#10 {main}
CRITICAL - 2021-12-09 12:49:09 --> Undefined index: semua
#0 C:\xampp\htdocs\acbagus\app\Views\admin\dashboard\index.php(57): CodeIgniter\Debug\Exceptions->errorHandler(8, 'Undefined index...', 'C:\\xampp\\htdocs...', 57, Array)
#1 C:\xampp\htdocs\acbagus\system\View\View.php(214): include('C:\\xampp\\htdocs...')
#2 C:\xampp\htdocs\acbagus\system\View\View.php(217): CodeIgniter\View\View->CodeIgniter\View\{closure}()
#3 C:\xampp\htdocs\acbagus\system\Common.php(1097): CodeIgniter\View\View->render('admin/dashboard...', Array, true)
#4 C:\xampp\htdocs\acbagus\app\Controllers\Dashboard.php(31): view('admin/dashboard...', Array)
#5 C:\xampp\htdocs\acbagus\system\CodeIgniter.php(824): App\Controllers\Dashboard->index()
#6 C:\xampp\htdocs\acbagus\system\CodeIgniter.php(410): CodeIgniter\CodeIgniter->runController(Object(App\Controllers\Dashboard))
#7 C:\xampp\htdocs\acbagus\system\CodeIgniter.php(318): CodeIgniter\CodeIgniter->handleRequest(NULL, Object(Config\Cache), false)
#8 C:\xampp\htdocs\acbagus\public\index.php(37): CodeIgniter\CodeIgniter->run()
#9 C:\xampp\htdocs\acbagus\system\Commands\Server\rewrite.php(43): require_once('C:\\xampp\\htdocs...')
#10 {main}
CRITICAL - 2021-12-09 12:50:39 --> Undefined index: semua
#0 C:\xampp\htdocs\acbagus\app\Views\admin\dashboard\index.php(57): CodeIgniter\Debug\Exceptions->errorHandler(8, 'Undefined index...', 'C:\\xampp\\htdocs...', 57, Array)
#1 C:\xampp\htdocs\acbagus\system\View\View.php(214): include('C:\\xampp\\htdocs...')
#2 C:\xampp\htdocs\acbagus\system\View\View.php(217): CodeIgniter\View\View->CodeIgniter\View\{closure}()
#3 C:\xampp\htdocs\acbagus\system\Common.php(1097): CodeIgniter\View\View->render('admin/dashboard...', Array, true)
#4 C:\xampp\htdocs\acbagus\app\Controllers\Dashboard.php(31): view('admin/dashboard...', Array)
#5 C:\xampp\htdocs\acbagus\system\CodeIgniter.php(824): App\Controllers\Dashboard->index()
#6 C:\xampp\htdocs\acbagus\system\CodeIgniter.php(410): CodeIgniter\CodeIgniter->runController(Object(App\Controllers\Dashboard))
#7 C:\xampp\htdocs\acbagus\system\CodeIgniter.php(318): CodeIgniter\CodeIgniter->handleRequest(NULL, Object(Config\Cache), false)
#8 C:\xampp\htdocs\acbagus\public\index.php(37): CodeIgniter\CodeIgniter->run()
#9 C:\xampp\htdocs\acbagus\system\Commands\Server\rewrite.php(43): require_once('C:\\xampp\\htdocs...')
#10 {main}
CRITICAL - 2021-12-09 12:52:22 --> Object of class stdClass could not be converted to string
#0 C:\xampp\htdocs\acbagus\system\View\View.php(214): include()
#1 C:\xampp\htdocs\acbagus\system\View\View.php(217): CodeIgniter\View\View->CodeIgniter\View\{closure}()
#2 C:\xampp\htdocs\acbagus\system\Common.php(1097): CodeIgniter\View\View->render('admin/dashboard...', Array, true)
#3 C:\xampp\htdocs\acbagus\app\Controllers\Dashboard.php(31): view('admin/dashboard...', Array)
#4 C:\xampp\htdocs\acbagus\system\CodeIgniter.php(824): App\Controllers\Dashboard->index()
#5 C:\xampp\htdocs\acbagus\system\CodeIgniter.php(410): CodeIgniter\CodeIgniter->runController(Object(App\Controllers\Dashboard))
#6 C:\xampp\htdocs\acbagus\system\CodeIgniter.php(318): CodeIgniter\CodeIgniter->handleRequest(NULL, Object(Config\Cache), false)
#7 C:\xampp\htdocs\acbagus\public\index.php(37): CodeIgniter\CodeIgniter->run()
#8 C:\xampp\htdocs\acbagus\system\Commands\Server\rewrite.php(43): require_once('C:\\xampp\\htdocs...')
#9 {main}
CRITICAL - 2021-12-09 12:52:39 --> Object of class stdClass could not be converted to string
#0 C:\xampp\htdocs\acbagus\system\View\View.php(214): include()
#1 C:\xampp\htdocs\acbagus\system\View\View.php(217): CodeIgniter\View\View->CodeIgniter\View\{closure}()
#2 C:\xampp\htdocs\acbagus\system\Common.php(1097): CodeIgniter\View\View->render('admin/dashboard...', Array, true)
#3 C:\xampp\htdocs\acbagus\app\Controllers\Dashboard.php(31): view('admin/dashboard...', Array)
#4 C:\xampp\htdocs\acbagus\system\CodeIgniter.php(824): App\Controllers\Dashboard->index()
#5 C:\xampp\htdocs\acbagus\system\CodeIgniter.php(410): CodeIgniter\CodeIgniter->runController(Object(App\Controllers\Dashboard))
#6 C:\xampp\htdocs\acbagus\system\CodeIgniter.php(318): CodeIgniter\CodeIgniter->handleRequest(NULL, Object(Config\Cache), false)
#7 C:\xampp\htdocs\acbagus\public\index.php(37): CodeIgniter\CodeIgniter->run()
#8 C:\xampp\htdocs\acbagus\system\Commands\Server\rewrite.php(43): require_once('C:\\xampp\\htdocs...')
#9 {main}
CRITICAL - 2021-12-09 12:59:40 --> Array to string conversion
#0 C:\xampp\htdocs\acbagus\app\Views\admin\dashboard\index.php(57): CodeIgniter\Debug\Exceptions->errorHandler(8, 'Array to string...', 'C:\\xampp\\htdocs...', 57, Array)
#1 C:\xampp\htdocs\acbagus\system\View\View.php(214): include('C:\\xampp\\htdocs...')
#2 C:\xampp\htdocs\acbagus\system\View\View.php(217): CodeIgniter\View\View->CodeIgniter\View\{closure}()
#3 C:\xampp\htdocs\acbagus\system\Common.php(1097): CodeIgniter\View\View->render('admin/dashboard...', Array, true)
#4 C:\xampp\htdocs\acbagus\app\Controllers\Dashboard.php(31): view('admin/dashboard...', Array)
#5 C:\xampp\htdocs\acbagus\system\CodeIgniter.php(824): App\Controllers\Dashboard->index()
#6 C:\xampp\htdocs\acbagus\system\CodeIgniter.php(410): CodeIgniter\CodeIgniter->runController(Object(App\Controllers\Dashboard))
#7 C:\xampp\htdocs\acbagus\system\CodeIgniter.php(318): CodeIgniter\CodeIgniter->handleRequest(NULL, Object(Config\Cache), false)
#8 C:\xampp\htdocs\acbagus\public\index.php(37): CodeIgniter\CodeIgniter->run()
#9 C:\xampp\htdocs\acbagus\system\Commands\Server\rewrite.php(43): require_once('C:\\xampp\\htdocs...')
#10 {main}
CRITICAL - 2021-12-09 13:02:33 --> Undefined index: total_harga
#0 C:\xampp\htdocs\acbagus\app\Views\admin\dashboard\index.php(57): CodeIgniter\Debug\Exceptions->errorHandler(8, 'Undefined index...', 'C:\\xampp\\htdocs...', 57, Array)
#1 C:\xampp\htdocs\acbagus\system\View\View.php(214): include('C:\\xampp\\htdocs...')
#2 C:\xampp\htdocs\acbagus\system\View\View.php(217): CodeIgniter\View\View->CodeIgniter\View\{closure}()
#3 C:\xampp\htdocs\acbagus\system\Common.php(1097): CodeIgniter\View\View->render('admin/dashboard...', Array, true)
#4 C:\xampp\htdocs\acbagus\app\Controllers\Dashboard.php(31): view('admin/dashboard...', Array)
#5 C:\xampp\htdocs\acbagus\system\CodeIgniter.php(824): App\Controllers\Dashboard->index()
#6 C:\xampp\htdocs\acbagus\system\CodeIgniter.php(410): CodeIgniter\CodeIgniter->runController(Object(App\Controllers\Dashboard))
#7 C:\xampp\htdocs\acbagus\system\CodeIgniter.php(318): CodeIgniter\CodeIgniter->handleRequest(NULL, Object(Config\Cache), false)
#8 C:\xampp\htdocs\acbagus\public\index.php(37): CodeIgniter\CodeIgniter->run()
#9 C:\xampp\htdocs\acbagus\system\Commands\Server\rewrite.php(43): require_once('C:\\xampp\\htdocs...')
#10 {main}
CRITICAL - 2021-12-09 13:12:54 --> Undefined index: nominal
#0 C:\xampp\htdocs\acbagus\app\Views\admin\dashboard\index.php(57): CodeIgniter\Debug\Exceptions->errorHandler(8, 'Undefined index...', 'C:\\xampp\\htdocs...', 57, Array)
#1 C:\xampp\htdocs\acbagus\system\View\View.php(214): include('C:\\xampp\\htdocs...')
#2 C:\xampp\htdocs\acbagus\system\View\View.php(217): CodeIgniter\View\View->CodeIgniter\View\{closure}()
#3 C:\xampp\htdocs\acbagus\system\Common.php(1097): CodeIgniter\View\View->render('admin/dashboard...', Array, true)
#4 C:\xampp\htdocs\acbagus\app\Controllers\Dashboard.php(32): view('admin/dashboard...', Array)
#5 C:\xampp\htdocs\acbagus\system\CodeIgniter.php(824): App\Controllers\Dashboard->index()
#6 C:\xampp\htdocs\acbagus\system\CodeIgniter.php(410): CodeIgniter\CodeIgniter->runController(Object(App\Controllers\Dashboard))
#7 C:\xampp\htdocs\acbagus\system\CodeIgniter.php(318): CodeIgniter\CodeIgniter->handleRequest(NULL, Object(Config\Cache), false)
#8 C:\xampp\htdocs\acbagus\public\index.php(37): CodeIgniter\CodeIgniter->run()
#9 C:\xampp\htdocs\acbagus\system\Commands\Server\rewrite.php(43): require_once('C:\\xampp\\htdocs...')
#10 {main}
CRITICAL - 2021-12-09 13:14:50 --> Undefined index: nominal
#0 C:\xampp\htdocs\acbagus\app\Views\admin\dashboard\index.php(57): CodeIgniter\Debug\Exceptions->errorHandler(8, 'Undefined index...', 'C:\\xampp\\htdocs...', 57, Array)
#1 C:\xampp\htdocs\acbagus\system\View\View.php(214): include('C:\\xampp\\htdocs...')
#2 C:\xampp\htdocs\acbagus\system\View\View.php(217): CodeIgniter\View\View->CodeIgniter\View\{closure}()
#3 C:\xampp\htdocs\acbagus\system\Common.php(1097): CodeIgniter\View\View->render('admin/dashboard...', Array, true)
#4 C:\xampp\htdocs\acbagus\app\Controllers\Dashboard.php(32): view('admin/dashboard...', Array)
#5 C:\xampp\htdocs\acbagus\system\CodeIgniter.php(824): App\Controllers\Dashboard->index()
#6 C:\xampp\htdocs\acbagus\system\CodeIgniter.php(410): CodeIgniter\CodeIgniter->runController(Object(App\Controllers\Dashboard))
#7 C:\xampp\htdocs\acbagus\system\CodeIgniter.php(318): CodeIgniter\CodeIgniter->handleRequest(NULL, Object(Config\Cache), false)
#8 C:\xampp\htdocs\acbagus\public\index.php(37): CodeIgniter\CodeIgniter->run()
#9 C:\xampp\htdocs\acbagus\system\Commands\Server\rewrite.php(43): require_once('C:\\xampp\\htdocs...')
#10 {main}
CRITICAL - 2021-12-09 13:14:53 --> Undefined index: nominal
#0 C:\xampp\htdocs\acbagus\app\Views\admin\dashboard\index.php(57): CodeIgniter\Debug\Exceptions->errorHandler(8, 'Undefined index...', 'C:\\xampp\\htdocs...', 57, Array)
#1 C:\xampp\htdocs\acbagus\system\View\View.php(214): include('C:\\xampp\\htdocs...')
#2 C:\xampp\htdocs\acbagus\system\View\View.php(217): CodeIgniter\View\View->CodeIgniter\View\{closure}()
#3 C:\xampp\htdocs\acbagus\system\Common.php(1097): CodeIgniter\View\View->render('admin/dashboard...', Array, true)
#4 C:\xampp\htdocs\acbagus\app\Controllers\Dashboard.php(32): view('admin/dashboard...', Array)
#5 C:\xampp\htdocs\acbagus\system\CodeIgniter.php(824): App\Controllers\Dashboard->index()
#6 C:\xampp\htdocs\acbagus\system\CodeIgniter.php(410): CodeIgniter\CodeIgniter->runController(Object(App\Controllers\Dashboard))
#7 C:\xampp\htdocs\acbagus\system\CodeIgniter.php(318): CodeIgniter\CodeIgniter->handleRequest(NULL, Object(Config\Cache), false)
#8 C:\xampp\htdocs\acbagus\public\index.php(37): CodeIgniter\CodeIgniter->run()
#9 C:\xampp\htdocs\acbagus\system\Commands\Server\rewrite.php(43): require_once('C:\\xampp\\htdocs...')
#10 {main}
CRITICAL - 2021-12-09 21:37:48 --> Undefined index: nominal
#0 C:\xampp\htdocs\acbagus\app\Views\admin\dashboard\index.php(57): CodeIgniter\Debug\Exceptions->errorHandler(8, 'Undefined index...', 'C:\\xampp\\htdocs...', 57, Array)
#1 C:\xampp\htdocs\acbagus\system\View\View.php(214): include('C:\\xampp\\htdocs...')
#2 C:\xampp\htdocs\acbagus\system\View\View.php(217): CodeIgniter\View\View->CodeIgniter\View\{closure}()
#3 C:\xampp\htdocs\acbagus\system\Common.php(1097): CodeIgniter\View\View->render('admin/dashboard...', Array, true)
#4 C:\xampp\htdocs\acbagus\app\Controllers\Dashboard.php(32): view('admin/dashboard...', Array)
#5 C:\xampp\htdocs\acbagus\system\CodeIgniter.php(824): App\Controllers\Dashboard->index()
#6 C:\xampp\htdocs\acbagus\system\CodeIgniter.php(410): CodeIgniter\CodeIgniter->runController(Object(App\Controllers\Dashboard))
#7 C:\xampp\htdocs\acbagus\system\CodeIgniter.php(318): CodeIgniter\CodeIgniter->handleRequest(NULL, Object(Config\Cache), false)
#8 C:\xampp\htdocs\acbagus\public\index.php(37): CodeIgniter\CodeIgniter->run()
#9 C:\xampp\htdocs\acbagus\system\Commands\Server\rewrite.php(43): require_once('C:\\xampp\\htdocs...')
#10 {main}
CRITICAL - 2021-12-09 21:38:50 --> Undefined index: nominal
#0 C:\xampp\htdocs\acbagus\app\Views\admin\dashboard\index.php(57): CodeIgniter\Debug\Exceptions->errorHandler(8, 'Undefined index...', 'C:\\xampp\\htdocs...', 57, Array)
#1 C:\xampp\htdocs\acbagus\system\View\View.php(214): include('C:\\xampp\\htdocs...')
#2 C:\xampp\htdocs\acbagus\system\View\View.php(217): CodeIgniter\View\View->CodeIgniter\View\{closure}()
#3 C:\xampp\htdocs\acbagus\system\Common.php(1097): CodeIgniter\View\View->render('admin/dashboard...', Array, true)
#4 C:\xampp\htdocs\acbagus\app\Controllers\Dashboard.php(32): view('admin/dashboard...', Array)
#5 C:\xampp\htdocs\acbagus\system\CodeIgniter.php(824): App\Controllers\Dashboard->index()
#6 C:\xampp\htdocs\acbagus\system\CodeIgniter.php(410): CodeIgniter\CodeIgniter->runController(Object(App\Controllers\Dashboard))
#7 C:\xampp\htdocs\acbagus\system\CodeIgniter.php(318): CodeIgniter\CodeIgniter->handleRequest(NULL, Object(Config\Cache), false)
#8 C:\xampp\htdocs\acbagus\public\index.php(37): CodeIgniter\CodeIgniter->run()
#9 C:\xampp\htdocs\acbagus\system\Commands\Server\rewrite.php(43): require_once('C:\\xampp\\htdocs...')
#10 {main}
CRITICAL - 2021-12-09 21:40:09 --> Undefined index: id_transaksi
#0 C:\xampp\htdocs\acbagus\app\Views\admin\dashboard\index.php(57): CodeIgniter\Debug\Exceptions->errorHandler(8, 'Undefined index...', 'C:\\xampp\\htdocs...', 57, Array)
#1 C:\xampp\htdocs\acbagus\system\View\View.php(214): include('C:\\xampp\\htdocs...')
#2 C:\xampp\htdocs\acbagus\system\View\View.php(217): CodeIgniter\View\View->CodeIgniter\View\{closure}()
#3 C:\xampp\htdocs\acbagus\system\Common.php(1097): CodeIgniter\View\View->render('admin/dashboard...', Array, true)
#4 C:\xampp\htdocs\acbagus\app\Controllers\Dashboard.php(32): view('admin/dashboard...', Array)
#5 C:\xampp\htdocs\acbagus\system\CodeIgniter.php(824): App\Controllers\Dashboard->index()
#6 C:\xampp\htdocs\acbagus\system\CodeIgniter.php(410): CodeIgniter\CodeIgniter->runController(Object(App\Controllers\Dashboard))
#7 C:\xampp\htdocs\acbagus\system\CodeIgniter.php(318): CodeIgniter\CodeIgniter->handleRequest(NULL, Object(Config\Cache), false)
#8 C:\xampp\htdocs\acbagus\public\index.php(37): CodeIgniter\CodeIgniter->run()
#9 C:\xampp\htdocs\acbagus\system\Commands\Server\rewrite.php(43): require_once('C:\\xampp\\htdocs...')
#10 {main}
CRITICAL - 2021-12-09 21:41:36 --> Undefined index: id_transaksi
#0 C:\xampp\htdocs\acbagus\app\Views\admin\dashboard\index.php(58): CodeIgniter\Debug\Exceptions->errorHandler(8, 'Undefined index...', 'C:\\xampp\\htdocs...', 58, Array)
#1 C:\xampp\htdocs\acbagus\system\View\View.php(214): include('C:\\xampp\\htdocs...')
#2 C:\xampp\htdocs\acbagus\system\View\View.php(217): CodeIgniter\View\View->CodeIgniter\View\{closure}()
#3 C:\xampp\htdocs\acbagus\system\Common.php(1097): CodeIgniter\View\View->render('admin/dashboard...', Array, true)
#4 C:\xampp\htdocs\acbagus\app\Controllers\Dashboard.php(32): view('admin/dashboard...', Array)
#5 C:\xampp\htdocs\acbagus\system\CodeIgniter.php(824): App\Controllers\Dashboard->index()
#6 C:\xampp\htdocs\acbagus\system\CodeIgniter.php(410): CodeIgniter\CodeIgniter->runController(Object(App\Controllers\Dashboard))
#7 C:\xampp\htdocs\acbagus\system\CodeIgniter.php(318): CodeIgniter\CodeIgniter->handleRequest(NULL, Object(Config\Cache), false)
#8 C:\xampp\htdocs\acbagus\public\index.php(37): CodeIgniter\CodeIgniter->run()
#9 C:\xampp\htdocs\acbagus\system\Commands\Server\rewrite.php(43): require_once('C:\\xampp\\htdocs...')
#10 {main}
CRITICAL - 2021-12-09 21:41:52 --> Undefined index: 
#0 C:\xampp\htdocs\acbagus\app\Views\admin\dashboard\index.php(58): CodeIgniter\Debug\Exceptions->errorHandler(8, 'Undefined index...', 'C:\\xampp\\htdocs...', 58, Array)
#1 C:\xampp\htdocs\acbagus\system\View\View.php(214): include('C:\\xampp\\htdocs...')
#2 C:\xampp\htdocs\acbagus\system\View\View.php(217): CodeIgniter\View\View->CodeIgniter\View\{closure}()
#3 C:\xampp\htdocs\acbagus\system\Common.php(1097): CodeIgniter\View\View->render('admin/dashboard...', Array, true)
#4 C:\xampp\htdocs\acbagus\app\Controllers\Dashboard.php(32): view('admin/dashboard...', Array)
#5 C:\xampp\htdocs\acbagus\system\CodeIgniter.php(824): App\Controllers\Dashboard->index()
#6 C:\xampp\htdocs\acbagus\system\CodeIgniter.php(410): CodeIgniter\CodeIgniter->runController(Object(App\Controllers\Dashboard))
#7 C:\xampp\htdocs\acbagus\system\CodeIgniter.php(318): CodeIgniter\CodeIgniter->handleRequest(NULL, Object(Config\Cache), false)
#8 C:\xampp\htdocs\acbagus\public\index.php(37): CodeIgniter\CodeIgniter->run()
#9 C:\xampp\htdocs\acbagus\system\Commands\Server\rewrite.php(43): require_once('C:\\xampp\\htdocs...')
#10 {main}
CRITICAL - 2021-12-09 21:43:36 --> Undefined index: total_harga
#0 C:\xampp\htdocs\acbagus\app\Views\admin\dashboard\index.php(58): CodeIgniter\Debug\Exceptions->errorHandler(8, 'Undefined index...', 'C:\\xampp\\htdocs...', 58, Array)
#1 C:\xampp\htdocs\acbagus\system\View\View.php(214): include('C:\\xampp\\htdocs...')
#2 C:\xampp\htdocs\acbagus\system\View\View.php(217): CodeIgniter\View\View->CodeIgniter\View\{closure}()
#3 C:\xampp\htdocs\acbagus\system\Common.php(1097): CodeIgniter\View\View->render('admin/dashboard...', Array, true)
#4 C:\xampp\htdocs\acbagus\app\Controllers\Dashboard.php(32): view('admin/dashboard...', Array)
#5 C:\xampp\htdocs\acbagus\system\CodeIgniter.php(824): App\Controllers\Dashboard->index()
#6 C:\xampp\htdocs\acbagus\system\CodeIgniter.php(410): CodeIgniter\CodeIgniter->runController(Object(App\Controllers\Dashboard))
#7 C:\xampp\htdocs\acbagus\system\CodeIgniter.php(318): CodeIgniter\CodeIgniter->handleRequest(NULL, Object(Config\Cache), false)
#8 C:\xampp\htdocs\acbagus\public\index.php(37): CodeIgniter\CodeIgniter->run()
#9 C:\xampp\htdocs\acbagus\system\Commands\Server\rewrite.php(43): require_once('C:\\xampp\\htdocs...')
#10 {main}
CRITICAL - 2021-12-09 21:47:21 --> Array to string conversion
#0 C:\xampp\htdocs\acbagus\app\Controllers\Dashboard.php(25): CodeIgniter\Debug\Exceptions->errorHandler(8, 'Array to string...', 'C:\\xampp\\htdocs...', 25, Array)
#1 C:\xampp\htdocs\acbagus\system\CodeIgniter.php(824): App\Controllers\Dashboard->index()
#2 C:\xampp\htdocs\acbagus\system\CodeIgniter.php(410): CodeIgniter\CodeIgniter->runController(Object(App\Controllers\Dashboard))
#3 C:\xampp\htdocs\acbagus\system\CodeIgniter.php(318): CodeIgniter\CodeIgniter->handleRequest(NULL, Object(Config\Cache), false)
#4 C:\xampp\htdocs\acbagus\public\index.php(37): CodeIgniter\CodeIgniter->run()
#5 C:\xampp\htdocs\acbagus\system\Commands\Server\rewrite.php(43): require_once('C:\\xampp\\htdocs...')
#6 {main}
CRITICAL - 2021-12-09 21:47:34 --> Array to string conversion
#0 C:\xampp\htdocs\acbagus\app\Controllers\Dashboard.php(25): CodeIgniter\Debug\Exceptions->errorHandler(8, 'Array to string...', 'C:\\xampp\\htdocs...', 25, Array)
#1 C:\xampp\htdocs\acbagus\system\CodeIgniter.php(824): App\Controllers\Dashboard->index()
#2 C:\xampp\htdocs\acbagus\system\CodeIgniter.php(410): CodeIgniter\CodeIgniter->runController(Object(App\Controllers\Dashboard))
#3 C:\xampp\htdocs\acbagus\system\CodeIgniter.php(318): CodeIgniter\CodeIgniter->handleRequest(NULL, Object(Config\Cache), false)
#4 C:\xampp\htdocs\acbagus\public\index.php(37): CodeIgniter\CodeIgniter->run()
#5 C:\xampp\htdocs\acbagus\system\Commands\Server\rewrite.php(43): require_once('C:\\xampp\\htdocs...')
#6 {main}
CRITICAL - 2021-12-09 21:47:45 --> Method name must be a string
#0 C:\xampp\htdocs\acbagus\system\CodeIgniter.php(824): App\Controllers\Dashboard->index()
#1 C:\xampp\htdocs\acbagus\system\CodeIgniter.php(410): CodeIgniter\CodeIgniter->runController(Object(App\Controllers\Dashboard))
#2 C:\xampp\htdocs\acbagus\system\CodeIgniter.php(318): CodeIgniter\CodeIgniter->handleRequest(NULL, Object(Config\Cache), false)
#3 C:\xampp\htdocs\acbagus\public\index.php(37): CodeIgniter\CodeIgniter->run()
#4 C:\xampp\htdocs\acbagus\system\Commands\Server\rewrite.php(43): require_once('C:\\xampp\\htdocs...')
#5 {main}
CRITICAL - 2021-12-09 21:48:15 --> Array to string conversion
#0 C:\xampp\htdocs\acbagus\app\Controllers\Dashboard.php(25): CodeIgniter\Debug\Exceptions->errorHandler(8, 'Array to string...', 'C:\\xampp\\htdocs...', 25, Array)
#1 C:\xampp\htdocs\acbagus\system\CodeIgniter.php(824): App\Controllers\Dashboard->index()
#2 C:\xampp\htdocs\acbagus\system\CodeIgniter.php(410): CodeIgniter\CodeIgniter->runController(Object(App\Controllers\Dashboard))
#3 C:\xampp\htdocs\acbagus\system\CodeIgniter.php(318): CodeIgniter\CodeIgniter->handleRequest(NULL, Object(Config\Cache), false)
#4 C:\xampp\htdocs\acbagus\public\index.php(37): CodeIgniter\CodeIgniter->run()
#5 C:\xampp\htdocs\acbagus\system\Commands\Server\rewrite.php(43): require_once('C:\\xampp\\htdocs...')
#6 {main}
CRITICAL - 2021-12-09 21:48:39 --> Array to string conversion
#0 C:\xampp\htdocs\acbagus\app\Controllers\Dashboard.php(25): CodeIgniter\Debug\Exceptions->errorHandler(8, 'Array to string...', 'C:\\xampp\\htdocs...', 25, Array)
#1 C:\xampp\htdocs\acbagus\system\CodeIgniter.php(824): App\Controllers\Dashboard->index()
#2 C:\xampp\htdocs\acbagus\system\CodeIgniter.php(410): CodeIgniter\CodeIgniter->runController(Object(App\Controllers\Dashboard))
#3 C:\xampp\htdocs\acbagus\system\CodeIgniter.php(318): CodeIgniter\CodeIgniter->handleRequest(NULL, Object(Config\Cache), false)
#4 C:\xampp\htdocs\acbagus\public\index.php(37): CodeIgniter\CodeIgniter->run()
#5 C:\xampp\htdocs\acbagus\system\Commands\Server\rewrite.php(43): require_once('C:\\xampp\\htdocs...')
#6 {main}
CRITICAL - 2021-12-09 21:48:49 --> Method name must be a string
#0 C:\xampp\htdocs\acbagus\system\CodeIgniter.php(824): App\Controllers\Dashboard->index()
#1 C:\xampp\htdocs\acbagus\system\CodeIgniter.php(410): CodeIgniter\CodeIgniter->runController(Object(App\Controllers\Dashboard))
#2 C:\xampp\htdocs\acbagus\system\CodeIgniter.php(318): CodeIgniter\CodeIgniter->handleRequest(NULL, Object(Config\Cache), false)
#3 C:\xampp\htdocs\acbagus\public\index.php(37): CodeIgniter\CodeIgniter->run()
#4 C:\xampp\htdocs\acbagus\system\Commands\Server\rewrite.php(43): require_once('C:\\xampp\\htdocs...')
#5 {main}
CRITICAL - 2021-12-09 21:51:00 --> Undefined variable: revenueCount
#0 C:\xampp\htdocs\acbagus\app\Views\admin\dashboard\index.php(57): CodeIgniter\Debug\Exceptions->errorHandler(8, 'Undefined varia...', 'C:\\xampp\\htdocs...', 57, Array)
#1 C:\xampp\htdocs\acbagus\system\View\View.php(214): include('C:\\xampp\\htdocs...')
#2 C:\xampp\htdocs\acbagus\system\View\View.php(217): CodeIgniter\View\View->CodeIgniter\View\{closure}()
#3 C:\xampp\htdocs\acbagus\system\Common.php(1097): CodeIgniter\View\View->render('admin/dashboard...', Array, true)
#4 C:\xampp\htdocs\acbagus\app\Controllers\Dashboard.php(33): view('admin/dashboard...', Array)
#5 C:\xampp\htdocs\acbagus\system\CodeIgniter.php(824): App\Controllers\Dashboard->index()
#6 C:\xampp\htdocs\acbagus\system\CodeIgniter.php(410): CodeIgniter\CodeIgniter->runController(Object(App\Controllers\Dashboard))
#7 C:\xampp\htdocs\acbagus\system\CodeIgniter.php(318): CodeIgniter\CodeIgniter->handleRequest(NULL, Object(Config\Cache), false)
#8 C:\xampp\htdocs\acbagus\public\index.php(37): CodeIgniter\CodeIgniter->run()
#9 C:\xampp\htdocs\acbagus\system\Commands\Server\rewrite.php(43): require_once('C:\\xampp\\htdocs...')
#10 {main}
CRITICAL - 2021-12-09 21:51:15 --> Trying to get property 'total_harga' of non-object
#0 C:\xampp\htdocs\acbagus\app\Views\admin\dashboard\index.php(57): CodeIgniter\Debug\Exceptions->errorHandler(8, 'Trying to get p...', 'C:\\xampp\\htdocs...', 57, Array)
#1 C:\xampp\htdocs\acbagus\system\View\View.php(214): include('C:\\xampp\\htdocs...')
#2 C:\xampp\htdocs\acbagus\system\View\View.php(217): CodeIgniter\View\View->CodeIgniter\View\{closure}()
#3 C:\xampp\htdocs\acbagus\system\Common.php(1097): CodeIgniter\View\View->render('admin/dashboard...', Array, true)
#4 C:\xampp\htdocs\acbagus\app\Controllers\Dashboard.php(33): view('admin/dashboard...', Array)
#5 C:\xampp\htdocs\acbagus\system\CodeIgniter.php(824): App\Controllers\Dashboard->index()
#6 C:\xampp\htdocs\acbagus\system\CodeIgniter.php(410): CodeIgniter\CodeIgniter->runController(Object(App\Controllers\Dashboard))
#7 C:\xampp\htdocs\acbagus\system\CodeIgniter.php(318): CodeIgniter\CodeIgniter->handleRequest(NULL, Object(Config\Cache), false)
#8 C:\xampp\htdocs\acbagus\public\index.php(37): CodeIgniter\CodeIgniter->run()
#9 C:\xampp\htdocs\acbagus\system\Commands\Server\rewrite.php(43): require_once('C:\\xampp\\htdocs...')
#10 {main}
CRITICAL - 2021-12-09 21:51:35 --> Trying to get property 'total_harga' of non-object
#0 C:\xampp\htdocs\acbagus\app\Views\admin\dashboard\index.php(57): CodeIgniter\Debug\Exceptions->errorHandler(8, 'Trying to get p...', 'C:\\xampp\\htdocs...', 57, Array)
#1 C:\xampp\htdocs\acbagus\system\View\View.php(214): include('C:\\xampp\\htdocs...')
#2 C:\xampp\htdocs\acbagus\system\View\View.php(217): CodeIgniter\View\View->CodeIgniter\View\{closure}()
#3 C:\xampp\htdocs\acbagus\system\Common.php(1097): CodeIgniter\View\View->render('admin/dashboard...', Array, true)
#4 C:\xampp\htdocs\acbagus\app\Controllers\Dashboard.php(33): view('admin/dashboard...', Array)
#5 C:\xampp\htdocs\acbagus\system\CodeIgniter.php(824): App\Controllers\Dashboard->index()
#6 C:\xampp\htdocs\acbagus\system\CodeIgniter.php(410): CodeIgniter\CodeIgniter->runController(Object(App\Controllers\Dashboard))
#7 C:\xampp\htdocs\acbagus\system\CodeIgniter.php(318): CodeIgniter\CodeIgniter->handleRequest(NULL, Object(Config\Cache), false)
#8 C:\xampp\htdocs\acbagus\public\index.php(37): CodeIgniter\CodeIgniter->run()
#9 C:\xampp\htdocs\acbagus\system\Commands\Server\rewrite.php(43): require_once('C:\\xampp\\htdocs...')
#10 {main}
CRITICAL - 2021-12-09 21:51:38 --> Trying to get property 'total_harga' of non-object
#0 C:\xampp\htdocs\acbagus\app\Views\admin\dashboard\index.php(57): CodeIgniter\Debug\Exceptions->errorHandler(8, 'Trying to get p...', 'C:\\xampp\\htdocs...', 57, Array)
#1 C:\xampp\htdocs\acbagus\system\View\View.php(214): include('C:\\xampp\\htdocs...')
#2 C:\xampp\htdocs\acbagus\system\View\View.php(217): CodeIgniter\View\View->CodeIgniter\View\{closure}()
#3 C:\xampp\htdocs\acbagus\system\Common.php(1097): CodeIgniter\View\View->render('admin/dashboard...', Array, true)
#4 C:\xampp\htdocs\acbagus\app\Controllers\Dashboard.php(33): view('admin/dashboard...', Array)
#5 C:\xampp\htdocs\acbagus\system\CodeIgniter.php(824): App\Controllers\Dashboard->index()
#6 C:\xampp\htdocs\acbagus\system\CodeIgniter.php(410): CodeIgniter\CodeIgniter->runController(Object(App\Controllers\Dashboard))
#7 C:\xampp\htdocs\acbagus\system\CodeIgniter.php(318): CodeIgniter\CodeIgniter->handleRequest(NULL, Object(Config\Cache), false)
#8 C:\xampp\htdocs\acbagus\public\index.php(37): CodeIgniter\CodeIgniter->run()
#9 C:\xampp\htdocs\acbagus\system\Commands\Server\rewrite.php(43): require_once('C:\\xampp\\htdocs...')
#10 {main}
CRITICAL - 2021-12-09 21:51:38 --> Trying to get property 'total_harga' of non-object
#0 C:\xampp\htdocs\acbagus\app\Views\admin\dashboard\index.php(57): CodeIgniter\Debug\Exceptions->errorHandler(8, 'Trying to get p...', 'C:\\xampp\\htdocs...', 57, Array)
#1 C:\xampp\htdocs\acbagus\system\View\View.php(214): include('C:\\xampp\\htdocs...')
#2 C:\xampp\htdocs\acbagus\system\View\View.php(217): CodeIgniter\View\View->CodeIgniter\View\{closure}()
#3 C:\xampp\htdocs\acbagus\system\Common.php(1097): CodeIgniter\View\View->render('admin/dashboard...', Array, true)
#4 C:\xampp\htdocs\acbagus\app\Controllers\Dashboard.php(33): view('admin/dashboard...', Array)
#5 C:\xampp\htdocs\acbagus\system\CodeIgniter.php(824): App\Controllers\Dashboard->index()
#6 C:\xampp\htdocs\acbagus\system\CodeIgniter.php(410): CodeIgniter\CodeIgniter->runController(Object(App\Controllers\Dashboard))
#7 C:\xampp\htdocs\acbagus\system\CodeIgniter.php(318): CodeIgniter\CodeIgniter->handleRequest(NULL, Object(Config\Cache), false)
#8 C:\xampp\htdocs\acbagus\public\index.php(37): CodeIgniter\CodeIgniter->run()
#9 C:\xampp\htdocs\acbagus\system\Commands\Server\rewrite.php(43): require_once('C:\\xampp\\htdocs...')
#10 {main}
CRITICAL - 2021-12-09 21:51:39 --> Trying to get property 'total_harga' of non-object
#0 C:\xampp\htdocs\acbagus\app\Views\admin\dashboard\index.php(57): CodeIgniter\Debug\Exceptions->errorHandler(8, 'Trying to get p...', 'C:\\xampp\\htdocs...', 57, Array)
#1 C:\xampp\htdocs\acbagus\system\View\View.php(214): include('C:\\xampp\\htdocs...')
#2 C:\xampp\htdocs\acbagus\system\View\View.php(217): CodeIgniter\View\View->CodeIgniter\View\{closure}()
#3 C:\xampp\htdocs\acbagus\system\Common.php(1097): CodeIgniter\View\View->render('admin/dashboard...', Array, true)
#4 C:\xampp\htdocs\acbagus\app\Controllers\Dashboard.php(33): view('admin/dashboard...', Array)
#5 C:\xampp\htdocs\acbagus\system\CodeIgniter.php(824): App\Controllers\Dashboard->index()
#6 C:\xampp\htdocs\acbagus\system\CodeIgniter.php(410): CodeIgniter\CodeIgniter->runController(Object(App\Controllers\Dashboard))
#7 C:\xampp\htdocs\acbagus\system\CodeIgniter.php(318): CodeIgniter\CodeIgniter->handleRequest(NULL, Object(Config\Cache), false)
#8 C:\xampp\htdocs\acbagus\public\index.php(37): CodeIgniter\CodeIgniter->run()
#9 C:\xampp\htdocs\acbagus\system\Commands\Server\rewrite.php(43): require_once('C:\\xampp\\htdocs...')
#10 {main}
CRITICAL - 2021-12-09 21:51:40 --> Trying to get property 'total_harga' of non-object
#0 C:\xampp\htdocs\acbagus\app\Views\admin\dashboard\index.php(57): CodeIgniter\Debug\Exceptions->errorHandler(8, 'Trying to get p...', 'C:\\xampp\\htdocs...', 57, Array)
#1 C:\xampp\htdocs\acbagus\system\View\View.php(214): include('C:\\xampp\\htdocs...')
#2 C:\xampp\htdocs\acbagus\system\View\View.php(217): CodeIgniter\View\View->CodeIgniter\View\{closure}()
#3 C:\xampp\htdocs\acbagus\system\Common.php(1097): CodeIgniter\View\View->render('admin/dashboard...', Array, true)
#4 C:\xampp\htdocs\acbagus\app\Controllers\Dashboard.php(33): view('admin/dashboard...', Array)
#5 C:\xampp\htdocs\acbagus\system\CodeIgniter.php(824): App\Controllers\Dashboard->index()
#6 C:\xampp\htdocs\acbagus\system\CodeIgniter.php(410): CodeIgniter\CodeIgniter->runController(Object(App\Controllers\Dashboard))
#7 C:\xampp\htdocs\acbagus\system\CodeIgniter.php(318): CodeIgniter\CodeIgniter->handleRequest(NULL, Object(Config\Cache), false)
#8 C:\xampp\htdocs\acbagus\public\index.php(37): CodeIgniter\CodeIgniter->run()
#9 C:\xampp\htdocs\acbagus\system\Commands\Server\rewrite.php(43): require_once('C:\\xampp\\htdocs...')
#10 {main}
CRITICAL - 2021-12-09 21:51:40 --> Trying to get property 'total_harga' of non-object
#0 C:\xampp\htdocs\acbagus\app\Views\admin\dashboard\index.php(57): CodeIgniter\Debug\Exceptions->errorHandler(8, 'Trying to get p...', 'C:\\xampp\\htdocs...', 57, Array)
#1 C:\xampp\htdocs\acbagus\system\View\View.php(214): include('C:\\xampp\\htdocs...')
#2 C:\xampp\htdocs\acbagus\system\View\View.php(217): CodeIgniter\View\View->CodeIgniter\View\{closure}()
#3 C:\xampp\htdocs\acbagus\system\Common.php(1097): CodeIgniter\View\View->render('admin/dashboard...', Array, true)
#4 C:\xampp\htdocs\acbagus\app\Controllers\Dashboard.php(33): view('admin/dashboard...', Array)
#5 C:\xampp\htdocs\acbagus\system\CodeIgniter.php(824): App\Controllers\Dashboard->index()
#6 C:\xampp\htdocs\acbagus\system\CodeIgniter.php(410): CodeIgniter\CodeIgniter->runController(Object(App\Controllers\Dashboard))
#7 C:\xampp\htdocs\acbagus\system\CodeIgniter.php(318): CodeIgniter\CodeIgniter->handleRequest(NULL, Object(Config\Cache), false)
#8 C:\xampp\htdocs\acbagus\public\index.php(37): CodeIgniter\CodeIgniter->run()
#9 C:\xampp\htdocs\acbagus\system\Commands\Server\rewrite.php(43): require_once('C:\\xampp\\htdocs...')
#10 {main}
CRITICAL - 2021-12-09 21:51:40 --> Trying to get property 'total_harga' of non-object
#0 C:\xampp\htdocs\acbagus\app\Views\admin\dashboard\index.php(57): CodeIgniter\Debug\Exceptions->errorHandler(8, 'Trying to get p...', 'C:\\xampp\\htdocs...', 57, Array)
#1 C:\xampp\htdocs\acbagus\system\View\View.php(214): include('C:\\xampp\\htdocs...')
#2 C:\xampp\htdocs\acbagus\system\View\View.php(217): CodeIgniter\View\View->CodeIgniter\View\{closure}()
#3 C:\xampp\htdocs\acbagus\system\Common.php(1097): CodeIgniter\View\View->render('admin/dashboard...', Array, true)
#4 C:\xampp\htdocs\acbagus\app\Controllers\Dashboard.php(33): view('admin/dashboard...', Array)
#5 C:\xampp\htdocs\acbagus\system\CodeIgniter.php(824): App\Controllers\Dashboard->index()
#6 C:\xampp\htdocs\acbagus\system\CodeIgniter.php(410): CodeIgniter\CodeIgniter->runController(Object(App\Controllers\Dashboard))
#7 C:\xampp\htdocs\acbagus\system\CodeIgniter.php(318): CodeIgniter\CodeIgniter->handleRequest(NULL, Object(Config\Cache), false)
#8 C:\xampp\htdocs\acbagus\public\index.php(37): CodeIgniter\CodeIgniter->run()
#9 C:\xampp\htdocs\acbagus\system\Commands\Server\rewrite.php(43): require_once('C:\\xampp\\htdocs...')
#10 {main}
CRITICAL - 2021-12-09 21:51:42 --> Trying to get property 'total_harga' of non-object
#0 C:\xampp\htdocs\acbagus\app\Views\admin\dashboard\index.php(57): CodeIgniter\Debug\Exceptions->errorHandler(8, 'Trying to get p...', 'C:\\xampp\\htdocs...', 57, Array)
#1 C:\xampp\htdocs\acbagus\system\View\View.php(214): include('C:\\xampp\\htdocs...')
#2 C:\xampp\htdocs\acbagus\system\View\View.php(217): CodeIgniter\View\View->CodeIgniter\View\{closure}()
#3 C:\xampp\htdocs\acbagus\system\Common.php(1097): CodeIgniter\View\View->render('admin/dashboard...', Array, true)
#4 C:\xampp\htdocs\acbagus\app\Controllers\Dashboard.php(33): view('admin/dashboard...', Array)
#5 C:\xampp\htdocs\acbagus\system\CodeIgniter.php(824): App\Controllers\Dashboard->index()
#6 C:\xampp\htdocs\acbagus\system\CodeIgniter.php(410): CodeIgniter\CodeIgniter->runController(Object(App\Controllers\Dashboard))
#7 C:\xampp\htdocs\acbagus\system\CodeIgniter.php(318): CodeIgniter\CodeIgniter->handleRequest(NULL, Object(Config\Cache), false)
#8 C:\xampp\htdocs\acbagus\public\index.php(37): CodeIgniter\CodeIgniter->run()
#9 C:\xampp\htdocs\acbagus\system\Commands\Server\rewrite.php(43): require_once('C:\\xampp\\htdocs...')
#10 {main}
CRITICAL - 2021-12-09 21:51:42 --> Trying to get property 'total_harga' of non-object
#0 C:\xampp\htdocs\acbagus\app\Views\admin\dashboard\index.php(57): CodeIgniter\Debug\Exceptions->errorHandler(8, 'Trying to get p...', 'C:\\xampp\\htdocs...', 57, Array)
#1 C:\xampp\htdocs\acbagus\system\View\View.php(214): include('C:\\xampp\\htdocs...')
#2 C:\xampp\htdocs\acbagus\system\View\View.php(217): CodeIgniter\View\View->CodeIgniter\View\{closure}()
#3 C:\xampp\htdocs\acbagus\system\Common.php(1097): CodeIgniter\View\View->render('admin/dashboard...', Array, true)
#4 C:\xampp\htdocs\acbagus\app\Controllers\Dashboard.php(33): view('admin/dashboard...', Array)
#5 C:\xampp\htdocs\acbagus\system\CodeIgniter.php(824): App\Controllers\Dashboard->index()
#6 C:\xampp\htdocs\acbagus\system\CodeIgniter.php(410): CodeIgniter\CodeIgniter->runController(Object(App\Controllers\Dashboard))
#7 C:\xampp\htdocs\acbagus\system\CodeIgniter.php(318): CodeIgniter\CodeIgniter->handleRequest(NULL, Object(Config\Cache), false)
#8 C:\xampp\htdocs\acbagus\public\index.php(37): CodeIgniter\CodeIgniter->run()
#9 C:\xampp\htdocs\acbagus\system\Commands\Server\rewrite.php(43): require_once('C:\\xampp\\htdocs...')
#10 {main}
CRITICAL - 2021-12-09 21:51:42 --> Trying to get property 'total_harga' of non-object
#0 C:\xampp\htdocs\acbagus\app\Views\admin\dashboard\index.php(57): CodeIgniter\Debug\Exceptions->errorHandler(8, 'Trying to get p...', 'C:\\xampp\\htdocs...', 57, Array)
#1 C:\xampp\htdocs\acbagus\system\View\View.php(214): include('C:\\xampp\\htdocs...')
#2 C:\xampp\htdocs\acbagus\system\View\View.php(217): CodeIgniter\View\View->CodeIgniter\View\{closure}()
#3 C:\xampp\htdocs\acbagus\system\Common.php(1097): CodeIgniter\View\View->render('admin/dashboard...', Array, true)
#4 C:\xampp\htdocs\acbagus\app\Controllers\Dashboard.php(33): view('admin/dashboard...', Array)
#5 C:\xampp\htdocs\acbagus\system\CodeIgniter.php(824): App\Controllers\Dashboard->index()
#6 C:\xampp\htdocs\acbagus\system\CodeIgniter.php(410): CodeIgniter\CodeIgniter->runController(Object(App\Controllers\Dashboard))
#7 C:\xampp\htdocs\acbagus\system\CodeIgniter.php(318): CodeIgniter\CodeIgniter->handleRequest(NULL, Object(Config\Cache), false)
#8 C:\xampp\htdocs\acbagus\public\index.php(37): CodeIgniter\CodeIgniter->run()
#9 C:\xampp\htdocs\acbagus\system\Commands\Server\rewrite.php(43): require_once('C:\\xampp\\htdocs...')
#10 {main}
CRITICAL - 2021-12-09 21:51:43 --> Trying to get property 'total_harga' of non-object
#0 C:\xampp\htdocs\acbagus\app\Views\admin\dashboard\index.php(57): CodeIgniter\Debug\Exceptions->errorHandler(8, 'Trying to get p...', 'C:\\xampp\\htdocs...', 57, Array)
#1 C:\xampp\htdocs\acbagus\system\View\View.php(214): include('C:\\xampp\\htdocs...')
#2 C:\xampp\htdocs\acbagus\system\View\View.php(217): CodeIgniter\View\View->CodeIgniter\View\{closure}()
#3 C:\xampp\htdocs\acbagus\system\Common.php(1097): CodeIgniter\View\View->render('admin/dashboard...', Array, true)
#4 C:\xampp\htdocs\acbagus\app\Controllers\Dashboard.php(33): view('admin/dashboard...', Array)
#5 C:\xampp\htdocs\acbagus\system\CodeIgniter.php(824): App\Controllers\Dashboard->index()
#6 C:\xampp\htdocs\acbagus\system\CodeIgniter.php(410): CodeIgniter\CodeIgniter->runController(Object(App\Controllers\Dashboard))
#7 C:\xampp\htdocs\acbagus\system\CodeIgniter.php(318): CodeIgniter\CodeIgniter->handleRequest(NULL, Object(Config\Cache), false)
#8 C:\xampp\htdocs\acbagus\public\index.php(37): CodeIgniter\CodeIgniter->run()
#9 C:\xampp\htdocs\acbagus\system\Commands\Server\rewrite.php(43): require_once('C:\\xampp\\htdocs...')
#10 {main}
CRITICAL - 2021-12-09 21:51:44 --> Trying to get property 'total_harga' of non-object
#0 C:\xampp\htdocs\acbagus\app\Views\admin\dashboard\index.php(57): CodeIgniter\Debug\Exceptions->errorHandler(8, 'Trying to get p...', 'C:\\xampp\\htdocs...', 57, Array)
#1 C:\xampp\htdocs\acbagus\system\View\View.php(214): include('C:\\xampp\\htdocs...')
#2 C:\xampp\htdocs\acbagus\system\View\View.php(217): CodeIgniter\View\View->CodeIgniter\View\{closure}()
#3 C:\xampp\htdocs\acbagus\system\Common.php(1097): CodeIgniter\View\View->render('admin/dashboard...', Array, true)
#4 C:\xampp\htdocs\acbagus\app\Controllers\Dashboard.php(33): view('admin/dashboard...', Array)
#5 C:\xampp\htdocs\acbagus\system\CodeIgniter.php(824): App\Controllers\Dashboard->index()
#6 C:\xampp\htdocs\acbagus\system\CodeIgniter.php(410): CodeIgniter\CodeIgniter->runController(Object(App\Controllers\Dashboard))
#7 C:\xampp\htdocs\acbagus\system\CodeIgniter.php(318): CodeIgniter\CodeIgniter->handleRequest(NULL, Object(Config\Cache), false)
#8 C:\xampp\htdocs\acbagus\public\index.php(37): CodeIgniter\CodeIgniter->run()
#9 C:\xampp\htdocs\acbagus\system\Commands\Server\rewrite.php(43): require_once('C:\\xampp\\htdocs...')
#10 {main}
CRITICAL - 2021-12-09 21:51:45 --> Trying to get property 'total_harga' of non-object
#0 C:\xampp\htdocs\acbagus\app\Views\admin\dashboard\index.php(57): CodeIgniter\Debug\Exceptions->errorHandler(8, 'Trying to get p...', 'C:\\xampp\\htdocs...', 57, Array)
#1 C:\xampp\htdocs\acbagus\system\View\View.php(214): include('C:\\xampp\\htdocs...')
#2 C:\xampp\htdocs\acbagus\system\View\View.php(217): CodeIgniter\View\View->CodeIgniter\View\{closure}()
#3 C:\xampp\htdocs\acbagus\system\Common.php(1097): CodeIgniter\View\View->render('admin/dashboard...', Array, true)
#4 C:\xampp\htdocs\acbagus\app\Controllers\Dashboard.php(33): view('admin/dashboard...', Array)
#5 C:\xampp\htdocs\acbagus\system\CodeIgniter.php(824): App\Controllers\Dashboard->index()
#6 C:\xampp\htdocs\acbagus\system\CodeIgniter.php(410): CodeIgniter\CodeIgniter->runController(Object(App\Controllers\Dashboard))
#7 C:\xampp\htdocs\acbagus\system\CodeIgniter.php(318): CodeIgniter\CodeIgniter->handleRequest(NULL, Object(Config\Cache), false)
#8 C:\xampp\htdocs\acbagus\public\index.php(37): CodeIgniter\CodeIgniter->run()
#9 C:\xampp\htdocs\acbagus\system\Commands\Server\rewrite.php(43): require_once('C:\\xampp\\htdocs...')
#10 {main}
CRITICAL - 2021-12-09 21:51:46 --> Trying to get property 'total_harga' of non-object
#0 C:\xampp\htdocs\acbagus\app\Views\admin\dashboard\index.php(57): CodeIgniter\Debug\Exceptions->errorHandler(8, 'Trying to get p...', 'C:\\xampp\\htdocs...', 57, Array)
#1 C:\xampp\htdocs\acbagus\system\View\View.php(214): include('C:\\xampp\\htdocs...')
#2 C:\xampp\htdocs\acbagus\system\View\View.php(217): CodeIgniter\View\View->CodeIgniter\View\{closure}()
#3 C:\xampp\htdocs\acbagus\system\Common.php(1097): CodeIgniter\View\View->render('admin/dashboard...', Array, true)
#4 C:\xampp\htdocs\acbagus\app\Controllers\Dashboard.php(33): view('admin/dashboard...', Array)
#5 C:\xampp\htdocs\acbagus\system\CodeIgniter.php(824): App\Controllers\Dashboard->index()
#6 C:\xampp\htdocs\acbagus\system\CodeIgniter.php(410): CodeIgniter\CodeIgniter->runController(Object(App\Controllers\Dashboard))
#7 C:\xampp\htdocs\acbagus\system\CodeIgniter.php(318): CodeIgniter\CodeIgniter->handleRequest(NULL, Object(Config\Cache), false)
#8 C:\xampp\htdocs\acbagus\public\index.php(37): CodeIgniter\CodeIgniter->run()
#9 C:\xampp\htdocs\acbagus\system\Commands\Server\rewrite.php(43): require_once('C:\\xampp\\htdocs...')
#10 {main}
CRITICAL - 2021-12-09 21:52:19 --> Undefined variable: countSales
#0 C:\xampp\htdocs\acbagus\app\Views\admin\dashboard\index.php(30): CodeIgniter\Debug\Exceptions->errorHandler(8, 'Undefined varia...', 'C:\\xampp\\htdocs...', 30, Array)
#1 C:\xampp\htdocs\acbagus\system\View\View.php(214): include('C:\\xampp\\htdocs...')
#2 C:\xampp\htdocs\acbagus\system\View\View.php(217): CodeIgniter\View\View->CodeIgniter\View\{closure}()
#3 C:\xampp\htdocs\acbagus\system\Common.php(1097): CodeIgniter\View\View->render('admin/dashboard...', Array, true)
#4 C:\xampp\htdocs\acbagus\app\Controllers\Dashboard.php(33): view('admin/dashboard...', Array)
#5 C:\xampp\htdocs\acbagus\system\CodeIgniter.php(824): App\Controllers\Dashboard->index()
#6 C:\xampp\htdocs\acbagus\system\CodeIgniter.php(410): CodeIgniter\CodeIgniter->runController(Object(App\Controllers\Dashboard))
#7 C:\xampp\htdocs\acbagus\system\CodeIgniter.php(318): CodeIgniter\CodeIgniter->handleRequest(NULL, Object(Config\Cache), false)
#8 C:\xampp\htdocs\acbagus\public\index.php(37): CodeIgniter\CodeIgniter->run()
#9 C:\xampp\htdocs\acbagus\system\Commands\Server\rewrite.php(43): require_once('C:\\xampp\\htdocs...')
#10 {main}
CRITICAL - 2021-12-09 21:52:33 --> Undefined variable: countSales
#0 C:\xampp\htdocs\acbagus\app\Views\admin\dashboard\index.php(30): CodeIgniter\Debug\Exceptions->errorHandler(8, 'Undefined varia...', 'C:\\xampp\\htdocs...', 30, Array)
#1 C:\xampp\htdocs\acbagus\system\View\View.php(214): include('C:\\xampp\\htdocs...')
#2 C:\xampp\htdocs\acbagus\system\View\View.php(217): CodeIgniter\View\View->CodeIgniter\View\{closure}()
#3 C:\xampp\htdocs\acbagus\system\Common.php(1097): CodeIgniter\View\View->render('admin/dashboard...', Array, true)
#4 C:\xampp\htdocs\acbagus\app\Controllers\Dashboard.php(33): view('admin/dashboard...', Array)
#5 C:\xampp\htdocs\acbagus\system\CodeIgniter.php(824): App\Controllers\Dashboard->index()
#6 C:\xampp\htdocs\acbagus\system\CodeIgniter.php(410): CodeIgniter\CodeIgniter->runController(Object(App\Controllers\Dashboard))
#7 C:\xampp\htdocs\acbagus\system\CodeIgniter.php(318): CodeIgniter\CodeIgniter->handleRequest(NULL, Object(Config\Cache), false)
#8 C:\xampp\htdocs\acbagus\public\index.php(37): CodeIgniter\CodeIgniter->run()
#9 C:\xampp\htdocs\acbagus\system\Commands\Server\rewrite.php(43): require_once('C:\\xampp\\htdocs...')
#10 {main}
CRITICAL - 2021-12-09 21:52:40 --> Trying to get property 'total_harga' of non-object
#0 C:\xampp\htdocs\acbagus\app\Views\admin\dashboard\index.php(57): CodeIgniter\Debug\Exceptions->errorHandler(8, 'Trying to get p...', 'C:\\xampp\\htdocs...', 57, Array)
#1 C:\xampp\htdocs\acbagus\system\View\View.php(214): include('C:\\xampp\\htdocs...')
#2 C:\xampp\htdocs\acbagus\system\View\View.php(217): CodeIgniter\View\View->CodeIgniter\View\{closure}()
#3 C:\xampp\htdocs\acbagus\system\Common.php(1097): CodeIgniter\View\View->render('admin/dashboard...', Array, true)
#4 C:\xampp\htdocs\acbagus\app\Controllers\Dashboard.php(33): view('admin/dashboard...', Array)
#5 C:\xampp\htdocs\acbagus\system\CodeIgniter.php(824): App\Controllers\Dashboard->index()
#6 C:\xampp\htdocs\acbagus\system\CodeIgniter.php(410): CodeIgniter\CodeIgniter->runController(Object(App\Controllers\Dashboard))
#7 C:\xampp\htdocs\acbagus\system\CodeIgniter.php(318): CodeIgniter\CodeIgniter->handleRequest(NULL, Object(Config\Cache), false)
#8 C:\xampp\htdocs\acbagus\public\index.php(37): CodeIgniter\CodeIgniter->run()
#9 C:\xampp\htdocs\acbagus\system\Commands\Server\rewrite.php(43): require_once('C:\\xampp\\htdocs...')
#10 {main}
CRITICAL - 2021-12-09 21:52:59 --> Trying to get property 'total_harga' of non-object
#0 C:\xampp\htdocs\acbagus\app\Views\admin\dashboard\index.php(57): CodeIgniter\Debug\Exceptions->errorHandler(8, 'Trying to get p...', 'C:\\xampp\\htdocs...', 57, Array)
#1 C:\xampp\htdocs\acbagus\system\View\View.php(214): include('C:\\xampp\\htdocs...')
#2 C:\xampp\htdocs\acbagus\system\View\View.php(217): CodeIgniter\View\View->CodeIgniter\View\{closure}()
#3 C:\xampp\htdocs\acbagus\system\Common.php(1097): CodeIgniter\View\View->render('admin/dashboard...', Array, true)
#4 C:\xampp\htdocs\acbagus\app\Controllers\Dashboard.php(33): view('admin/dashboard...', Array)
#5 C:\xampp\htdocs\acbagus\system\CodeIgniter.php(824): App\Controllers\Dashboard->index()
#6 C:\xampp\htdocs\acbagus\system\CodeIgniter.php(410): CodeIgniter\CodeIgniter->runController(Object(App\Controllers\Dashboard))
#7 C:\xampp\htdocs\acbagus\system\CodeIgniter.php(318): CodeIgniter\CodeIgniter->handleRequest(NULL, Object(Config\Cache), false)
#8 C:\xampp\htdocs\acbagus\public\index.php(37): CodeIgniter\CodeIgniter->run()
#9 C:\xampp\htdocs\acbagus\system\Commands\Server\rewrite.php(43): require_once('C:\\xampp\\htdocs...')
#10 {main}
CRITICAL - 2021-12-09 21:53:16 --> Undefined variable: countSales
#0 C:\xampp\htdocs\acbagus\app\Views\admin\dashboard\index.php(30): CodeIgniter\Debug\Exceptions->errorHandler(8, 'Undefined varia...', 'C:\\xampp\\htdocs...', 30, Array)
#1 C:\xampp\htdocs\acbagus\system\View\View.php(214): include('C:\\xampp\\htdocs...')
#2 C:\xampp\htdocs\acbagus\system\View\View.php(217): CodeIgniter\View\View->CodeIgniter\View\{closure}()
#3 C:\xampp\htdocs\acbagus\system\Common.php(1097): CodeIgniter\View\View->render('admin/dashboard...', Array, true)
#4 C:\xampp\htdocs\acbagus\app\Controllers\Dashboard.php(33): view('admin/dashboard...', Array)
#5 C:\xampp\htdocs\acbagus\system\CodeIgniter.php(824): App\Controllers\Dashboard->index()
#6 C:\xampp\htdocs\acbagus\system\CodeIgniter.php(410): CodeIgniter\CodeIgniter->runController(Object(App\Controllers\Dashboard))
#7 C:\xampp\htdocs\acbagus\system\CodeIgniter.php(318): CodeIgniter\CodeIgniter->handleRequest(NULL, Object(Config\Cache), false)
#8 C:\xampp\htdocs\acbagus\public\index.php(37): CodeIgniter\CodeIgniter->run()
#9 C:\xampp\htdocs\acbagus\system\Commands\Server\rewrite.php(43): require_once('C:\\xampp\\htdocs...')
#10 {main}
CRITICAL - 2021-12-09 22:04:36 --> Undefined variable: countSales
#0 C:\xampp\htdocs\acbagus\app\Views\admin\dashboard\index.php(30): CodeIgniter\Debug\Exceptions->errorHandler(8, 'Undefined varia...', 'C:\\xampp\\htdocs...', 30, Array)
#1 C:\xampp\htdocs\acbagus\system\View\View.php(214): include('C:\\xampp\\htdocs...')
#2 C:\xampp\htdocs\acbagus\system\View\View.php(217): CodeIgniter\View\View->CodeIgniter\View\{closure}()
#3 C:\xampp\htdocs\acbagus\system\Common.php(1097): CodeIgniter\View\View->render('admin/dashboard...', Array, true)
#4 C:\xampp\htdocs\acbagus\app\Controllers\Dashboard.php(33): view('admin/dashboard...', Array)
#5 C:\xampp\htdocs\acbagus\system\CodeIgniter.php(824): App\Controllers\Dashboard->index()
#6 C:\xampp\htdocs\acbagus\system\CodeIgniter.php(410): CodeIgniter\CodeIgniter->runController(Object(App\Controllers\Dashboard))
#7 C:\xampp\htdocs\acbagus\system\CodeIgniter.php(318): CodeIgniter\CodeIgniter->handleRequest(NULL, Object(Config\Cache), false)
#8 C:\xampp\htdocs\acbagus\public\index.php(37): CodeIgniter\CodeIgniter->run()
#9 C:\xampp\htdocs\acbagus\system\Commands\Server\rewrite.php(43): require_once('C:\\xampp\\htdocs...')
#10 {main}
CRITICAL - 2021-12-09 22:04:53 --> Undefined variable: countSales
#0 C:\xampp\htdocs\acbagus\app\Views\admin\dashboard\index.php(30): CodeIgniter\Debug\Exceptions->errorHandler(8, 'Undefined varia...', 'C:\\xampp\\htdocs...', 30, Array)
#1 C:\xampp\htdocs\acbagus\system\View\View.php(214): include('C:\\xampp\\htdocs...')
#2 C:\xampp\htdocs\acbagus\system\View\View.php(217): CodeIgniter\View\View->CodeIgniter\View\{closure}()
#3 C:\xampp\htdocs\acbagus\system\Common.php(1097): CodeIgniter\View\View->render('admin/dashboard...', Array, true)
#4 C:\xampp\htdocs\acbagus\app\Controllers\Dashboard.php(33): view('admin/dashboard...', Array)
#5 C:\xampp\htdocs\acbagus\system\CodeIgniter.php(824): App\Controllers\Dashboard->index()
#6 C:\xampp\htdocs\acbagus\system\CodeIgniter.php(410): CodeIgniter\CodeIgniter->runController(Object(App\Controllers\Dashboard))
#7 C:\xampp\htdocs\acbagus\system\CodeIgniter.php(318): CodeIgniter\CodeIgniter->handleRequest(NULL, Object(Config\Cache), false)
#8 C:\xampp\htdocs\acbagus\public\index.php(37): CodeIgniter\CodeIgniter->run()
#9 C:\xampp\htdocs\acbagus\system\Commands\Server\rewrite.php(43): require_once('C:\\xampp\\htdocs...')
#10 {main}
CRITICAL - 2021-12-09 22:05:09 --> Trying to get property 'total_harga' of non-object
#0 C:\xampp\htdocs\acbagus\app\Views\admin\dashboard\index.php(57): CodeIgniter\Debug\Exceptions->errorHandler(8, 'Trying to get p...', 'C:\\xampp\\htdocs...', 57, Array)
#1 C:\xampp\htdocs\acbagus\system\View\View.php(214): include('C:\\xampp\\htdocs...')
#2 C:\xampp\htdocs\acbagus\system\View\View.php(217): CodeIgniter\View\View->CodeIgniter\View\{closure}()
#3 C:\xampp\htdocs\acbagus\system\Common.php(1097): CodeIgniter\View\View->render('admin/dashboard...', Array, true)
#4 C:\xampp\htdocs\acbagus\app\Controllers\Dashboard.php(33): view('admin/dashboard...', Array)
#5 C:\xampp\htdocs\acbagus\system\CodeIgniter.php(824): App\Controllers\Dashboard->index()
#6 C:\xampp\htdocs\acbagus\system\CodeIgniter.php(410): CodeIgniter\CodeIgniter->runController(Object(App\Controllers\Dashboard))
#7 C:\xampp\htdocs\acbagus\system\CodeIgniter.php(318): CodeIgniter\CodeIgniter->handleRequest(NULL, Object(Config\Cache), false)
#8 C:\xampp\htdocs\acbagus\public\index.php(37): CodeIgniter\CodeIgniter->run()
#9 C:\xampp\htdocs\acbagus\system\Commands\Server\rewrite.php(43): require_once('C:\\xampp\\htdocs...')
#10 {main}
CRITICAL - 2021-12-09 22:05:34 --> Trying to get property 'total_harga' of non-object
#0 C:\xampp\htdocs\acbagus\app\Views\admin\dashboard\index.php(57): CodeIgniter\Debug\Exceptions->errorHandler(8, 'Trying to get p...', 'C:\\xampp\\htdocs...', 57, Array)
#1 C:\xampp\htdocs\acbagus\system\View\View.php(214): include('C:\\xampp\\htdocs...')
#2 C:\xampp\htdocs\acbagus\system\View\View.php(217): CodeIgniter\View\View->CodeIgniter\View\{closure}()
#3 C:\xampp\htdocs\acbagus\system\Common.php(1097): CodeIgniter\View\View->render('admin/dashboard...', Array, true)
#4 C:\xampp\htdocs\acbagus\app\Controllers\Dashboard.php(33): view('admin/dashboard...', Array)
#5 C:\xampp\htdocs\acbagus\system\CodeIgniter.php(824): App\Controllers\Dashboard->index()
#6 C:\xampp\htdocs\acbagus\system\CodeIgniter.php(410): CodeIgniter\CodeIgniter->runController(Object(App\Controllers\Dashboard))
#7 C:\xampp\htdocs\acbagus\system\CodeIgniter.php(318): CodeIgniter\CodeIgniter->handleRequest(NULL, Object(Config\Cache), false)
#8 C:\xampp\htdocs\acbagus\public\index.php(37): CodeIgniter\CodeIgniter->run()
#9 C:\xampp\htdocs\acbagus\system\Commands\Server\rewrite.php(43): require_once('C:\\xampp\\htdocs...')
#10 {main}
CRITICAL - 2021-12-09 22:05:54 --> Undefined index: total_harga
#0 C:\xampp\htdocs\acbagus\app\Views\admin\dashboard\index.php(57): CodeIgniter\Debug\Exceptions->errorHandler(8, 'Undefined index...', 'C:\\xampp\\htdocs...', 57, Array)
#1 C:\xampp\htdocs\acbagus\system\View\View.php(214): include('C:\\xampp\\htdocs...')
#2 C:\xampp\htdocs\acbagus\system\View\View.php(217): CodeIgniter\View\View->CodeIgniter\View\{closure}()
#3 C:\xampp\htdocs\acbagus\system\Common.php(1097): CodeIgniter\View\View->render('admin/dashboard...', Array, true)
#4 C:\xampp\htdocs\acbagus\app\Controllers\Dashboard.php(33): view('admin/dashboard...', Array)
#5 C:\xampp\htdocs\acbagus\system\CodeIgniter.php(824): App\Controllers\Dashboard->index()
#6 C:\xampp\htdocs\acbagus\system\CodeIgniter.php(410): CodeIgniter\CodeIgniter->runController(Object(App\Controllers\Dashboard))
#7 C:\xampp\htdocs\acbagus\system\CodeIgniter.php(318): CodeIgniter\CodeIgniter->handleRequest(NULL, Object(Config\Cache), false)
#8 C:\xampp\htdocs\acbagus\public\index.php(37): CodeIgniter\CodeIgniter->run()
#9 C:\xampp\htdocs\acbagus\system\Commands\Server\rewrite.php(43): require_once('C:\\xampp\\htdocs...')
#10 {main}
CRITICAL - 2021-12-09 22:06:35 --> Trying to get property 'total_harga' of non-object
#0 C:\xampp\htdocs\acbagus\app\Views\admin\dashboard\index.php(57): CodeIgniter\Debug\Exceptions->errorHandler(8, 'Trying to get p...', 'C:\\xampp\\htdocs...', 57, Array)
#1 C:\xampp\htdocs\acbagus\system\View\View.php(214): include('C:\\xampp\\htdocs...')
#2 C:\xampp\htdocs\acbagus\system\View\View.php(217): CodeIgniter\View\View->CodeIgniter\View\{closure}()
#3 C:\xampp\htdocs\acbagus\system\Common.php(1097): CodeIgniter\View\View->render('admin/dashboard...', Array, true)
#4 C:\xampp\htdocs\acbagus\app\Controllers\Dashboard.php(33): view('admin/dashboard...', Array)
#5 C:\xampp\htdocs\acbagus\system\CodeIgniter.php(824): App\Controllers\Dashboard->index()
#6 C:\xampp\htdocs\acbagus\system\CodeIgniter.php(410): CodeIgniter\CodeIgniter->runController(Object(App\Controllers\Dashboard))
#7 C:\xampp\htdocs\acbagus\system\CodeIgniter.php(318): CodeIgniter\CodeIgniter->handleRequest(NULL, Object(Config\Cache), false)
#8 C:\xampp\htdocs\acbagus\public\index.php(37): CodeIgniter\CodeIgniter->run()
#9 C:\xampp\htdocs\acbagus\system\Commands\Server\rewrite.php(43): require_once('C:\\xampp\\htdocs...')
#10 {main}
CRITICAL - 2021-12-09 22:09:14 --> Trying to get property 'total_harga' of non-object
#0 C:\xampp\htdocs\acbagus\app\Views\admin\dashboard\index.php(57): CodeIgniter\Debug\Exceptions->errorHandler(8, 'Trying to get p...', 'C:\\xampp\\htdocs...', 57, Array)
#1 C:\xampp\htdocs\acbagus\system\View\View.php(214): include('C:\\xampp\\htdocs...')
#2 C:\xampp\htdocs\acbagus\system\View\View.php(217): CodeIgniter\View\View->CodeIgniter\View\{closure}()
#3 C:\xampp\htdocs\acbagus\system\Common.php(1097): CodeIgniter\View\View->render('admin/dashboard...', Array, true)
#4 C:\xampp\htdocs\acbagus\app\Controllers\Dashboard.php(34): view('admin/dashboard...', Array)
#5 C:\xampp\htdocs\acbagus\system\CodeIgniter.php(824): App\Controllers\Dashboard->index()
#6 C:\xampp\htdocs\acbagus\system\CodeIgniter.php(410): CodeIgniter\CodeIgniter->runController(Object(App\Controllers\Dashboard))
#7 C:\xampp\htdocs\acbagus\system\CodeIgniter.php(318): CodeIgniter\CodeIgniter->handleRequest(NULL, Object(Config\Cache), false)
#8 C:\xampp\htdocs\acbagus\public\index.php(37): CodeIgniter\CodeIgniter->run()
#9 C:\xampp\htdocs\acbagus\system\Commands\Server\rewrite.php(43): require_once('C:\\xampp\\htdocs...')
#10 {main}
CRITICAL - 2021-12-09 22:10:17 --> Trying to get property 'total_harga' of non-object
#0 C:\xampp\htdocs\acbagus\app\Views\admin\dashboard\index.php(57): CodeIgniter\Debug\Exceptions->errorHandler(8, 'Trying to get p...', 'C:\\xampp\\htdocs...', 57, Array)
#1 C:\xampp\htdocs\acbagus\system\View\View.php(214): include('C:\\xampp\\htdocs...')
#2 C:\xampp\htdocs\acbagus\system\View\View.php(217): CodeIgniter\View\View->CodeIgniter\View\{closure}()
#3 C:\xampp\htdocs\acbagus\system\Common.php(1097): CodeIgniter\View\View->render('admin/dashboard...', Array, true)
#4 C:\xampp\htdocs\acbagus\app\Controllers\Dashboard.php(34): view('admin/dashboard...', Array)
#5 C:\xampp\htdocs\acbagus\system\CodeIgniter.php(824): App\Controllers\Dashboard->index()
#6 C:\xampp\htdocs\acbagus\system\CodeIgniter.php(410): CodeIgniter\CodeIgniter->runController(Object(App\Controllers\Dashboard))
#7 C:\xampp\htdocs\acbagus\system\CodeIgniter.php(318): CodeIgniter\CodeIgniter->handleRequest(NULL, Object(Config\Cache), false)
#8 C:\xampp\htdocs\acbagus\public\index.php(37): CodeIgniter\CodeIgniter->run()
#9 C:\xampp\htdocs\acbagus\system\Commands\Server\rewrite.php(43): require_once('C:\\xampp\\htdocs...')
#10 {main}
CRITICAL - 2021-12-09 22:10:24 --> Call to a member function total_harga() on array
#0 C:\xampp\htdocs\acbagus\system\View\View.php(214): include()
#1 C:\xampp\htdocs\acbagus\system\View\View.php(217): CodeIgniter\View\View->CodeIgniter\View\{closure}()
#2 C:\xampp\htdocs\acbagus\system\Common.php(1097): CodeIgniter\View\View->render('admin/dashboard...', Array, true)
#3 C:\xampp\htdocs\acbagus\app\Controllers\Dashboard.php(34): view('admin/dashboard...', Array)
#4 C:\xampp\htdocs\acbagus\system\CodeIgniter.php(824): App\Controllers\Dashboard->index()
#5 C:\xampp\htdocs\acbagus\system\CodeIgniter.php(410): CodeIgniter\CodeIgniter->runController(Object(App\Controllers\Dashboard))
#6 C:\xampp\htdocs\acbagus\system\CodeIgniter.php(318): CodeIgniter\CodeIgniter->handleRequest(NULL, Object(Config\Cache), false)
#7 C:\xampp\htdocs\acbagus\public\index.php(37): CodeIgniter\CodeIgniter->run()
#8 C:\xampp\htdocs\acbagus\system\Commands\Server\rewrite.php(43): require_once('C:\\xampp\\htdocs...')
#9 {main}
CRITICAL - 2021-12-09 22:14:35 --> Trying to get property 'total_harga' of non-object
#0 C:\xampp\htdocs\acbagus\app\Views\admin\dashboard\index.php(57): CodeIgniter\Debug\Exceptions->errorHandler(8, 'Trying to get p...', 'C:\\xampp\\htdocs...', 57, Array)
#1 C:\xampp\htdocs\acbagus\system\View\View.php(214): include('C:\\xampp\\htdocs...')
#2 C:\xampp\htdocs\acbagus\system\View\View.php(217): CodeIgniter\View\View->CodeIgniter\View\{closure}()
#3 C:\xampp\htdocs\acbagus\system\Common.php(1097): CodeIgniter\View\View->render('admin/dashboard...', Array, true)
#4 C:\xampp\htdocs\acbagus\app\Controllers\Dashboard.php(34): view('admin/dashboard...', Array)
#5 C:\xampp\htdocs\acbagus\system\CodeIgniter.php(824): App\Controllers\Dashboard->index()
#6 C:\xampp\htdocs\acbagus\system\CodeIgniter.php(410): CodeIgniter\CodeIgniter->runController(Object(App\Controllers\Dashboard))
#7 C:\xampp\htdocs\acbagus\system\CodeIgniter.php(318): CodeIgniter\CodeIgniter->handleRequest(NULL, Object(Config\Cache), false)
#8 C:\xampp\htdocs\acbagus\public\index.php(37): CodeIgniter\CodeIgniter->run()
#9 C:\xampp\htdocs\acbagus\system\Commands\Server\rewrite.php(43): require_once('C:\\xampp\\htdocs...')
#10 {main}
CRITICAL - 2021-12-09 22:16:21 --> Undefined index: total_harga
#0 C:\xampp\htdocs\acbagus\app\Views\admin\dashboard\index.php(57): CodeIgniter\Debug\Exceptions->errorHandler(8, 'Undefined index...', 'C:\\xampp\\htdocs...', 57, Array)
#1 C:\xampp\htdocs\acbagus\system\View\View.php(214): include('C:\\xampp\\htdocs...')
#2 C:\xampp\htdocs\acbagus\system\View\View.php(217): CodeIgniter\View\View->CodeIgniter\View\{closure}()
#3 C:\xampp\htdocs\acbagus\system\Common.php(1097): CodeIgniter\View\View->render('admin/dashboard...', Array, true)
#4 C:\xampp\htdocs\acbagus\app\Controllers\Dashboard.php(34): view('admin/dashboard...', Array)
#5 C:\xampp\htdocs\acbagus\system\CodeIgniter.php(824): App\Controllers\Dashboard->index()
#6 C:\xampp\htdocs\acbagus\system\CodeIgniter.php(410): CodeIgniter\CodeIgniter->runController(Object(App\Controllers\Dashboard))
#7 C:\xampp\htdocs\acbagus\system\CodeIgniter.php(318): CodeIgniter\CodeIgniter->handleRequest(NULL, Object(Config\Cache), false)
#8 C:\xampp\htdocs\acbagus\public\index.php(37): CodeIgniter\CodeIgniter->run()
#9 C:\xampp\htdocs\acbagus\system\Commands\Server\rewrite.php(43): require_once('C:\\xampp\\htdocs...')
#10 {main}
CRITICAL - 2021-12-09 22:33:54 --> Class 'App\Models\UserModel' not found
#0 C:\xampp\htdocs\acbagus\system\CodeIgniter.php(801): App\Controllers\Dashboard->__construct()
#1 C:\xampp\htdocs\acbagus\system\CodeIgniter.php(401): CodeIgniter\CodeIgniter->createController()
#2 C:\xampp\htdocs\acbagus\system\CodeIgniter.php(318): CodeIgniter\CodeIgniter->handleRequest(NULL, Object(Config\Cache), false)
#3 C:\xampp\htdocs\acbagus\public\index.php(37): CodeIgniter\CodeIgniter->run()
#4 C:\xampp\htdocs\acbagus\system\Commands\Server\rewrite.php(43): require_once('C:\\xampp\\htdocs...')
#5 {main}
CRITICAL - 2021-12-09 22:34:05 --> Class 'App\Models\UserModel' not found
#0 C:\xampp\htdocs\acbagus\system\CodeIgniter.php(801): App\Controllers\Dashboard->__construct()
#1 C:\xampp\htdocs\acbagus\system\CodeIgniter.php(401): CodeIgniter\CodeIgniter->createController()
#2 C:\xampp\htdocs\acbagus\system\CodeIgniter.php(318): CodeIgniter\CodeIgniter->handleRequest(NULL, Object(Config\Cache), false)
#3 C:\xampp\htdocs\acbagus\public\index.php(37): CodeIgniter\CodeIgniter->run()
#4 C:\xampp\htdocs\acbagus\system\Commands\Server\rewrite.php(43): require_once('C:\\xampp\\htdocs...')
#5 {main}
CRITICAL - 2021-12-09 22:34:06 --> Class 'App\Models\UserModel' not found
#0 C:\xampp\htdocs\acbagus\system\CodeIgniter.php(801): App\Controllers\Dashboard->__construct()
#1 C:\xampp\htdocs\acbagus\system\CodeIgniter.php(401): CodeIgniter\CodeIgniter->createController()
#2 C:\xampp\htdocs\acbagus\system\CodeIgniter.php(318): CodeIgniter\CodeIgniter->handleRequest(NULL, Object(Config\Cache), false)
#3 C:\xampp\htdocs\acbagus\public\index.php(37): CodeIgniter\CodeIgniter->run()
#4 C:\xampp\htdocs\acbagus\system\Commands\Server\rewrite.php(43): require_once('C:\\xampp\\htdocs...')
#5 {main}
CRITICAL - 2021-12-09 22:34:23 --> Class 'App\Models\UserModel' not found
#0 C:\xampp\htdocs\acbagus\system\CodeIgniter.php(801): App\Controllers\Dashboard->__construct()
#1 C:\xampp\htdocs\acbagus\system\CodeIgniter.php(401): CodeIgniter\CodeIgniter->createController()
#2 C:\xampp\htdocs\acbagus\system\CodeIgniter.php(318): CodeIgniter\CodeIgniter->handleRequest(NULL, Object(Config\Cache), false)
#3 C:\xampp\htdocs\acbagus\public\index.php(37): CodeIgniter\CodeIgniter->run()
#4 C:\xampp\htdocs\acbagus\system\Commands\Server\rewrite.php(43): require_once('C:\\xampp\\htdocs...')
#5 {main}
CRITICAL - 2021-12-09 22:34:25 --> Class 'App\Models\UserModel' not found
#0 C:\xampp\htdocs\acbagus\system\CodeIgniter.php(801): App\Controllers\Dashboard->__construct()
#1 C:\xampp\htdocs\acbagus\system\CodeIgniter.php(401): CodeIgniter\CodeIgniter->createController()
#2 C:\xampp\htdocs\acbagus\system\CodeIgniter.php(318): CodeIgniter\CodeIgniter->handleRequest(NULL, Object(Config\Cache), false)
#3 C:\xampp\htdocs\acbagus\public\index.php(37): CodeIgniter\CodeIgniter->run()
#4 C:\xampp\htdocs\acbagus\system\Commands\Server\rewrite.php(43): require_once('C:\\xampp\\htdocs...')
#5 {main}
CRITICAL - 2021-12-09 22:34:27 --> Class 'App\Models\UserModel' not found
#0 C:\xampp\htdocs\acbagus\system\CodeIgniter.php(801): App\Controllers\Dashboard->__construct()
#1 C:\xampp\htdocs\acbagus\system\CodeIgniter.php(401): CodeIgniter\CodeIgniter->createController()
#2 C:\xampp\htdocs\acbagus\system\CodeIgniter.php(318): CodeIgniter\CodeIgniter->handleRequest(NULL, Object(Config\Cache), false)
#3 C:\xampp\htdocs\acbagus\public\index.php(37): CodeIgniter\CodeIgniter->run()
#4 C:\xampp\htdocs\acbagus\system\Commands\Server\rewrite.php(43): require_once('C:\\xampp\\htdocs...')
#5 {main}
CRITICAL - 2021-12-09 22:54:53 --> Invalid file: index.php
#0 C:\xampp\htdocs\acbagus\system\View\View.php(198): CodeIgniter\Exceptions\FrameworkException::forInvalidFile('index.php')
#1 C:\xampp\htdocs\acbagus\system\Common.php(1097): CodeIgniter\View\View->render('index', Array, true)
#2 C:\xampp\htdocs\acbagus\app\Controllers\Home.php(9): view('index')
#3 C:\xampp\htdocs\acbagus\system\CodeIgniter.php(824): App\Controllers\Home->index()
#4 C:\xampp\htdocs\acbagus\system\CodeIgniter.php(410): CodeIgniter\CodeIgniter->runController(Object(App\Controllers\Home))
#5 C:\xampp\htdocs\acbagus\system\CodeIgniter.php(318): CodeIgniter\CodeIgniter->handleRequest(NULL, Object(Config\Cache), false)
#6 C:\xampp\htdocs\acbagus\public\index.php(37): CodeIgniter\CodeIgniter->run()
#7 C:\xampp\htdocs\acbagus\system\Commands\Server\rewrite.php(43): require_once('C:\\xampp\\htdocs...')
#8 {main}
CRITICAL - 2021-12-09 23:45:05 --> Call to undefined method App\Models\UsersModel::getViewDasboard
#0 C:\xampp\htdocs\acbagus\app\Controllers\Dashboard.php(26): CodeIgniter\Model->__call('getViewDasboard', Array)
#1 C:\xampp\htdocs\acbagus\system\CodeIgniter.php(824): App\Controllers\Dashboard->index()
#2 C:\xampp\htdocs\acbagus\system\CodeIgniter.php(410): CodeIgniter\CodeIgniter->runController(Object(App\Controllers\Dashboard))
#3 C:\xampp\htdocs\acbagus\system\CodeIgniter.php(318): CodeIgniter\CodeIgniter->handleRequest(NULL, Object(Config\Cache), false)
#4 C:\xampp\htdocs\acbagus\public\index.php(37): CodeIgniter\CodeIgniter->run()
#5 C:\xampp\htdocs\acbagus\system\Commands\Server\rewrite.php(43): require_once('C:\\xampp\\htdocs...')
#6 {main}
