CRITICAL - 2021-11-21 04:50:27 --> Invalid file: user.php
#0 C:\xampp\htdocs\acbagus\system\View\View.php(198): CodeIgniter\Exceptions\FrameworkException::forInvalidFile('user.php')
#1 C:\xampp\htdocs\acbagus\system\Common.php(1097): CodeIgniter\View\View->render('user', Array, true)
#2 C:\xampp\htdocs\acbagus\app\Controllers\Home.php(9): view('user')
#3 C:\xampp\htdocs\acbagus\system\CodeIgniter.php(824): App\Controllers\Home->index()
#4 C:\xampp\htdocs\acbagus\system\CodeIgniter.php(410): CodeIgniter\CodeIgniter->runController(Object(App\Controllers\Home))
#5 C:\xampp\htdocs\acbagus\system\CodeIgniter.php(318): CodeIgniter\CodeIgniter->handleRequest(NULL, Object(Config\Cache), false)
#6 C:\xampp\htdocs\acbagus\public\index.php(37): CodeIgniter\CodeIgniter->run()
#7 C:\xampp\htdocs\acbagus\system\Commands\Server\rewrite.php(43): require_once('C:\\xampp\\htdocs...')
#8 {main}
CRITICAL - 2021-11-21 05:15:39 --> Invalid file: header.php
#0 C:\xampp\htdocs\acbagus\system\View\View.php(198): CodeIgniter\Exceptions\FrameworkException::forInvalidFile('header.php')
#1 C:\xampp\htdocs\acbagus\system\View\View.php(432): CodeIgniter\View\View->render('header', NULL, true)
#2 C:\xampp\htdocs\acbagus\app\Views\user_template\user.php(21): CodeIgniter\View\View->include('header')
#3 C:\xampp\htdocs\acbagus\system\View\View.php(214): include('C:\\xampp\\htdocs...')
#4 C:\xampp\htdocs\acbagus\system\View\View.php(217): CodeIgniter\View\View->CodeIgniter\View\{closure}()
#5 C:\xampp\htdocs\acbagus\system\View\View.php(230): CodeIgniter\View\View->render('user_template/u...', Array, true)
#6 C:\xampp\htdocs\acbagus\system\Common.php(1097): CodeIgniter\View\View->render('user/index', Array, true)
#7 C:\xampp\htdocs\acbagus\app\Controllers\User.php(9): view('user/index')
#8 C:\xampp\htdocs\acbagus\system\CodeIgniter.php(824): App\Controllers\User->index()
#9 C:\xampp\htdocs\acbagus\system\CodeIgniter.php(410): CodeIgniter\CodeIgniter->runController(Object(App\Controllers\User))
#10 C:\xampp\htdocs\acbagus\system\CodeIgniter.php(318): CodeIgniter\CodeIgniter->handleRequest(NULL, Object(Config\Cache), false)
#11 C:\xampp\htdocs\acbagus\public\index.php(37): CodeIgniter\CodeIgniter->run()
#12 C:\xampp\htdocs\acbagus\system\Commands\Server\rewrite.php(43): require_once('C:\\xampp\\htdocs...')
#13 {main}
CRITICAL - 2021-11-21 05:18:07 --> Call to undefined method CodeIgniter\View\View::include_once()
#0 C:\xampp\htdocs\acbagus\system\View\View.php(214): include()
#1 C:\xampp\htdocs\acbagus\system\View\View.php(217): CodeIgniter\View\View->CodeIgniter\View\{closure}()
#2 C:\xampp\htdocs\acbagus\system\Common.php(1097): CodeIgniter\View\View->render('user/index', Array, true)
#3 C:\xampp\htdocs\acbagus\app\Controllers\User.php(9): view('user/index')
#4 C:\xampp\htdocs\acbagus\system\CodeIgniter.php(824): App\Controllers\User->index()
#5 C:\xampp\htdocs\acbagus\system\CodeIgniter.php(410): CodeIgniter\CodeIgniter->runController(Object(App\Controllers\User))
#6 C:\xampp\htdocs\acbagus\system\CodeIgniter.php(318): CodeIgniter\CodeIgniter->handleRequest(NULL, Object(Config\Cache), false)
#7 C:\xampp\htdocs\acbagus\public\index.php(37): CodeIgniter\CodeIgniter->run()
#8 C:\xampp\htdocs\acbagus\system\Commands\Server\rewrite.php(43): require_once('C:\\xampp\\htdocs...')
#9 {main}
CRITICAL - 2021-11-21 05:18:48 --> Call to undefined method CodeIgniter\View\View::include_once()
#0 C:\xampp\htdocs\acbagus\system\View\View.php(214): include()
#1 C:\xampp\htdocs\acbagus\system\View\View.php(217): CodeIgniter\View\View->CodeIgniter\View\{closure}()
#2 C:\xampp\htdocs\acbagus\system\Common.php(1097): CodeIgniter\View\View->render('user/index', Array, true)
#3 C:\xampp\htdocs\acbagus\app\Controllers\User.php(9): view('user/index')
#4 C:\xampp\htdocs\acbagus\system\CodeIgniter.php(824): App\Controllers\User->index()
#5 C:\xampp\htdocs\acbagus\system\CodeIgniter.php(410): CodeIgniter\CodeIgniter->runController(Object(App\Controllers\User))
#6 C:\xampp\htdocs\acbagus\system\CodeIgniter.php(318): CodeIgniter\CodeIgniter->handleRequest(NULL, Object(Config\Cache), false)
#7 C:\xampp\htdocs\acbagus\public\index.php(37): CodeIgniter\CodeIgniter->run()
#8 C:\xampp\htdocs\acbagus\system\Commands\Server\rewrite.php(43): require_once('C:\\xampp\\htdocs...')
#9 {main}
CRITICAL - 2021-11-21 05:19:00 --> Invalid file: header.php
#0 C:\xampp\htdocs\acbagus\system\View\View.php(198): CodeIgniter\Exceptions\FrameworkException::forInvalidFile('header.php')
#1 C:\xampp\htdocs\acbagus\system\View\View.php(432): CodeIgniter\View\View->render('header', NULL, true)
#2 C:\xampp\htdocs\acbagus\app\Views\user_template\user.php(21): CodeIgniter\View\View->include('header')
#3 C:\xampp\htdocs\acbagus\system\View\View.php(214): include('C:\\xampp\\htdocs...')
#4 C:\xampp\htdocs\acbagus\system\View\View.php(217): CodeIgniter\View\View->CodeIgniter\View\{closure}()
#5 C:\xampp\htdocs\acbagus\system\View\View.php(432): CodeIgniter\View\View->render('user_template/u...', NULL, true)
#6 C:\xampp\htdocs\acbagus\app\Views\user\index.php(1): CodeIgniter\View\View->include('user_template/u...')
#7 C:\xampp\htdocs\acbagus\system\View\View.php(214): include('C:\\xampp\\htdocs...')
#8 C:\xampp\htdocs\acbagus\system\View\View.php(217): CodeIgniter\View\View->CodeIgniter\View\{closure}()
#9 C:\xampp\htdocs\acbagus\system\Common.php(1097): CodeIgniter\View\View->render('user/index', Array, true)
#10 C:\xampp\htdocs\acbagus\app\Controllers\User.php(9): view('user/index')
#11 C:\xampp\htdocs\acbagus\system\CodeIgniter.php(824): App\Controllers\User->index()
#12 C:\xampp\htdocs\acbagus\system\CodeIgniter.php(410): CodeIgniter\CodeIgniter->runController(Object(App\Controllers\User))
#13 C:\xampp\htdocs\acbagus\system\CodeIgniter.php(318): CodeIgniter\CodeIgniter->handleRequest(NULL, Object(Config\Cache), false)
#14 C:\xampp\htdocs\acbagus\public\index.php(37): CodeIgniter\CodeIgniter->run()
#15 C:\xampp\htdocs\acbagus\system\Commands\Server\rewrite.php(43): require_once('C:\\xampp\\htdocs...')
#16 {main}
CRITICAL - 2021-11-21 05:19:15 --> include(user_template/user.php): failed to open stream: No such file or directory
#0 C:\xampp\htdocs\acbagus\app\Views\user\index.php(1): CodeIgniter\Debug\Exceptions->errorHandler(2, 'include(user_te...', 'C:\\xampp\\htdocs...', 1, Array)
#1 C:\xampp\htdocs\acbagus\app\Views\user\index.php(1): include()
#2 C:\xampp\htdocs\acbagus\system\View\View.php(214): include('C:\\xampp\\htdocs...')
#3 C:\xampp\htdocs\acbagus\system\View\View.php(217): CodeIgniter\View\View->CodeIgniter\View\{closure}()
#4 C:\xampp\htdocs\acbagus\system\Common.php(1097): CodeIgniter\View\View->render('user/index', Array, true)
#5 C:\xampp\htdocs\acbagus\app\Controllers\User.php(9): view('user/index')
#6 C:\xampp\htdocs\acbagus\system\CodeIgniter.php(824): App\Controllers\User->index()
#7 C:\xampp\htdocs\acbagus\system\CodeIgniter.php(410): CodeIgniter\CodeIgniter->runController(Object(App\Controllers\User))
#8 C:\xampp\htdocs\acbagus\system\CodeIgniter.php(318): CodeIgniter\CodeIgniter->handleRequest(NULL, Object(Config\Cache), false)
#9 C:\xampp\htdocs\acbagus\public\index.php(37): CodeIgniter\CodeIgniter->run()
#10 C:\xampp\htdocs\acbagus\system\Commands\Server\rewrite.php(43): require_once('C:\\xampp\\htdocs...')
#11 {main}
CRITICAL - 2021-11-21 05:23:47 --> Invalid file: header.php
#0 C:\xampp\htdocs\acbagus\system\View\View.php(198): CodeIgniter\Exceptions\FrameworkException::forInvalidFile('header.php')
#1 C:\xampp\htdocs\acbagus\system\View\View.php(432): CodeIgniter\View\View->render('header', NULL, true)
#2 C:\xampp\htdocs\acbagus\app\Views\user_template\user.php(21): CodeIgniter\View\View->include('header')
#3 C:\xampp\htdocs\acbagus\system\View\View.php(214): include('C:\\xampp\\htdocs...')
#4 C:\xampp\htdocs\acbagus\system\View\View.php(217): CodeIgniter\View\View->CodeIgniter\View\{closure}()
#5 C:\xampp\htdocs\acbagus\system\Common.php(1097): CodeIgniter\View\View->render('user_template/u...', Array, true)
#6 C:\xampp\htdocs\acbagus\app\Controllers\User.php(9): view('user_template/u...')
#7 C:\xampp\htdocs\acbagus\system\CodeIgniter.php(824): App\Controllers\User->index()
#8 C:\xampp\htdocs\acbagus\system\CodeIgniter.php(410): CodeIgniter\CodeIgniter->runController(Object(App\Controllers\User))
#9 C:\xampp\htdocs\acbagus\system\CodeIgniter.php(318): CodeIgniter\CodeIgniter->handleRequest(NULL, Object(Config\Cache), false)
#10 C:\xampp\htdocs\acbagus\public\index.php(37): CodeIgniter\CodeIgniter->run()
#11 C:\xampp\htdocs\acbagus\system\Commands\Server\rewrite.php(43): require_once('C:\\xampp\\htdocs...')
#12 {main}
CRITICAL - 2021-11-21 05:29:48 --> Invalid file: header.php
#0 C:\xampp\htdocs\acbagus\system\View\View.php(198): CodeIgniter\Exceptions\FrameworkException::forInvalidFile('header.php')
#1 C:\xampp\htdocs\acbagus\system\View\View.php(432): CodeIgniter\View\View->render('header', NULL, true)
#2 C:\xampp\htdocs\acbagus\app\Views\user_template\user.php(21): CodeIgniter\View\View->include('header')
#3 C:\xampp\htdocs\acbagus\system\View\View.php(214): include('C:\\xampp\\htdocs...')
#4 C:\xampp\htdocs\acbagus\system\View\View.php(217): CodeIgniter\View\View->CodeIgniter\View\{closure}()
#5 C:\xampp\htdocs\acbagus\system\View\View.php(230): CodeIgniter\View\View->render('user_template/u...', Array, true)
#6 C:\xampp\htdocs\acbagus\system\Common.php(1097): CodeIgniter\View\View->render('user/index', Array, true)
#7 C:\xampp\htdocs\acbagus\app\Controllers\User.php(9): view('user/index')
#8 C:\xampp\htdocs\acbagus\system\CodeIgniter.php(824): App\Controllers\User->index()
#9 C:\xampp\htdocs\acbagus\system\CodeIgniter.php(410): CodeIgniter\CodeIgniter->runController(Object(App\Controllers\User))
#10 C:\xampp\htdocs\acbagus\system\CodeIgniter.php(318): CodeIgniter\CodeIgniter->handleRequest(NULL, Object(Config\Cache), false)
#11 C:\xampp\htdocs\acbagus\public\index.php(37): CodeIgniter\CodeIgniter->run()
#12 C:\xampp\htdocs\acbagus\system\Commands\Server\rewrite.php(43): require_once('C:\\xampp\\htdocs...')
#13 {main}
CRITICAL - 2021-11-21 20:33:12 --> Invalid file: admin.php
#0 C:\xampp\htdocs\acbagus\system\View\View.php(198): CodeIgniter\Exceptions\FrameworkException::forInvalidFile('admin.php')
#1 C:\xampp\htdocs\acbagus\system\View\View.php(230): CodeIgniter\View\View->render('admin', Array, true)
#2 C:\xampp\htdocs\acbagus\system\Common.php(1097): CodeIgniter\View\View->render('admin/index', Array, true)
#3 C:\xampp\htdocs\acbagus\app\Controllers\Admin.php(9): view('admin/index')
#4 C:\xampp\htdocs\acbagus\system\CodeIgniter.php(824): App\Controllers\Admin->index()
#5 C:\xampp\htdocs\acbagus\system\CodeIgniter.php(410): CodeIgniter\CodeIgniter->runController(Object(App\Controllers\Admin))
#6 C:\xampp\htdocs\acbagus\system\CodeIgniter.php(318): CodeIgniter\CodeIgniter->handleRequest(NULL, Object(Config\Cache), false)
#7 C:\xampp\htdocs\acbagus\public\index.php(37): CodeIgniter\CodeIgniter->run()
#8 C:\xampp\htdocs\acbagus\system\Commands\Server\rewrite.php(43): require_once('C:\\xampp\\htdocs...')
#9 {main}
