ERROR - 2021-12-06 03:17:54 --> Unknown column 'id' in 'where clause'
CRITICAL - 2021-12-06 03:17:54 --> Unknown column 'id' in 'where clause'
#0 C:\xampp\htdocs\acbagus\system\Database\MySQLi\Connection.php(292): mysqli->query('SELECT COUNT(*)...', 0)
#1 C:\xampp\htdocs\acbagus\system\Database\BaseConnection.php(670): CodeIgniter\Database\MySQLi\Connection->execute('SELECT COUNT(*)...')
#2 C:\xampp\htdocs\acbagus\system\Database\BaseConnection.php(598): CodeIgniter\Database\BaseConnection->simpleQuery('SELECT COUNT(*)...')
#3 C:\xampp\htdocs\acbagus\system\Database\BaseBuilder.php(1527): CodeIgniter\Database\BaseConnection->query('SELECT COUNT(*)...', Array, false)
#4 C:\xampp\htdocs\acbagus\system\Model.php(509): CodeIgniter\Database\BaseBuilder->countAllResults(true)
#5 C:\xampp\htdocs\acbagus\system\Model.php(592): CodeIgniter\Model->countAllResults()
#6 C:\xampp\htdocs\acbagus\system\BaseModel.php(655): CodeIgniter\Model->shouldUpdate(Array)
#7 C:\xampp\htdocs\acbagus\app\Controllers\Group.php(57): CodeIgniter\BaseModel->save(Array)
#8 C:\xampp\htdocs\acbagus\system\CodeIgniter.php(824): App\Controllers\Group->simpan()
#9 C:\xampp\htdocs\acbagus\system\CodeIgniter.php(410): CodeIgniter\CodeIgniter->runController(Object(App\Controllers\Group))
#10 C:\xampp\htdocs\acbagus\system\CodeIgniter.php(318): CodeIgniter\CodeIgniter->handleRequest(NULL, Object(Config\Cache), false)
#11 C:\xampp\htdocs\acbagus\public\index.php(37): CodeIgniter\CodeIgniter->run()
#12 C:\xampp\htdocs\acbagus\system\Commands\Server\rewrite.php(43): require_once('C:\\xampp\\htdocs...')
#13 {main}
CRITICAL - 2021-12-06 03:37:24 --> Invalid file: index.php
#0 C:\xampp\htdocs\acbagus\system\View\View.php(198): CodeIgniter\Exceptions\FrameworkException::forInvalidFile('index.php')
#1 C:\xampp\htdocs\acbagus\system\Common.php(1097): CodeIgniter\View\View->render('index', Array, true)
#2 C:\xampp\htdocs\acbagus\app\Controllers\Home.php(9): view('index')
#3 C:\xampp\htdocs\acbagus\system\CodeIgniter.php(824): App\Controllers\Home->index()
#4 C:\xampp\htdocs\acbagus\system\CodeIgniter.php(410): CodeIgniter\CodeIgniter->runController(Object(App\Controllers\Home))
#5 C:\xampp\htdocs\acbagus\system\CodeIgniter.php(318): CodeIgniter\CodeIgniter->handleRequest(NULL, Object(Config\Cache), false)
#6 C:\xampp\htdocs\acbagus\public\index.php(37): CodeIgniter\CodeIgniter->run()
#7 C:\xampp\htdocs\acbagus\system\Commands\Server\rewrite.php(43): require_once('C:\\xampp\\htdocs...')
#8 {main}
CRITICAL - 2021-12-06 04:01:57 --> Class 'App\Models\UserModel' not found
#0 C:\xampp\htdocs\acbagus\system\CodeIgniter.php(801): App\Controllers\Profile->__construct()
#1 C:\xampp\htdocs\acbagus\system\CodeIgniter.php(401): CodeIgniter\CodeIgniter->createController()
#2 C:\xampp\htdocs\acbagus\system\CodeIgniter.php(318): CodeIgniter\CodeIgniter->handleRequest(NULL, Object(Config\Cache), false)
#3 C:\xampp\htdocs\acbagus\public\index.php(37): CodeIgniter\CodeIgniter->run()
#4 C:\xampp\htdocs\acbagus\system\Commands\Server\rewrite.php(43): require_once('C:\\xampp\\htdocs...')
#5 {main}
CRITICAL - 2021-12-06 04:02:54 --> Invalid file: index.php
#0 C:\xampp\htdocs\acbagus\system\View\View.php(198): CodeIgniter\Exceptions\FrameworkException::forInvalidFile('index.php')
#1 C:\xampp\htdocs\acbagus\system\Common.php(1097): CodeIgniter\View\View->render('index', Array, true)
#2 C:\xampp\htdocs\acbagus\app\Controllers\Home.php(9): view('index')
#3 C:\xampp\htdocs\acbagus\system\CodeIgniter.php(824): App\Controllers\Home->index()
#4 C:\xampp\htdocs\acbagus\system\CodeIgniter.php(410): CodeIgniter\CodeIgniter->runController(Object(App\Controllers\Home))
#5 C:\xampp\htdocs\acbagus\system\CodeIgniter.php(318): CodeIgniter\CodeIgniter->handleRequest(NULL, Object(Config\Cache), false)
#6 C:\xampp\htdocs\acbagus\public\index.php(37): CodeIgniter\CodeIgniter->run()
#7 C:\xampp\htdocs\acbagus\system\Commands\Server\rewrite.php(43): require_once('C:\\xampp\\htdocs...')
#8 {main}
CRITICAL - 2021-12-06 09:05:21 --> Invalid file: index.php
#0 C:\xampp\htdocs\acbagus\system\View\View.php(198): CodeIgniter\Exceptions\FrameworkException::forInvalidFile('index.php')
#1 C:\xampp\htdocs\acbagus\system\Common.php(1097): CodeIgniter\View\View->render('index', Array, true)
#2 C:\xampp\htdocs\acbagus\app\Controllers\Home.php(9): view('index')
#3 C:\xampp\htdocs\acbagus\system\CodeIgniter.php(824): App\Controllers\Home->index()
#4 C:\xampp\htdocs\acbagus\system\CodeIgniter.php(410): CodeIgniter\CodeIgniter->runController(Object(App\Controllers\Home))
#5 C:\xampp\htdocs\acbagus\system\CodeIgniter.php(318): CodeIgniter\CodeIgniter->handleRequest(NULL, Object(Config\Cache), false)
#6 C:\xampp\htdocs\acbagus\public\index.php(37): CodeIgniter\CodeIgniter->run()
#7 C:\xampp\htdocs\acbagus\system\Commands\Server\rewrite.php(43): require_once('C:\\xampp\\htdocs...')
#8 {main}
CRITICAL - 2021-12-06 09:50:38 --> Invalid file: index.php
#0 C:\xampp\htdocs\acbagus\system\View\View.php(198): CodeIgniter\Exceptions\FrameworkException::forInvalidFile('index.php')
#1 C:\xampp\htdocs\acbagus\system\Common.php(1097): CodeIgniter\View\View->render('index', Array, true)
#2 C:\xampp\htdocs\acbagus\app\Controllers\Home.php(9): view('index')
#3 C:\xampp\htdocs\acbagus\system\CodeIgniter.php(824): App\Controllers\Home->index()
#4 C:\xampp\htdocs\acbagus\system\CodeIgniter.php(410): CodeIgniter\CodeIgniter->runController(Object(App\Controllers\Home))
#5 C:\xampp\htdocs\acbagus\system\CodeIgniter.php(318): CodeIgniter\CodeIgniter->handleRequest(NULL, Object(Config\Cache), false)
#6 C:\xampp\htdocs\acbagus\public\index.php(37): CodeIgniter\CodeIgniter->run()
#7 C:\xampp\htdocs\acbagus\system\Commands\Server\rewrite.php(43): require_once('C:\\xampp\\htdocs...')
#8 {main}
CRITICAL - 2021-12-06 10:04:56 --> Undefined property: stdClass::$role_id
#0 C:\xampp\htdocs\acbagus\app\Views\admin\user_group\index.php(57): CodeIgniter\Debug\Exceptions->errorHandler(8, 'Undefined prope...', 'C:\\xampp\\htdocs...', 57, Array)
#1 C:\xampp\htdocs\acbagus\system\View\View.php(214): include('C:\\xampp\\htdocs...')
#2 C:\xampp\htdocs\acbagus\system\View\View.php(217): CodeIgniter\View\View->CodeIgniter\View\{closure}()
#3 C:\xampp\htdocs\acbagus\system\Common.php(1097): CodeIgniter\View\View->render('admin/user_grou...', Array, true)
#4 C:\xampp\htdocs\acbagus\app\Controllers\Group.php(33): view('admin/user_grou...', Array)
#5 C:\xampp\htdocs\acbagus\system\CodeIgniter.php(824): App\Controllers\Group->index()
#6 C:\xampp\htdocs\acbagus\system\CodeIgniter.php(410): CodeIgniter\CodeIgniter->runController(Object(App\Controllers\Group))
#7 C:\xampp\htdocs\acbagus\system\CodeIgniter.php(318): CodeIgniter\CodeIgniter->handleRequest(NULL, Object(Config\Cache), false)
#8 C:\xampp\htdocs\acbagus\public\index.php(37): CodeIgniter\CodeIgniter->run()
#9 C:\xampp\htdocs\acbagus\system\Commands\Server\rewrite.php(43): require_once('C:\\xampp\\htdocs...')
#10 {main}
ERROR - 2021-12-06 10:23:42 --> Unknown column 'id' in 'where clause'
CRITICAL - 2021-12-06 10:23:42 --> Unknown column 'id' in 'where clause'
#0 C:\xampp\htdocs\acbagus\system\Database\MySQLi\Connection.php(292): mysqli->query('SELECT COUNT(*)...', 0)
#1 C:\xampp\htdocs\acbagus\system\Database\BaseConnection.php(670): CodeIgniter\Database\MySQLi\Connection->execute('SELECT COUNT(*)...')
#2 C:\xampp\htdocs\acbagus\system\Database\BaseConnection.php(598): CodeIgniter\Database\BaseConnection->simpleQuery('SELECT COUNT(*)...')
#3 C:\xampp\htdocs\acbagus\system\Database\BaseBuilder.php(1527): CodeIgniter\Database\BaseConnection->query('SELECT COUNT(*)...', Array, false)
#4 C:\xampp\htdocs\acbagus\system\Model.php(509): CodeIgniter\Database\BaseBuilder->countAllResults(true)
#5 C:\xampp\htdocs\acbagus\system\Model.php(592): CodeIgniter\Model->countAllResults()
#6 C:\xampp\htdocs\acbagus\system\BaseModel.php(655): CodeIgniter\Model->shouldUpdate(Array)
#7 C:\xampp\htdocs\acbagus\app\Controllers\Group.php(85): CodeIgniter\BaseModel->save(Array)
#8 C:\xampp\htdocs\acbagus\system\CodeIgniter.php(824): App\Controllers\Group->update('2')
#9 C:\xampp\htdocs\acbagus\system\CodeIgniter.php(410): CodeIgniter\CodeIgniter->runController(Object(App\Controllers\Group))
#10 C:\xampp\htdocs\acbagus\system\CodeIgniter.php(318): CodeIgniter\CodeIgniter->handleRequest(NULL, Object(Config\Cache), false)
#11 C:\xampp\htdocs\acbagus\public\index.php(37): CodeIgniter\CodeIgniter->run()
#12 C:\xampp\htdocs\acbagus\system\Commands\Server\rewrite.php(43): require_once('C:\\xampp\\htdocs...')
#13 {main}
CRITICAL - 2021-12-06 10:25:02 --> Invalid file: index.php
#0 C:\xampp\htdocs\acbagus\system\View\View.php(198): CodeIgniter\Exceptions\FrameworkException::forInvalidFile('index.php')
#1 C:\xampp\htdocs\acbagus\system\Common.php(1097): CodeIgniter\View\View->render('index', Array, true)
#2 C:\xampp\htdocs\acbagus\app\Controllers\Home.php(9): view('index')
#3 C:\xampp\htdocs\acbagus\system\CodeIgniter.php(824): App\Controllers\Home->index()
#4 C:\xampp\htdocs\acbagus\system\CodeIgniter.php(410): CodeIgniter\CodeIgniter->runController(Object(App\Controllers\Home))
#5 C:\xampp\htdocs\acbagus\system\CodeIgniter.php(318): CodeIgniter\CodeIgniter->handleRequest(NULL, Object(Config\Cache), false)
#6 C:\xampp\htdocs\acbagus\public\index.php(37): CodeIgniter\CodeIgniter->run()
#7 C:\xampp\htdocs\acbagus\system\Commands\Server\rewrite.php(43): require_once('C:\\xampp\\htdocs...')
#8 {main}
ERROR - 2021-12-06 10:25:04 --> Unknown column 'id' in 'where clause'
CRITICAL - 2021-12-06 10:25:04 --> Unknown column 'id' in 'where clause'
#0 C:\xampp\htdocs\acbagus\system\Database\MySQLi\Connection.php(292): mysqli->query('SELECT COUNT(*)...', 0)
#1 C:\xampp\htdocs\acbagus\system\Database\BaseConnection.php(670): CodeIgniter\Database\MySQLi\Connection->execute('SELECT COUNT(*)...')
#2 C:\xampp\htdocs\acbagus\system\Database\BaseConnection.php(598): CodeIgniter\Database\BaseConnection->simpleQuery('SELECT COUNT(*)...')
#3 C:\xampp\htdocs\acbagus\system\Database\BaseBuilder.php(1527): CodeIgniter\Database\BaseConnection->query('SELECT COUNT(*)...', Array, false)
#4 C:\xampp\htdocs\acbagus\system\Model.php(509): CodeIgniter\Database\BaseBuilder->countAllResults(true)
#5 C:\xampp\htdocs\acbagus\system\Model.php(592): CodeIgniter\Model->countAllResults()
#6 C:\xampp\htdocs\acbagus\system\BaseModel.php(655): CodeIgniter\Model->shouldUpdate(Array)
#7 C:\xampp\htdocs\acbagus\app\Controllers\Group.php(85): CodeIgniter\BaseModel->save(Array)
#8 C:\xampp\htdocs\acbagus\system\CodeIgniter.php(824): App\Controllers\Group->update('2')
#9 C:\xampp\htdocs\acbagus\system\CodeIgniter.php(410): CodeIgniter\CodeIgniter->runController(Object(App\Controllers\Group))
#10 C:\xampp\htdocs\acbagus\system\CodeIgniter.php(318): CodeIgniter\CodeIgniter->handleRequest(NULL, Object(Config\Cache), false)
#11 C:\xampp\htdocs\acbagus\public\index.php(37): CodeIgniter\CodeIgniter->run()
#12 C:\xampp\htdocs\acbagus\system\Commands\Server\rewrite.php(43): require_once('C:\\xampp\\htdocs...')
#13 {main}
ERROR - 2021-12-06 10:26:16 --> Unknown column 'id' in 'where clause'
CRITICAL - 2021-12-06 10:26:16 --> Unknown column 'id' in 'where clause'
#0 C:\xampp\htdocs\acbagus\system\Database\MySQLi\Connection.php(292): mysqli->query('SELECT COUNT(*)...', 0)
#1 C:\xampp\htdocs\acbagus\system\Database\BaseConnection.php(670): CodeIgniter\Database\MySQLi\Connection->execute('SELECT COUNT(*)...')
#2 C:\xampp\htdocs\acbagus\system\Database\BaseConnection.php(598): CodeIgniter\Database\BaseConnection->simpleQuery('SELECT COUNT(*)...')
#3 C:\xampp\htdocs\acbagus\system\Database\BaseBuilder.php(1527): CodeIgniter\Database\BaseConnection->query('SELECT COUNT(*)...', Array, false)
#4 C:\xampp\htdocs\acbagus\system\Model.php(509): CodeIgniter\Database\BaseBuilder->countAllResults(true)
#5 C:\xampp\htdocs\acbagus\system\Model.php(592): CodeIgniter\Model->countAllResults()
#6 C:\xampp\htdocs\acbagus\system\BaseModel.php(655): CodeIgniter\Model->shouldUpdate(Array)
#7 C:\xampp\htdocs\acbagus\app\Controllers\Group.php(85): CodeIgniter\BaseModel->save(Array)
#8 C:\xampp\htdocs\acbagus\system\CodeIgniter.php(824): App\Controllers\Group->update('2')
#9 C:\xampp\htdocs\acbagus\system\CodeIgniter.php(410): CodeIgniter\CodeIgniter->runController(Object(App\Controllers\Group))
#10 C:\xampp\htdocs\acbagus\system\CodeIgniter.php(318): CodeIgniter\CodeIgniter->handleRequest(NULL, Object(Config\Cache), false)
#11 C:\xampp\htdocs\acbagus\public\index.php(37): CodeIgniter\CodeIgniter->run()
#12 C:\xampp\htdocs\acbagus\system\Commands\Server\rewrite.php(43): require_once('C:\\xampp\\htdocs...')
#13 {main}
ERROR - 2021-12-06 10:31:06 --> Unknown column 'id' in 'where clause'
CRITICAL - 2021-12-06 10:31:06 --> Unknown column 'id' in 'where clause'
#0 C:\xampp\htdocs\acbagus\system\Database\MySQLi\Connection.php(292): mysqli->query('SELECT COUNT(*)...', 0)
#1 C:\xampp\htdocs\acbagus\system\Database\BaseConnection.php(670): CodeIgniter\Database\MySQLi\Connection->execute('SELECT COUNT(*)...')
#2 C:\xampp\htdocs\acbagus\system\Database\BaseConnection.php(598): CodeIgniter\Database\BaseConnection->simpleQuery('SELECT COUNT(*)...')
#3 C:\xampp\htdocs\acbagus\system\Database\BaseBuilder.php(1527): CodeIgniter\Database\BaseConnection->query('SELECT COUNT(*)...', Array, false)
#4 C:\xampp\htdocs\acbagus\system\Model.php(509): CodeIgniter\Database\BaseBuilder->countAllResults(true)
#5 C:\xampp\htdocs\acbagus\system\Model.php(592): CodeIgniter\Model->countAllResults()
#6 C:\xampp\htdocs\acbagus\system\BaseModel.php(655): CodeIgniter\Model->shouldUpdate(Array)
#7 C:\xampp\htdocs\acbagus\app\Controllers\Group.php(86): CodeIgniter\BaseModel->save(Array)
#8 C:\xampp\htdocs\acbagus\system\CodeIgniter.php(824): App\Controllers\Group->update('2')
#9 C:\xampp\htdocs\acbagus\system\CodeIgniter.php(410): CodeIgniter\CodeIgniter->runController(Object(App\Controllers\Group))
#10 C:\xampp\htdocs\acbagus\system\CodeIgniter.php(318): CodeIgniter\CodeIgniter->handleRequest(NULL, Object(Config\Cache), false)
#11 C:\xampp\htdocs\acbagus\public\index.php(37): CodeIgniter\CodeIgniter->run()
#12 C:\xampp\htdocs\acbagus\system\Commands\Server\rewrite.php(43): require_once('C:\\xampp\\htdocs...')
#13 {main}
ERROR - 2021-12-06 10:35:01 --> Unknown column 'id' in 'where clause'
CRITICAL - 2021-12-06 10:35:01 --> Unknown column 'id' in 'where clause'
#0 C:\xampp\htdocs\acbagus\system\Database\MySQLi\Connection.php(292): mysqli->query('SELECT COUNT(*)...', 0)
#1 C:\xampp\htdocs\acbagus\system\Database\BaseConnection.php(670): CodeIgniter\Database\MySQLi\Connection->execute('SELECT COUNT(*)...')
#2 C:\xampp\htdocs\acbagus\system\Database\BaseConnection.php(598): CodeIgniter\Database\BaseConnection->simpleQuery('SELECT COUNT(*)...')
#3 C:\xampp\htdocs\acbagus\system\Database\BaseBuilder.php(1527): CodeIgniter\Database\BaseConnection->query('SELECT COUNT(*)...', Array, false)
#4 C:\xampp\htdocs\acbagus\system\Model.php(509): CodeIgniter\Database\BaseBuilder->countAllResults(true)
#5 C:\xampp\htdocs\acbagus\system\Model.php(592): CodeIgniter\Model->countAllResults()
#6 C:\xampp\htdocs\acbagus\system\BaseModel.php(655): CodeIgniter\Model->shouldUpdate(Array)
#7 C:\xampp\htdocs\acbagus\app\Controllers\Group.php(86): CodeIgniter\BaseModel->save(Array)
#8 C:\xampp\htdocs\acbagus\system\CodeIgniter.php(824): App\Controllers\Group->update('2')
#9 C:\xampp\htdocs\acbagus\system\CodeIgniter.php(410): CodeIgniter\CodeIgniter->runController(Object(App\Controllers\Group))
#10 C:\xampp\htdocs\acbagus\system\CodeIgniter.php(318): CodeIgniter\CodeIgniter->handleRequest(NULL, Object(Config\Cache), false)
#11 C:\xampp\htdocs\acbagus\public\index.php(37): CodeIgniter\CodeIgniter->run()
#12 C:\xampp\htdocs\acbagus\system\Commands\Server\rewrite.php(43): require_once('C:\\xampp\\htdocs...')
#13 {main}
CRITICAL - 2021-12-06 20:28:07 --> Trying to get property 'id' of non-object
#0 C:\xampp\htdocs\acbagus\app\Views\admin\user_group\index.php(58): CodeIgniter\Debug\Exceptions->errorHandler(8, 'Trying to get p...', 'C:\\xampp\\htdocs...', 58, Array)
#1 C:\xampp\htdocs\acbagus\system\View\View.php(214): include('C:\\xampp\\htdocs...')
#2 C:\xampp\htdocs\acbagus\system\View\View.php(217): CodeIgniter\View\View->CodeIgniter\View\{closure}()
#3 C:\xampp\htdocs\acbagus\system\Common.php(1097): CodeIgniter\View\View->render('admin/user_grou...', Array, true)
#4 C:\xampp\htdocs\acbagus\app\Controllers\Group.php(33): view('admin/user_grou...', Array)
#5 C:\xampp\htdocs\acbagus\system\CodeIgniter.php(824): App\Controllers\Group->index()
#6 C:\xampp\htdocs\acbagus\system\CodeIgniter.php(410): CodeIgniter\CodeIgniter->runController(Object(App\Controllers\Group))
#7 C:\xampp\htdocs\acbagus\system\CodeIgniter.php(318): CodeIgniter\CodeIgniter->handleRequest(NULL, Object(Config\Cache), false)
#8 C:\xampp\htdocs\acbagus\public\index.php(37): CodeIgniter\CodeIgniter->run()
#9 C:\xampp\htdocs\acbagus\system\Commands\Server\rewrite.php(43): require_once('C:\\xampp\\htdocs...')
#10 {main}
CRITICAL - 2021-12-06 20:29:27 --> Undefined property: stdClass::$id_role
#0 C:\xampp\htdocs\acbagus\app\Views\admin\user_group\edit.php(10): CodeIgniter\Debug\Exceptions->errorHandler(8, 'Undefined prope...', 'C:\\xampp\\htdocs...', 10, Array)
#1 C:\xampp\htdocs\acbagus\system\View\View.php(214): include('C:\\xampp\\htdocs...')
#2 C:\xampp\htdocs\acbagus\system\View\View.php(217): CodeIgniter\View\View->CodeIgniter\View\{closure}()
#3 C:\xampp\htdocs\acbagus\system\View\View.php(432): CodeIgniter\View\View->render('admin/user_grou...', NULL, true)
#4 C:\xampp\htdocs\acbagus\app\Views\admin\user_group\index.php(78): CodeIgniter\View\View->include('admin/user_grou...')
#5 C:\xampp\htdocs\acbagus\system\View\View.php(214): include('C:\\xampp\\htdocs...')
#6 C:\xampp\htdocs\acbagus\system\View\View.php(217): CodeIgniter\View\View->CodeIgniter\View\{closure}()
#7 C:\xampp\htdocs\acbagus\system\Common.php(1097): CodeIgniter\View\View->render('admin/user_grou...', Array, true)
#8 C:\xampp\htdocs\acbagus\app\Controllers\Group.php(33): view('admin/user_grou...', Array)
#9 C:\xampp\htdocs\acbagus\system\CodeIgniter.php(824): App\Controllers\Group->index()
#10 C:\xampp\htdocs\acbagus\system\CodeIgniter.php(410): CodeIgniter\CodeIgniter->runController(Object(App\Controllers\Group))
#11 C:\xampp\htdocs\acbagus\system\CodeIgniter.php(318): CodeIgniter\CodeIgniter->handleRequest(NULL, Object(Config\Cache), false)
#12 C:\xampp\htdocs\acbagus\public\index.php(37): CodeIgniter\CodeIgniter->run()
#13 C:\xampp\htdocs\acbagus\system\Commands\Server\rewrite.php(43): require_once('C:\\xampp\\htdocs...')
#14 {main}
CRITICAL - 2021-12-06 20:30:20 --> Undefined property: stdClass::$id_role
#0 C:\xampp\htdocs\acbagus\app\Views\admin\user_group\edit.php(10): CodeIgniter\Debug\Exceptions->errorHandler(8, 'Undefined prope...', 'C:\\xampp\\htdocs...', 10, Array)
#1 C:\xampp\htdocs\acbagus\system\View\View.php(214): include('C:\\xampp\\htdocs...')
#2 C:\xampp\htdocs\acbagus\system\View\View.php(217): CodeIgniter\View\View->CodeIgniter\View\{closure}()
#3 C:\xampp\htdocs\acbagus\system\View\View.php(432): CodeIgniter\View\View->render('admin/user_grou...', NULL, true)
#4 C:\xampp\htdocs\acbagus\app\Views\admin\user_group\index.php(78): CodeIgniter\View\View->include('admin/user_grou...')
#5 C:\xampp\htdocs\acbagus\system\View\View.php(214): include('C:\\xampp\\htdocs...')
#6 C:\xampp\htdocs\acbagus\system\View\View.php(217): CodeIgniter\View\View->CodeIgniter\View\{closure}()
#7 C:\xampp\htdocs\acbagus\system\Common.php(1097): CodeIgniter\View\View->render('admin/user_grou...', Array, true)
#8 C:\xampp\htdocs\acbagus\app\Controllers\Group.php(33): view('admin/user_grou...', Array)
#9 C:\xampp\htdocs\acbagus\system\CodeIgniter.php(824): App\Controllers\Group->index()
#10 C:\xampp\htdocs\acbagus\system\CodeIgniter.php(410): CodeIgniter\CodeIgniter->runController(Object(App\Controllers\Group))
#11 C:\xampp\htdocs\acbagus\system\CodeIgniter.php(318): CodeIgniter\CodeIgniter->handleRequest(NULL, Object(Config\Cache), false)
#12 C:\xampp\htdocs\acbagus\public\index.php(37): CodeIgniter\CodeIgniter->run()
#13 C:\xampp\htdocs\acbagus\system\Commands\Server\rewrite.php(43): require_once('C:\\xampp\\htdocs...')
#14 {main}
CRITICAL - 2021-12-06 20:30:27 --> Undefined property: stdClass::$id_role
#0 C:\xampp\htdocs\acbagus\app\Views\admin\user_group\edit.php(10): CodeIgniter\Debug\Exceptions->errorHandler(8, 'Undefined prope...', 'C:\\xampp\\htdocs...', 10, Array)
#1 C:\xampp\htdocs\acbagus\system\View\View.php(214): include('C:\\xampp\\htdocs...')
#2 C:\xampp\htdocs\acbagus\system\View\View.php(217): CodeIgniter\View\View->CodeIgniter\View\{closure}()
#3 C:\xampp\htdocs\acbagus\system\View\View.php(432): CodeIgniter\View\View->render('admin/user_grou...', NULL, true)
#4 C:\xampp\htdocs\acbagus\app\Views\admin\user_group\index.php(78): CodeIgniter\View\View->include('admin/user_grou...')
#5 C:\xampp\htdocs\acbagus\system\View\View.php(214): include('C:\\xampp\\htdocs...')
#6 C:\xampp\htdocs\acbagus\system\View\View.php(217): CodeIgniter\View\View->CodeIgniter\View\{closure}()
#7 C:\xampp\htdocs\acbagus\system\Common.php(1097): CodeIgniter\View\View->render('admin/user_grou...', Array, true)
#8 C:\xampp\htdocs\acbagus\app\Controllers\Group.php(33): view('admin/user_grou...', Array)
#9 C:\xampp\htdocs\acbagus\system\CodeIgniter.php(824): App\Controllers\Group->index()
#10 C:\xampp\htdocs\acbagus\system\CodeIgniter.php(410): CodeIgniter\CodeIgniter->runController(Object(App\Controllers\Group))
#11 C:\xampp\htdocs\acbagus\system\CodeIgniter.php(318): CodeIgniter\CodeIgniter->handleRequest(NULL, Object(Config\Cache), false)
#12 C:\xampp\htdocs\acbagus\public\index.php(37): CodeIgniter\CodeIgniter->run()
#13 C:\xampp\htdocs\acbagus\system\Commands\Server\rewrite.php(43): require_once('C:\\xampp\\htdocs...')
#14 {main}
CRITICAL - 2021-12-06 20:30:53 --> Undefined variable: for_id_rule
#0 C:\xampp\htdocs\acbagus\app\Views\admin\user_group\index.php(57): CodeIgniter\Debug\Exceptions->errorHandler(8, 'Undefined varia...', 'C:\\xampp\\htdocs...', 57, Array)
#1 C:\xampp\htdocs\acbagus\system\View\View.php(214): include('C:\\xampp\\htdocs...')
#2 C:\xampp\htdocs\acbagus\system\View\View.php(217): CodeIgniter\View\View->CodeIgniter\View\{closure}()
#3 C:\xampp\htdocs\acbagus\system\Common.php(1097): CodeIgniter\View\View->render('admin/user_grou...', Array, true)
#4 C:\xampp\htdocs\acbagus\app\Controllers\Group.php(33): view('admin/user_grou...', Array)
#5 C:\xampp\htdocs\acbagus\system\CodeIgniter.php(824): App\Controllers\Group->index()
#6 C:\xampp\htdocs\acbagus\system\CodeIgniter.php(410): CodeIgniter\CodeIgniter->runController(Object(App\Controllers\Group))
#7 C:\xampp\htdocs\acbagus\system\CodeIgniter.php(318): CodeIgniter\CodeIgniter->handleRequest(NULL, Object(Config\Cache), false)
#8 C:\xampp\htdocs\acbagus\public\index.php(37): CodeIgniter\CodeIgniter->run()
#9 C:\xampp\htdocs\acbagus\system\Commands\Server\rewrite.php(43): require_once('C:\\xampp\\htdocs...')
#10 {main}
CRITICAL - 2021-12-06 20:31:05 --> Undefined property: stdClass::$id_role
#0 C:\xampp\htdocs\acbagus\app\Views\admin\user_group\edit.php(10): CodeIgniter\Debug\Exceptions->errorHandler(8, 'Undefined prope...', 'C:\\xampp\\htdocs...', 10, Array)
#1 C:\xampp\htdocs\acbagus\system\View\View.php(214): include('C:\\xampp\\htdocs...')
#2 C:\xampp\htdocs\acbagus\system\View\View.php(217): CodeIgniter\View\View->CodeIgniter\View\{closure}()
#3 C:\xampp\htdocs\acbagus\system\View\View.php(432): CodeIgniter\View\View->render('admin/user_grou...', NULL, true)
#4 C:\xampp\htdocs\acbagus\app\Views\admin\user_group\index.php(76): CodeIgniter\View\View->include('admin/user_grou...')
#5 C:\xampp\htdocs\acbagus\system\View\View.php(214): include('C:\\xampp\\htdocs...')
#6 C:\xampp\htdocs\acbagus\system\View\View.php(217): CodeIgniter\View\View->CodeIgniter\View\{closure}()
#7 C:\xampp\htdocs\acbagus\system\Common.php(1097): CodeIgniter\View\View->render('admin/user_grou...', Array, true)
#8 C:\xampp\htdocs\acbagus\app\Controllers\Group.php(33): view('admin/user_grou...', Array)
#9 C:\xampp\htdocs\acbagus\system\CodeIgniter.php(824): App\Controllers\Group->index()
#10 C:\xampp\htdocs\acbagus\system\CodeIgniter.php(410): CodeIgniter\CodeIgniter->runController(Object(App\Controllers\Group))
#11 C:\xampp\htdocs\acbagus\system\CodeIgniter.php(318): CodeIgniter\CodeIgniter->handleRequest(NULL, Object(Config\Cache), false)
#12 C:\xampp\htdocs\acbagus\public\index.php(37): CodeIgniter\CodeIgniter->run()
#13 C:\xampp\htdocs\acbagus\system\Commands\Server\rewrite.php(43): require_once('C:\\xampp\\htdocs...')
#14 {main}
CRITICAL - 2021-12-06 20:31:50 --> Undefined property: stdClass::$id_role
#0 C:\xampp\htdocs\acbagus\app\Views\admin\user_group\edit.php(10): CodeIgniter\Debug\Exceptions->errorHandler(8, 'Undefined prope...', 'C:\\xampp\\htdocs...', 10, Array)
#1 C:\xampp\htdocs\acbagus\system\View\View.php(214): include('C:\\xampp\\htdocs...')
#2 C:\xampp\htdocs\acbagus\system\View\View.php(217): CodeIgniter\View\View->CodeIgniter\View\{closure}()
#3 C:\xampp\htdocs\acbagus\system\View\View.php(432): CodeIgniter\View\View->render('admin/user_grou...', NULL, true)
#4 C:\xampp\htdocs\acbagus\app\Views\admin\user_group\index.php(76): CodeIgniter\View\View->include('admin/user_grou...')
#5 C:\xampp\htdocs\acbagus\system\View\View.php(214): include('C:\\xampp\\htdocs...')
#6 C:\xampp\htdocs\acbagus\system\View\View.php(217): CodeIgniter\View\View->CodeIgniter\View\{closure}()
#7 C:\xampp\htdocs\acbagus\system\Common.php(1097): CodeIgniter\View\View->render('admin/user_grou...', Array, true)
#8 C:\xampp\htdocs\acbagus\app\Controllers\Group.php(33): view('admin/user_grou...', Array)
#9 C:\xampp\htdocs\acbagus\system\CodeIgniter.php(824): App\Controllers\Group->index()
#10 C:\xampp\htdocs\acbagus\system\CodeIgniter.php(410): CodeIgniter\CodeIgniter->runController(Object(App\Controllers\Group))
#11 C:\xampp\htdocs\acbagus\system\CodeIgniter.php(318): CodeIgniter\CodeIgniter->handleRequest(NULL, Object(Config\Cache), false)
#12 C:\xampp\htdocs\acbagus\public\index.php(37): CodeIgniter\CodeIgniter->run()
#13 C:\xampp\htdocs\acbagus\system\Commands\Server\rewrite.php(43): require_once('C:\\xampp\\htdocs...')
#14 {main}
ERROR - 2021-12-06 20:35:30 --> You have an error in your SQL syntax; check the manual that corresponds to your MariaDB server version for the right syntax to use near 'as `id_for_user`
JOIN `auth_groups` ON `auth_groups_users`.`group_id` = `auth...' at line 3
CRITICAL - 2021-12-06 20:35:30 --> You have an error in your SQL syntax; check the manual that corresponds to your MariaDB server version for the right syntax to use near 'as `id_for_user`
JOIN `auth_groups` ON `auth_groups_users`.`group_id` = `auth...' at line 3
#0 C:\xampp\htdocs\acbagus\system\Database\MySQLi\Connection.php(292): mysqli->query('SELECT *\nFROM `...', 0)
#1 C:\xampp\htdocs\acbagus\system\Database\BaseConnection.php(670): CodeIgniter\Database\MySQLi\Connection->execute('SELECT *\nFROM `...')
#2 C:\xampp\htdocs\acbagus\system\Database\BaseConnection.php(598): CodeIgniter\Database\BaseConnection->simpleQuery('SELECT *\nFROM `...')
#3 C:\xampp\htdocs\acbagus\system\Database\BaseBuilder.php(1443): CodeIgniter\Database\BaseConnection->query('SELECT *\nFROM `...', Array, false)
#4 C:\xampp\htdocs\acbagus\app\Models\GpModel.php(17): CodeIgniter\Database\BaseBuilder->get()
#5 C:\xampp\htdocs\acbagus\app\Controllers\Group.php(20): App\Models\GpModel->getGroup()
#6 C:\xampp\htdocs\acbagus\system\CodeIgniter.php(824): App\Controllers\Group->index()
#7 C:\xampp\htdocs\acbagus\system\CodeIgniter.php(410): CodeIgniter\CodeIgniter->runController(Object(App\Controllers\Group))
#8 C:\xampp\htdocs\acbagus\system\CodeIgniter.php(318): CodeIgniter\CodeIgniter->handleRequest(NULL, Object(Config\Cache), false)
#9 C:\xampp\htdocs\acbagus\public\index.php(37): CodeIgniter\CodeIgniter->run()
#10 C:\xampp\htdocs\acbagus\system\Commands\Server\rewrite.php(43): require_once('C:\\xampp\\htdocs...')
#11 {main}
ERROR - 2021-12-06 20:36:00 --> Unknown column 'id_for_user' in 'on clause'
CRITICAL - 2021-12-06 20:36:00 --> Unknown column 'id_for_user' in 'on clause'
#0 C:\xampp\htdocs\acbagus\system\Database\MySQLi\Connection.php(292): mysqli->query('SELECT *\nFROM `...', 0)
#1 C:\xampp\htdocs\acbagus\system\Database\BaseConnection.php(670): CodeIgniter\Database\MySQLi\Connection->execute('SELECT *\nFROM `...')
#2 C:\xampp\htdocs\acbagus\system\Database\BaseConnection.php(598): CodeIgniter\Database\BaseConnection->simpleQuery('SELECT *\nFROM `...')
#3 C:\xampp\htdocs\acbagus\system\Database\BaseBuilder.php(1443): CodeIgniter\Database\BaseConnection->query('SELECT *\nFROM `...', Array, false)
#4 C:\xampp\htdocs\acbagus\app\Models\GpModel.php(17): CodeIgniter\Database\BaseBuilder->get()
#5 C:\xampp\htdocs\acbagus\app\Controllers\Group.php(20): App\Models\GpModel->getGroup()
#6 C:\xampp\htdocs\acbagus\system\CodeIgniter.php(824): App\Controllers\Group->index()
#7 C:\xampp\htdocs\acbagus\system\CodeIgniter.php(410): CodeIgniter\CodeIgniter->runController(Object(App\Controllers\Group))
#8 C:\xampp\htdocs\acbagus\system\CodeIgniter.php(318): CodeIgniter\CodeIgniter->handleRequest(NULL, Object(Config\Cache), false)
#9 C:\xampp\htdocs\acbagus\public\index.php(37): CodeIgniter\CodeIgniter->run()
#10 C:\xampp\htdocs\acbagus\system\Commands\Server\rewrite.php(43): require_once('C:\\xampp\\htdocs...')
#11 {main}
ERROR - 2021-12-06 20:36:17 --> You have an error in your SQL syntax; check the manual that corresponds to your MariaDB server version for the right syntax to use near 'as `id_for_user`
JOIN `auth_groups` ON `auth_groups_users`.`group_id` = `auth...' at line 3
CRITICAL - 2021-12-06 20:36:17 --> You have an error in your SQL syntax; check the manual that corresponds to your MariaDB server version for the right syntax to use near 'as `id_for_user`
JOIN `auth_groups` ON `auth_groups_users`.`group_id` = `auth...' at line 3
#0 C:\xampp\htdocs\acbagus\system\Database\MySQLi\Connection.php(292): mysqli->query('SELECT *\nFROM `...', 0)
#1 C:\xampp\htdocs\acbagus\system\Database\BaseConnection.php(670): CodeIgniter\Database\MySQLi\Connection->execute('SELECT *\nFROM `...')
#2 C:\xampp\htdocs\acbagus\system\Database\BaseConnection.php(598): CodeIgniter\Database\BaseConnection->simpleQuery('SELECT *\nFROM `...')
#3 C:\xampp\htdocs\acbagus\system\Database\BaseBuilder.php(1443): CodeIgniter\Database\BaseConnection->query('SELECT *\nFROM `...', Array, false)
#4 C:\xampp\htdocs\acbagus\app\Models\GpModel.php(17): CodeIgniter\Database\BaseBuilder->get()
#5 C:\xampp\htdocs\acbagus\app\Controllers\Group.php(20): App\Models\GpModel->getGroup()
#6 C:\xampp\htdocs\acbagus\system\CodeIgniter.php(824): App\Controllers\Group->index()
#7 C:\xampp\htdocs\acbagus\system\CodeIgniter.php(410): CodeIgniter\CodeIgniter->runController(Object(App\Controllers\Group))
#8 C:\xampp\htdocs\acbagus\system\CodeIgniter.php(318): CodeIgniter\CodeIgniter->handleRequest(NULL, Object(Config\Cache), false)
#9 C:\xampp\htdocs\acbagus\public\index.php(37): CodeIgniter\CodeIgniter->run()
#10 C:\xampp\htdocs\acbagus\system\Commands\Server\rewrite.php(43): require_once('C:\\xampp\\htdocs...')
#11 {main}
CRITICAL - 2021-12-06 22:04:16 --> Anda tidak memiliki izin yang memadai untuk mengakses halaman itu.
#0 C:\xampp\htdocs\acbagus\system\Filters\Filters.php(173): Myth\Auth\Filters\RoleFilter->before(Object(CodeIgniter\HTTP\IncomingRequest), Array)
#1 C:\xampp\htdocs\acbagus\system\CodeIgniter.php(384): CodeIgniter\Filters\Filters->run('dashboard/', 'before')
#2 C:\xampp\htdocs\acbagus\system\CodeIgniter.php(318): CodeIgniter\CodeIgniter->handleRequest(NULL, Object(Config\Cache), false)
#3 C:\xampp\htdocs\acbagus\public\index.php(37): CodeIgniter\CodeIgniter->run()
#4 C:\xampp\htdocs\acbagus\system\Commands\Server\rewrite.php(43): require_once('C:\\xampp\\htdocs...')
#5 {main}
CRITICAL - 2021-12-06 22:09:22 --> Invalid file: admin/user_group/create.php
#0 C:\xampp\htdocs\acbagus\system\View\View.php(198): CodeIgniter\Exceptions\FrameworkException::forInvalidFile('admin/user_grou...')
#1 C:\xampp\htdocs\acbagus\system\View\View.php(432): CodeIgniter\View\View->render('admin/user_grou...', NULL, true)
#2 C:\xampp\htdocs\acbagus\app\Views\admin\user_group\index.php(72): CodeIgniter\View\View->include('admin/user_grou...')
#3 C:\xampp\htdocs\acbagus\system\View\View.php(214): include('C:\\xampp\\htdocs...')
#4 C:\xampp\htdocs\acbagus\system\View\View.php(217): CodeIgniter\View\View->CodeIgniter\View\{closure}()
#5 C:\xampp\htdocs\acbagus\system\Common.php(1097): CodeIgniter\View\View->render('admin/user_grou...', Array, true)
#6 C:\xampp\htdocs\acbagus\app\Controllers\Group.php(32): view('admin/user_grou...', Array)
#7 C:\xampp\htdocs\acbagus\system\CodeIgniter.php(824): App\Controllers\Group->index()
#8 C:\xampp\htdocs\acbagus\system\CodeIgniter.php(410): CodeIgniter\CodeIgniter->runController(Object(App\Controllers\Group))
#9 C:\xampp\htdocs\acbagus\system\CodeIgniter.php(318): CodeIgniter\CodeIgniter->handleRequest(NULL, Object(Config\Cache), false)
#10 C:\xampp\htdocs\acbagus\public\index.php(37): CodeIgniter\CodeIgniter->run()
#11 C:\xampp\htdocs\acbagus\system\Commands\Server\rewrite.php(43): require_once('C:\\xampp\\htdocs...')
#12 {main}
CRITICAL - 2021-12-06 22:10:04 --> Invalid file: admin/user_group/create.php
#0 C:\xampp\htdocs\acbagus\system\View\View.php(198): CodeIgniter\Exceptions\FrameworkException::forInvalidFile('admin/user_grou...')
#1 C:\xampp\htdocs\acbagus\system\View\View.php(432): CodeIgniter\View\View->render('admin/user_grou...', NULL, true)
#2 C:\xampp\htdocs\acbagus\app\Views\admin\user_group\index.php(72): CodeIgniter\View\View->include('admin/user_grou...')
#3 C:\xampp\htdocs\acbagus\system\View\View.php(214): include('C:\\xampp\\htdocs...')
#4 C:\xampp\htdocs\acbagus\system\View\View.php(217): CodeIgniter\View\View->CodeIgniter\View\{closure}()
#5 C:\xampp\htdocs\acbagus\system\Common.php(1097): CodeIgniter\View\View->render('admin/user_grou...', Array, true)
#6 C:\xampp\htdocs\acbagus\app\Controllers\Group.php(32): view('admin/user_grou...', Array)
#7 C:\xampp\htdocs\acbagus\system\CodeIgniter.php(824): App\Controllers\Group->index()
#8 C:\xampp\htdocs\acbagus\system\CodeIgniter.php(410): CodeIgniter\CodeIgniter->runController(Object(App\Controllers\Group))
#9 C:\xampp\htdocs\acbagus\system\CodeIgniter.php(318): CodeIgniter\CodeIgniter->handleRequest(NULL, Object(Config\Cache), false)
#10 C:\xampp\htdocs\acbagus\public\index.php(37): CodeIgniter\CodeIgniter->run()
#11 C:\xampp\htdocs\acbagus\system\Commands\Server\rewrite.php(43): require_once('C:\\xampp\\htdocs...')
#12 {main}
CRITICAL - 2021-12-06 22:10:48 --> Invalid file: admin/user_group/create.php
#0 C:\xampp\htdocs\acbagus\system\View\View.php(198): CodeIgniter\Exceptions\FrameworkException::forInvalidFile('admin/user_grou...')
#1 C:\xampp\htdocs\acbagus\system\View\View.php(432): CodeIgniter\View\View->render('admin/user_grou...', NULL, true)
#2 C:\xampp\htdocs\acbagus\app\Views\admin\user_group\index.php(72): CodeIgniter\View\View->include('admin/user_grou...')
#3 C:\xampp\htdocs\acbagus\system\View\View.php(214): include('C:\\xampp\\htdocs...')
#4 C:\xampp\htdocs\acbagus\system\View\View.php(217): CodeIgniter\View\View->CodeIgniter\View\{closure}()
#5 C:\xampp\htdocs\acbagus\system\Common.php(1097): CodeIgniter\View\View->render('admin/user_grou...', Array, true)
#6 C:\xampp\htdocs\acbagus\app\Controllers\Group.php(32): view('admin/user_grou...', Array)
#7 C:\xampp\htdocs\acbagus\system\CodeIgniter.php(824): App\Controllers\Group->index()
#8 C:\xampp\htdocs\acbagus\system\CodeIgniter.php(410): CodeIgniter\CodeIgniter->runController(Object(App\Controllers\Group))
#9 C:\xampp\htdocs\acbagus\system\CodeIgniter.php(318): CodeIgniter\CodeIgniter->handleRequest(NULL, Object(Config\Cache), false)
#10 C:\xampp\htdocs\acbagus\public\index.php(37): CodeIgniter\CodeIgniter->run()
#11 C:\xampp\htdocs\acbagus\system\Commands\Server\rewrite.php(43): require_once('C:\\xampp\\htdocs...')
#12 {main}
ERROR - 2021-12-06 22:22:59 --> Incorrect table definition; there can be only one auto column and it must be defined as a key
CRITICAL - 2021-12-06 22:26:42 --> Anda tidak memiliki izin yang memadai untuk mengakses halaman itu.
#0 C:\xampp\htdocs\acbagus\system\Filters\Filters.php(173): Myth\Auth\Filters\RoleFilter->before(Object(CodeIgniter\HTTP\IncomingRequest), Array)
#1 C:\xampp\htdocs\acbagus\system\CodeIgniter.php(384): CodeIgniter\Filters\Filters->run('dashboard', 'before')
#2 C:\xampp\htdocs\acbagus\system\CodeIgniter.php(318): CodeIgniter\CodeIgniter->handleRequest(NULL, Object(Config\Cache), false)
#3 C:\xampp\htdocs\acbagus\public\index.php(37): CodeIgniter\CodeIgniter->run()
#4 C:\xampp\htdocs\acbagus\system\Commands\Server\rewrite.php(43): require_once('C:\\xampp\\htdocs...')
#5 {main}
CRITICAL - 2021-12-06 22:30:06 --> Anda tidak memiliki izin yang memadai untuk mengakses halaman itu.
#0 C:\xampp\htdocs\acbagus\system\Filters\Filters.php(173): Myth\Auth\Filters\RoleFilter->before(Object(CodeIgniter\HTTP\IncomingRequest), Array)
#1 C:\xampp\htdocs\acbagus\system\CodeIgniter.php(384): CodeIgniter\Filters\Filters->run('dashboard', 'before')
#2 C:\xampp\htdocs\acbagus\system\CodeIgniter.php(318): CodeIgniter\CodeIgniter->handleRequest(NULL, Object(Config\Cache), false)
#3 C:\xampp\htdocs\acbagus\public\index.php(37): CodeIgniter\CodeIgniter->run()
#4 C:\xampp\htdocs\acbagus\system\Commands\Server\rewrite.php(43): require_once('C:\\xampp\\htdocs...')
#5 {main}
CRITICAL - 2021-12-06 22:30:06 --> Anda tidak memiliki izin yang memadai untuk mengakses halaman itu.
#0 C:\xampp\htdocs\acbagus\system\Filters\Filters.php(173): Myth\Auth\Filters\RoleFilter->before(Object(CodeIgniter\HTTP\IncomingRequest), Array)
#1 C:\xampp\htdocs\acbagus\system\CodeIgniter.php(384): CodeIgniter\Filters\Filters->run('dashboard', 'before')
#2 C:\xampp\htdocs\acbagus\system\CodeIgniter.php(318): CodeIgniter\CodeIgniter->handleRequest(NULL, Object(Config\Cache), false)
#3 C:\xampp\htdocs\acbagus\public\index.php(37): CodeIgniter\CodeIgniter->run()
#4 C:\xampp\htdocs\acbagus\system\Commands\Server\rewrite.php(43): require_once('C:\\xampp\\htdocs...')
#5 {main}
CRITICAL - 2021-12-06 22:46:54 --> Undefined variable: validation
#0 C:\xampp\htdocs\acbagus\app\Views\user\userprofile.php(18): CodeIgniter\Debug\Exceptions->errorHandler(8, 'Undefined varia...', 'C:\\xampp\\htdocs...', 18, Array)
#1 C:\xampp\htdocs\acbagus\system\View\View.php(214): include('C:\\xampp\\htdocs...')
#2 C:\xampp\htdocs\acbagus\system\View\View.php(217): CodeIgniter\View\View->CodeIgniter\View\{closure}()
#3 C:\xampp\htdocs\acbagus\system\Common.php(1097): CodeIgniter\View\View->render('user/userprofil...', Array, true)
#4 C:\xampp\htdocs\acbagus\app\Controllers\Usersprofile.php(9): view('user/userprofil...')
#5 C:\xampp\htdocs\acbagus\system\CodeIgniter.php(824): App\Controllers\Usersprofile->index()
#6 C:\xampp\htdocs\acbagus\system\CodeIgniter.php(410): CodeIgniter\CodeIgniter->runController(Object(App\Controllers\Usersprofile))
#7 C:\xampp\htdocs\acbagus\system\CodeIgniter.php(318): CodeIgniter\CodeIgniter->handleRequest(NULL, Object(Config\Cache), false)
#8 C:\xampp\htdocs\acbagus\public\index.php(37): CodeIgniter\CodeIgniter->run()
#9 C:\xampp\htdocs\acbagus\system\Commands\Server\rewrite.php(43): require_once('C:\\xampp\\htdocs...')
#10 {main}
CRITICAL - 2021-12-06 22:52:08 --> Undefined variable: value
#0 C:\xampp\htdocs\acbagus\app\Views\user\blog.php(66): CodeIgniter\Debug\Exceptions->errorHandler(8, 'Undefined varia...', 'C:\\xampp\\htdocs...', 66, Array)
#1 C:\xampp\htdocs\acbagus\system\View\View.php(214): include('C:\\xampp\\htdocs...')
#2 C:\xampp\htdocs\acbagus\system\View\View.php(217): CodeIgniter\View\View->CodeIgniter\View\{closure}()
#3 C:\xampp\htdocs\acbagus\system\Common.php(1097): CodeIgniter\View\View->render('user/blog', Array, true)
#4 C:\xampp\htdocs\acbagus\app\Controllers\User.php(38): view('user/blog', Array)
#5 C:\xampp\htdocs\acbagus\system\CodeIgniter.php(824): App\Controllers\User->blog()
#6 C:\xampp\htdocs\acbagus\system\CodeIgniter.php(410): CodeIgniter\CodeIgniter->runController(Object(App\Controllers\User))
#7 C:\xampp\htdocs\acbagus\system\CodeIgniter.php(318): CodeIgniter\CodeIgniter->handleRequest(NULL, Object(Config\Cache), false)
#8 C:\xampp\htdocs\acbagus\public\index.php(37): CodeIgniter\CodeIgniter->run()
#9 C:\xampp\htdocs\acbagus\system\Commands\Server\rewrite.php(43): require_once('C:\\xampp\\htdocs...')
#10 {main}
CRITICAL - 2021-12-06 22:52:55 --> Invalid file: index.php
#0 C:\xampp\htdocs\acbagus\system\View\View.php(198): CodeIgniter\Exceptions\FrameworkException::forInvalidFile('index.php')
#1 C:\xampp\htdocs\acbagus\system\Common.php(1097): CodeIgniter\View\View->render('index', Array, true)
#2 C:\xampp\htdocs\acbagus\app\Controllers\Home.php(9): view('index')
#3 C:\xampp\htdocs\acbagus\system\CodeIgniter.php(824): App\Controllers\Home->index()
#4 C:\xampp\htdocs\acbagus\system\CodeIgniter.php(410): CodeIgniter\CodeIgniter->runController(Object(App\Controllers\Home))
#5 C:\xampp\htdocs\acbagus\system\CodeIgniter.php(318): CodeIgniter\CodeIgniter->handleRequest(NULL, Object(Config\Cache), false)
#6 C:\xampp\htdocs\acbagus\public\index.php(37): CodeIgniter\CodeIgniter->run()
#7 C:\xampp\htdocs\acbagus\system\Commands\Server\rewrite.php(43): require_once('C:\\xampp\\htdocs...')
#8 {main}
CRITICAL - 2021-12-06 22:54:47 --> Undefined variable: value
#0 C:\xampp\htdocs\acbagus\app\Views\user\blog.php(66): CodeIgniter\Debug\Exceptions->errorHandler(8, 'Undefined varia...', 'C:\\xampp\\htdocs...', 66, Array)
#1 C:\xampp\htdocs\acbagus\system\View\View.php(214): include('C:\\xampp\\htdocs...')
#2 C:\xampp\htdocs\acbagus\system\View\View.php(217): CodeIgniter\View\View->CodeIgniter\View\{closure}()
#3 C:\xampp\htdocs\acbagus\system\Common.php(1097): CodeIgniter\View\View->render('user/blog', Array, true)
#4 C:\xampp\htdocs\acbagus\app\Controllers\User.php(38): view('user/blog', Array)
#5 C:\xampp\htdocs\acbagus\system\CodeIgniter.php(824): App\Controllers\User->blog()
#6 C:\xampp\htdocs\acbagus\system\CodeIgniter.php(410): CodeIgniter\CodeIgniter->runController(Object(App\Controllers\User))
#7 C:\xampp\htdocs\acbagus\system\CodeIgniter.php(318): CodeIgniter\CodeIgniter->handleRequest(NULL, Object(Config\Cache), false)
#8 C:\xampp\htdocs\acbagus\public\index.php(37): CodeIgniter\CodeIgniter->run()
#9 C:\xampp\htdocs\acbagus\system\Commands\Server\rewrite.php(43): require_once('C:\\xampp\\htdocs...')
#10 {main}
CRITICAL - 2021-12-06 23:09:54 --> Undefined variable: value
#0 C:\xampp\htdocs\acbagus\app\Views\user\blog.php(66): CodeIgniter\Debug\Exceptions->errorHandler(8, 'Undefined varia...', 'C:\\xampp\\htdocs...', 66, Array)
#1 C:\xampp\htdocs\acbagus\system\View\View.php(214): include('C:\\xampp\\htdocs...')
#2 C:\xampp\htdocs\acbagus\system\View\View.php(217): CodeIgniter\View\View->CodeIgniter\View\{closure}()
#3 C:\xampp\htdocs\acbagus\system\Common.php(1097): CodeIgniter\View\View->render('user/blog', Array, true)
#4 C:\xampp\htdocs\acbagus\app\Controllers\User.php(38): view('user/blog', Array)
#5 C:\xampp\htdocs\acbagus\system\CodeIgniter.php(824): App\Controllers\User->blog()
#6 C:\xampp\htdocs\acbagus\system\CodeIgniter.php(410): CodeIgniter\CodeIgniter->runController(Object(App\Controllers\User))
#7 C:\xampp\htdocs\acbagus\system\CodeIgniter.php(318): CodeIgniter\CodeIgniter->handleRequest(NULL, Object(Config\Cache), false)
#8 C:\xampp\htdocs\acbagus\public\index.php(37): CodeIgniter\CodeIgniter->run()
#9 C:\xampp\htdocs\acbagus\system\Commands\Server\rewrite.php(43): require_once('C:\\xampp\\htdocs...')
#10 {main}
CRITICAL - 2021-12-06 23:34:45 --> Invalid file: index.php
#0 C:\xampp\htdocs\acbagus\system\View\View.php(198): CodeIgniter\Exceptions\FrameworkException::forInvalidFile('index.php')
#1 C:\xampp\htdocs\acbagus\system\Common.php(1097): CodeIgniter\View\View->render('index', Array, true)
#2 C:\xampp\htdocs\acbagus\app\Controllers\Home.php(9): view('index')
#3 C:\xampp\htdocs\acbagus\system\CodeIgniter.php(824): App\Controllers\Home->index()
#4 C:\xampp\htdocs\acbagus\system\CodeIgniter.php(410): CodeIgniter\CodeIgniter->runController(Object(App\Controllers\Home))
#5 C:\xampp\htdocs\acbagus\system\CodeIgniter.php(318): CodeIgniter\CodeIgniter->handleRequest(NULL, Object(Config\Cache), false)
#6 C:\xampp\htdocs\acbagus\public\index.php(37): CodeIgniter\CodeIgniter->run()
#7 C:\xampp\htdocs\acbagus\system\Commands\Server\rewrite.php(43): require_once('C:\\xampp\\htdocs...')
#8 {main}
CRITICAL - 2021-12-06 23:44:35 --> Undefined property: stdClass::$image
#0 C:\xampp\htdocs\acbagus\app\Views\user\artikel.php(49): CodeIgniter\Debug\Exceptions->errorHandler(8, 'Undefined prope...', 'C:\\xampp\\htdocs...', 49, Array)
#1 C:\xampp\htdocs\acbagus\system\View\View.php(214): include('C:\\xampp\\htdocs...')
#2 C:\xampp\htdocs\acbagus\system\View\View.php(217): CodeIgniter\View\View->CodeIgniter\View\{closure}()
#3 C:\xampp\htdocs\acbagus\system\Common.php(1097): CodeIgniter\View\View->render('user/artikel', Array, true)
#4 C:\xampp\htdocs\acbagus\app\Controllers\Post.php(117): view('user/artikel', Array)
#5 C:\xampp\htdocs\acbagus\system\CodeIgniter.php(824): App\Controllers\Post->artikel('apa-yang-dibutu...')
#6 C:\xampp\htdocs\acbagus\system\CodeIgniter.php(410): CodeIgniter\CodeIgniter->runController(Object(App\Controllers\Post))
#7 C:\xampp\htdocs\acbagus\system\CodeIgniter.php(318): CodeIgniter\CodeIgniter->handleRequest(NULL, Object(Config\Cache), false)
#8 C:\xampp\htdocs\acbagus\public\index.php(37): CodeIgniter\CodeIgniter->run()
#9 C:\xampp\htdocs\acbagus\system\Commands\Server\rewrite.php(43): require_once('C:\\xampp\\htdocs...')
#10 {main}
CRITICAL - 2021-12-06 23:55:22 --> Trying to get property 'kategori_post_artikel' of non-object
#0 C:\xampp\htdocs\acbagus\app\Views\user\artikel.php(68): CodeIgniter\Debug\Exceptions->errorHandler(8, 'Trying to get p...', 'C:\\xampp\\htdocs...', 68, Array)
#1 C:\xampp\htdocs\acbagus\system\View\View.php(214): include('C:\\xampp\\htdocs...')
#2 C:\xampp\htdocs\acbagus\system\View\View.php(217): CodeIgniter\View\View->CodeIgniter\View\{closure}()
#3 C:\xampp\htdocs\acbagus\system\Common.php(1097): CodeIgniter\View\View->render('user/artikel', Array, true)
#4 C:\xampp\htdocs\acbagus\app\Controllers\Post.php(119): view('user/artikel', Array)
#5 C:\xampp\htdocs\acbagus\system\CodeIgniter.php(824): App\Controllers\Post->artikel('apa-yang-dibutu...')
#6 C:\xampp\htdocs\acbagus\system\CodeIgniter.php(410): CodeIgniter\CodeIgniter->runController(Object(App\Controllers\Post))
#7 C:\xampp\htdocs\acbagus\system\CodeIgniter.php(318): CodeIgniter\CodeIgniter->handleRequest(NULL, Object(Config\Cache), false)
#8 C:\xampp\htdocs\acbagus\public\index.php(37): CodeIgniter\CodeIgniter->run()
#9 C:\xampp\htdocs\acbagus\system\Commands\Server\rewrite.php(43): require_once('C:\\xampp\\htdocs...')
#10 {main}
CRITICAL - 2021-12-06 23:55:40 --> Trying to get property 'kategori_post_artikel' of non-object
#0 C:\xampp\htdocs\acbagus\app\Views\user\artikel.php(68): CodeIgniter\Debug\Exceptions->errorHandler(8, 'Trying to get p...', 'C:\\xampp\\htdocs...', 68, Array)
#1 C:\xampp\htdocs\acbagus\system\View\View.php(214): include('C:\\xampp\\htdocs...')
#2 C:\xampp\htdocs\acbagus\system\View\View.php(217): CodeIgniter\View\View->CodeIgniter\View\{closure}()
#3 C:\xampp\htdocs\acbagus\system\Common.php(1097): CodeIgniter\View\View->render('user/artikel', Array, true)
#4 C:\xampp\htdocs\acbagus\app\Controllers\Post.php(119): view('user/artikel', Array)
#5 C:\xampp\htdocs\acbagus\system\CodeIgniter.php(824): App\Controllers\Post->artikel('apa-yang-dibutu...')
#6 C:\xampp\htdocs\acbagus\system\CodeIgniter.php(410): CodeIgniter\CodeIgniter->runController(Object(App\Controllers\Post))
#7 C:\xampp\htdocs\acbagus\system\CodeIgniter.php(318): CodeIgniter\CodeIgniter->handleRequest(NULL, Object(Config\Cache), false)
#8 C:\xampp\htdocs\acbagus\public\index.php(37): CodeIgniter\CodeIgniter->run()
#9 C:\xampp\htdocs\acbagus\system\Commands\Server\rewrite.php(43): require_once('C:\\xampp\\htdocs...')
#10 {main}
