CRITICAL - 2021-11-30 00:36:33 --> Anda tidak memiliki izin yang memadai untuk mengakses halaman itu.
#0 C:\xampp\htdocs\acbagus\system\Filters\Filters.php(173): Myth\Auth\Filters\RoleFilter->before(Object(CodeIgniter\HTTP\IncomingRequest), Array)
#1 C:\xampp\htdocs\acbagus\system\CodeIgniter.php(384): CodeIgniter\Filters\Filters->run('contact', 'before')
#2 C:\xampp\htdocs\acbagus\system\CodeIgniter.php(318): CodeIgniter\CodeIgniter->handleRequest(NULL, Object(Config\Cache), false)
#3 C:\xampp\htdocs\acbagus\public\index.php(37): CodeIgniter\CodeIgniter->run()
#4 C:\xampp\htdocs\acbagus\system\Commands\Server\rewrite.php(43): require_once('C:\\xampp\\htdocs...')
#5 {main}
CRITICAL - 2021-11-30 00:40:45 --> Anda tidak memiliki izin yang memadai untuk mengakses halaman itu.
#0 C:\xampp\htdocs\acbagus\system\Filters\Filters.php(173): Myth\Auth\Filters\RoleFilter->before(Object(CodeIgniter\HTTP\IncomingRequest), Array)
#1 C:\xampp\htdocs\acbagus\system\CodeIgniter.php(384): CodeIgniter\Filters\Filters->run('contact', 'before')
#2 C:\xampp\htdocs\acbagus\system\CodeIgniter.php(318): CodeIgniter\CodeIgniter->handleRequest(NULL, Object(Config\Cache), false)
#3 C:\xampp\htdocs\acbagus\public\index.php(37): CodeIgniter\CodeIgniter->run()
#4 C:\xampp\htdocs\acbagus\system\Commands\Server\rewrite.php(43): require_once('C:\\xampp\\htdocs...')
#5 {main}
CRITICAL - 2021-11-30 01:03:41 --> Anda tidak memiliki izin yang memadai untuk mengakses halaman itu.
#0 C:\xampp\htdocs\acbagus\system\Filters\Filters.php(173): Myth\Auth\Filters\RoleFilter->before(Object(CodeIgniter\HTTP\IncomingRequest), Array)
#1 C:\xampp\htdocs\acbagus\system\CodeIgniter.php(384): CodeIgniter\Filters\Filters->run('contact', 'before')
#2 C:\xampp\htdocs\acbagus\system\CodeIgniter.php(318): CodeIgniter\CodeIgniter->handleRequest(NULL, Object(Config\Cache), false)
#3 C:\xampp\htdocs\acbagus\public\index.php(37): CodeIgniter\CodeIgniter->run()
#4 C:\xampp\htdocs\acbagus\system\Commands\Server\rewrite.php(43): require_once('C:\\xampp\\htdocs...')
#5 {main}
CRITICAL - 2021-11-30 01:30:29 --> Anda tidak memiliki izin yang memadai untuk mengakses halaman itu.
#0 C:\xampp\htdocs\acbagus\system\Filters\Filters.php(173): Myth\Auth\Filters\RoleFilter->before(Object(CodeIgniter\HTTP\IncomingRequest), Array)
#1 C:\xampp\htdocs\acbagus\system\CodeIgniter.php(384): CodeIgniter\Filters\Filters->run('teknisi', 'before')
#2 C:\xampp\htdocs\acbagus\system\CodeIgniter.php(318): CodeIgniter\CodeIgniter->handleRequest(NULL, Object(Config\Cache), false)
#3 C:\xampp\htdocs\acbagus\public\index.php(37): CodeIgniter\CodeIgniter->run()
#4 C:\xampp\htdocs\acbagus\system\Commands\Server\rewrite.php(43): require_once('C:\\xampp\\htdocs...')
#5 {main}
CRITICAL - 2021-11-30 01:57:10 --> Invalid file: index.php
#0 C:\xampp\htdocs\acbagus\system\View\View.php(198): CodeIgniter\Exceptions\FrameworkException::forInvalidFile('index.php')
#1 C:\xampp\htdocs\acbagus\system\Common.php(1097): CodeIgniter\View\View->render('index', Array, true)
#2 C:\xampp\htdocs\acbagus\app\Controllers\Home.php(9): view('index')
#3 C:\xampp\htdocs\acbagus\system\CodeIgniter.php(824): App\Controllers\Home->index()
#4 C:\xampp\htdocs\acbagus\system\CodeIgniter.php(410): CodeIgniter\CodeIgniter->runController(Object(App\Controllers\Home))
#5 C:\xampp\htdocs\acbagus\system\CodeIgniter.php(318): CodeIgniter\CodeIgniter->handleRequest(NULL, Object(Config\Cache), false)
#6 C:\xampp\htdocs\acbagus\public\index.php(37): CodeIgniter\CodeIgniter->run()
#7 C:\xampp\htdocs\acbagus\system\Commands\Server\rewrite.php(43): require_once('C:\\xampp\\htdocs...')
#8 {main}
CRITICAL - 2021-11-30 02:31:58 --> Anda tidak memiliki izin yang memadai untuk mengakses halaman itu.
#0 C:\xampp\htdocs\acbagus\system\Filters\Filters.php(173): Myth\Auth\Filters\RoleFilter->before(Object(CodeIgniter\HTTP\IncomingRequest), Array)
#1 C:\xampp\htdocs\acbagus\system\CodeIgniter.php(384): CodeIgniter\Filters\Filters->run('contact', 'before')
#2 C:\xampp\htdocs\acbagus\system\CodeIgniter.php(318): CodeIgniter\CodeIgniter->handleRequest(NULL, Object(Config\Cache), false)
#3 C:\xampp\htdocs\acbagus\public\index.php(37): CodeIgniter\CodeIgniter->run()
#4 C:\xampp\htdocs\acbagus\system\Commands\Server\rewrite.php(43): require_once('C:\\xampp\\htdocs...')
#5 {main}
CRITICAL - 2021-11-30 02:34:21 --> Call to undefined function user()
#0 C:\xampp\htdocs\acbagus\system\View\View.php(214): include()
#1 C:\xampp\htdocs\acbagus\system\View\View.php(217): CodeIgniter\View\View->CodeIgniter\View\{closure}()
#2 C:\xampp\htdocs\acbagus\system\View\View.php(432): CodeIgniter\View\View->render('user_template/h...', NULL, true)
#3 C:\xampp\htdocs\acbagus\app\Views\user_template\user.php(21): CodeIgniter\View\View->include('user_template/h...')
#4 C:\xampp\htdocs\acbagus\system\View\View.php(214): include('C:\\xampp\\htdocs...')
#5 C:\xampp\htdocs\acbagus\system\View\View.php(217): CodeIgniter\View\View->CodeIgniter\View\{closure}()
#6 C:\xampp\htdocs\acbagus\system\View\View.php(230): CodeIgniter\View\View->render('user_template/u...', Array, true)
#7 C:\xampp\htdocs\acbagus\system\Common.php(1097): CodeIgniter\View\View->render('user/index', Array, true)
#8 C:\xampp\htdocs\acbagus\app\Controllers\User.php(13): view('user/index')
#9 C:\xampp\htdocs\acbagus\system\CodeIgniter.php(824): App\Controllers\User->index()
#10 C:\xampp\htdocs\acbagus\system\CodeIgniter.php(410): CodeIgniter\CodeIgniter->runController(Object(App\Controllers\User))
#11 C:\xampp\htdocs\acbagus\system\CodeIgniter.php(318): CodeIgniter\CodeIgniter->handleRequest(NULL, Object(Config\Cache), false)
#12 C:\xampp\htdocs\acbagus\public\index.php(37): CodeIgniter\CodeIgniter->run()
#13 C:\xampp\htdocs\acbagus\system\Commands\Server\rewrite.php(43): require_once('C:\\xampp\\htdocs...')
#14 {main}
CRITICAL - 2021-11-30 02:40:16 --> Call to undefined function user()
#0 C:\xampp\htdocs\acbagus\system\View\View.php(214): include()
#1 C:\xampp\htdocs\acbagus\system\View\View.php(217): CodeIgniter\View\View->CodeIgniter\View\{closure}()
#2 C:\xampp\htdocs\acbagus\system\View\View.php(432): CodeIgniter\View\View->render('user_template/h...', NULL, true)
#3 C:\xampp\htdocs\acbagus\app\Views\user_template\user.php(21): CodeIgniter\View\View->include('user_template/h...')
#4 C:\xampp\htdocs\acbagus\system\View\View.php(214): include('C:\\xampp\\htdocs...')
#5 C:\xampp\htdocs\acbagus\system\View\View.php(217): CodeIgniter\View\View->CodeIgniter\View\{closure}()
#6 C:\xampp\htdocs\acbagus\system\View\View.php(230): CodeIgniter\View\View->render('user_template/u...', Array, true)
#7 C:\xampp\htdocs\acbagus\system\Common.php(1097): CodeIgniter\View\View->render('user/index', Array, true)
#8 C:\xampp\htdocs\acbagus\app\Controllers\User.php(13): view('user/index')
#9 C:\xampp\htdocs\acbagus\system\CodeIgniter.php(824): App\Controllers\User->index()
#10 C:\xampp\htdocs\acbagus\system\CodeIgniter.php(410): CodeIgniter\CodeIgniter->runController(Object(App\Controllers\User))
#11 C:\xampp\htdocs\acbagus\system\CodeIgniter.php(318): CodeIgniter\CodeIgniter->handleRequest(NULL, Object(Config\Cache), false)
#12 C:\xampp\htdocs\acbagus\public\index.php(37): CodeIgniter\CodeIgniter->run()
#13 C:\xampp\htdocs\acbagus\system\Commands\Server\rewrite.php(43): require_once('C:\\xampp\\htdocs...')
#14 {main}
CRITICAL - 2021-11-30 03:01:54 --> Trying to get property 'image' of non-object
#0 C:\xampp\htdocs\acbagus\app\Views\user_template\header.php(22): CodeIgniter\Debug\Exceptions->errorHandler(8, 'Trying to get p...', 'C:\\xampp\\htdocs...', 22, Array)
#1 C:\xampp\htdocs\acbagus\system\View\View.php(214): include('C:\\xampp\\htdocs...')
#2 C:\xampp\htdocs\acbagus\system\View\View.php(217): CodeIgniter\View\View->CodeIgniter\View\{closure}()
#3 C:\xampp\htdocs\acbagus\system\View\View.php(432): CodeIgniter\View\View->render('user_template/h...', NULL, true)
#4 C:\xampp\htdocs\acbagus\app\Views\user_template\user.php(22): CodeIgniter\View\View->include('user_template/h...')
#5 C:\xampp\htdocs\acbagus\system\View\View.php(214): include('C:\\xampp\\htdocs...')
#6 C:\xampp\htdocs\acbagus\system\View\View.php(217): CodeIgniter\View\View->CodeIgniter\View\{closure}()
#7 C:\xampp\htdocs\acbagus\system\View\View.php(230): CodeIgniter\View\View->render('user_template/u...', Array, true)
#8 C:\xampp\htdocs\acbagus\system\Common.php(1097): CodeIgniter\View\View->render('user/index', Array, true)
#9 C:\xampp\htdocs\acbagus\app\Controllers\User.php(13): view('user/index')
#10 C:\xampp\htdocs\acbagus\system\CodeIgniter.php(824): App\Controllers\User->index()
#11 C:\xampp\htdocs\acbagus\system\CodeIgniter.php(410): CodeIgniter\CodeIgniter->runController(Object(App\Controllers\User))
#12 C:\xampp\htdocs\acbagus\system\CodeIgniter.php(318): CodeIgniter\CodeIgniter->handleRequest(NULL, Object(Config\Cache), false)
#13 C:\xampp\htdocs\acbagus\public\index.php(37): CodeIgniter\CodeIgniter->run()
#14 C:\xampp\htdocs\acbagus\system\Commands\Server\rewrite.php(43): require_once('C:\\xampp\\htdocs...')
#15 {main}
CRITICAL - 2021-11-30 10:03:12 --> Anda tidak memiliki izin yang memadai untuk mengakses halaman itu.
#0 C:\xampp\htdocs\acbagus\system\Filters\Filters.php(173): Myth\Auth\Filters\RoleFilter->before(Object(CodeIgniter\HTTP\IncomingRequest), Array)
#1 C:\xampp\htdocs\acbagus\system\CodeIgniter.php(384): CodeIgniter\Filters\Filters->run('teknisi', 'before')
#2 C:\xampp\htdocs\acbagus\system\CodeIgniter.php(318): CodeIgniter\CodeIgniter->handleRequest(NULL, Object(Config\Cache), false)
#3 C:\xampp\htdocs\acbagus\public\index.php(37): CodeIgniter\CodeIgniter->run()
#4 C:\xampp\htdocs\acbagus\system\Commands\Server\rewrite.php(43): require_once('C:\\xampp\\htdocs...')
#5 {main}
CRITICAL - 2021-11-30 10:03:20 --> Anda tidak memiliki izin yang memadai untuk mengakses halaman itu.
#0 C:\xampp\htdocs\acbagus\system\Filters\Filters.php(173): Myth\Auth\Filters\RoleFilter->before(Object(CodeIgniter\HTTP\IncomingRequest), Array)
#1 C:\xampp\htdocs\acbagus\system\CodeIgniter.php(384): CodeIgniter\Filters\Filters->run('teknisi', 'before')
#2 C:\xampp\htdocs\acbagus\system\CodeIgniter.php(318): CodeIgniter\CodeIgniter->handleRequest(NULL, Object(Config\Cache), false)
#3 C:\xampp\htdocs\acbagus\public\index.php(37): CodeIgniter\CodeIgniter->run()
#4 C:\xampp\htdocs\acbagus\system\Commands\Server\rewrite.php(43): require_once('C:\\xampp\\htdocs...')
#5 {main}
CRITICAL - 2021-11-30 20:43:07 --> Trying to access array offset on value of type null
#0 C:\xampp\htdocs\acbagus\app\Views\admin\teknisi\details.php(23): CodeIgniter\Debug\Exceptions->errorHandler(8, 'Trying to acces...', 'C:\\xampp\\htdocs...', 23, Array)
#1 C:\xampp\htdocs\acbagus\system\View\View.php(214): include('C:\\xampp\\htdocs...')
#2 C:\xampp\htdocs\acbagus\system\View\View.php(217): CodeIgniter\View\View->CodeIgniter\View\{closure}()
#3 C:\xampp\htdocs\acbagus\system\Common.php(1097): CodeIgniter\View\View->render('admin/teknisi/d...', Array, true)
#4 C:\xampp\htdocs\acbagus\app\Controllers\Teknisi.php(155): view('admin/teknisi/d...', Array)
#5 C:\xampp\htdocs\acbagus\system\CodeIgniter.php(824): App\Controllers\Teknisi->details('assets', 'img', 'logo.png')
#6 C:\xampp\htdocs\acbagus\system\CodeIgniter.php(410): CodeIgniter\CodeIgniter->runController(Object(App\Controllers\Teknisi))
#7 C:\xampp\htdocs\acbagus\system\CodeIgniter.php(318): CodeIgniter\CodeIgniter->handleRequest(NULL, Object(Config\Cache), false)
#8 C:\xampp\htdocs\acbagus\public\index.php(37): CodeIgniter\CodeIgniter->run()
#9 C:\xampp\htdocs\acbagus\system\Commands\Server\rewrite.php(43): require_once('C:\\xampp\\htdocs...')
#10 {main}
CRITICAL - 2021-11-30 20:43:08 --> Trying to access array offset on value of type null
#0 C:\xampp\htdocs\acbagus\app\Views\admin\teknisi\details.php(23): CodeIgniter\Debug\Exceptions->errorHandler(8, 'Trying to acces...', 'C:\\xampp\\htdocs...', 23, Array)
#1 C:\xampp\htdocs\acbagus\system\View\View.php(214): include('C:\\xampp\\htdocs...')
#2 C:\xampp\htdocs\acbagus\system\View\View.php(217): CodeIgniter\View\View->CodeIgniter\View\{closure}()
#3 C:\xampp\htdocs\acbagus\system\Common.php(1097): CodeIgniter\View\View->render('admin/teknisi/d...', Array, true)
#4 C:\xampp\htdocs\acbagus\app\Controllers\Teknisi.php(155): view('admin/teknisi/d...', Array)
#5 C:\xampp\htdocs\acbagus\system\CodeIgniter.php(824): App\Controllers\Teknisi->details('assets', 'img', 'messages-1.jpg')
#6 C:\xampp\htdocs\acbagus\system\CodeIgniter.php(410): CodeIgniter\CodeIgniter->runController(Object(App\Controllers\Teknisi))
#7 C:\xampp\htdocs\acbagus\system\CodeIgniter.php(318): CodeIgniter\CodeIgniter->handleRequest(NULL, Object(Config\Cache), false)
#8 C:\xampp\htdocs\acbagus\public\index.php(37): CodeIgniter\CodeIgniter->run()
#9 C:\xampp\htdocs\acbagus\system\Commands\Server\rewrite.php(43): require_once('C:\\xampp\\htdocs...')
#10 {main}
CRITICAL - 2021-11-30 20:43:08 --> Trying to access array offset on value of type null
#0 C:\xampp\htdocs\acbagus\app\Views\admin\teknisi\details.php(23): CodeIgniter\Debug\Exceptions->errorHandler(8, 'Trying to acces...', 'C:\\xampp\\htdocs...', 23, Array)
#1 C:\xampp\htdocs\acbagus\system\View\View.php(214): include('C:\\xampp\\htdocs...')
#2 C:\xampp\htdocs\acbagus\system\View\View.php(217): CodeIgniter\View\View->CodeIgniter\View\{closure}()
#3 C:\xampp\htdocs\acbagus\system\Common.php(1097): CodeIgniter\View\View->render('admin/teknisi/d...', Array, true)
#4 C:\xampp\htdocs\acbagus\app\Controllers\Teknisi.php(155): view('admin/teknisi/d...', Array)
#5 C:\xampp\htdocs\acbagus\system\CodeIgniter.php(824): App\Controllers\Teknisi->details('assets', 'img', 'messages-2.jpg')
#6 C:\xampp\htdocs\acbagus\system\CodeIgniter.php(410): CodeIgniter\CodeIgniter->runController(Object(App\Controllers\Teknisi))
#7 C:\xampp\htdocs\acbagus\system\CodeIgniter.php(318): CodeIgniter\CodeIgniter->handleRequest(NULL, Object(Config\Cache), false)
#8 C:\xampp\htdocs\acbagus\public\index.php(37): CodeIgniter\CodeIgniter->run()
#9 C:\xampp\htdocs\acbagus\system\Commands\Server\rewrite.php(43): require_once('C:\\xampp\\htdocs...')
#10 {main}
CRITICAL - 2021-11-30 20:43:08 --> Trying to access array offset on value of type null
#0 C:\xampp\htdocs\acbagus\app\Views\admin\teknisi\details.php(23): CodeIgniter\Debug\Exceptions->errorHandler(8, 'Trying to acces...', 'C:\\xampp\\htdocs...', 23, Array)
#1 C:\xampp\htdocs\acbagus\system\View\View.php(214): include('C:\\xampp\\htdocs...')
#2 C:\xampp\htdocs\acbagus\system\View\View.php(217): CodeIgniter\View\View->CodeIgniter\View\{closure}()
#3 C:\xampp\htdocs\acbagus\system\Common.php(1097): CodeIgniter\View\View->render('admin/teknisi/d...', Array, true)
#4 C:\xampp\htdocs\acbagus\app\Controllers\Teknisi.php(155): view('admin/teknisi/d...', Array)
#5 C:\xampp\htdocs\acbagus\system\CodeIgniter.php(824): App\Controllers\Teknisi->details('assets', 'img', 'messages-3.jpg')
#6 C:\xampp\htdocs\acbagus\system\CodeIgniter.php(410): CodeIgniter\CodeIgniter->runController(Object(App\Controllers\Teknisi))
#7 C:\xampp\htdocs\acbagus\system\CodeIgniter.php(318): CodeIgniter\CodeIgniter->handleRequest(NULL, Object(Config\Cache), false)
#8 C:\xampp\htdocs\acbagus\public\index.php(37): CodeIgniter\CodeIgniter->run()
#9 C:\xampp\htdocs\acbagus\system\Commands\Server\rewrite.php(43): require_once('C:\\xampp\\htdocs...')
#10 {main}
CRITICAL - 2021-11-30 20:43:29 --> Trying to access array offset on value of type null
#0 C:\xampp\htdocs\acbagus\app\Views\admin\teknisi\details.php(23): CodeIgniter\Debug\Exceptions->errorHandler(8, 'Trying to acces...', 'C:\\xampp\\htdocs...', 23, Array)
#1 C:\xampp\htdocs\acbagus\system\View\View.php(214): include('C:\\xampp\\htdocs...')
#2 C:\xampp\htdocs\acbagus\system\View\View.php(217): CodeIgniter\View\View->CodeIgniter\View\{closure}()
#3 C:\xampp\htdocs\acbagus\system\Common.php(1097): CodeIgniter\View\View->render('admin/teknisi/d...', Array, true)
#4 C:\xampp\htdocs\acbagus\app\Controllers\Teknisi.php(155): view('admin/teknisi/d...', Array)
#5 C:\xampp\htdocs\acbagus\system\CodeIgniter.php(824): App\Controllers\Teknisi->details('assets', 'img', 'favicon.png')
#6 C:\xampp\htdocs\acbagus\system\CodeIgniter.php(410): CodeIgniter\CodeIgniter->runController(Object(App\Controllers\Teknisi))
#7 C:\xampp\htdocs\acbagus\system\CodeIgniter.php(318): CodeIgniter\CodeIgniter->handleRequest(NULL, Object(Config\Cache), false)
#8 C:\xampp\htdocs\acbagus\public\index.php(37): CodeIgniter\CodeIgniter->run()
#9 C:\xampp\htdocs\acbagus\system\Commands\Server\rewrite.php(43): require_once('C:\\xampp\\htdocs...')
#10 {main}
CRITICAL - 2021-11-30 20:44:47 --> Trying to access array offset on value of type null
#0 C:\xampp\htdocs\acbagus\app\Views\admin\teknisi\details.php(23): CodeIgniter\Debug\Exceptions->errorHandler(8, 'Trying to acces...', 'C:\\xampp\\htdocs...', 23, Array)
#1 C:\xampp\htdocs\acbagus\system\View\View.php(214): include('C:\\xampp\\htdocs...')
#2 C:\xampp\htdocs\acbagus\system\View\View.php(217): CodeIgniter\View\View->CodeIgniter\View\{closure}()
#3 C:\xampp\htdocs\acbagus\system\Common.php(1097): CodeIgniter\View\View->render('admin/teknisi/d...', Array, true)
#4 C:\xampp\htdocs\acbagus\app\Controllers\Teknisi.php(155): view('admin/teknisi/d...', Array)
#5 C:\xampp\htdocs\acbagus\system\CodeIgniter.php(824): App\Controllers\Teknisi->details('assets', 'img', 'logo.png')
#6 C:\xampp\htdocs\acbagus\system\CodeIgniter.php(410): CodeIgniter\CodeIgniter->runController(Object(App\Controllers\Teknisi))
#7 C:\xampp\htdocs\acbagus\system\CodeIgniter.php(318): CodeIgniter\CodeIgniter->handleRequest(NULL, Object(Config\Cache), false)
#8 C:\xampp\htdocs\acbagus\public\index.php(37): CodeIgniter\CodeIgniter->run()
#9 C:\xampp\htdocs\acbagus\system\Commands\Server\rewrite.php(43): require_once('C:\\xampp\\htdocs...')
#10 {main}
CRITICAL - 2021-11-30 20:44:47 --> Trying to access array offset on value of type null
#0 C:\xampp\htdocs\acbagus\app\Views\admin\teknisi\details.php(23): CodeIgniter\Debug\Exceptions->errorHandler(8, 'Trying to acces...', 'C:\\xampp\\htdocs...', 23, Array)
#1 C:\xampp\htdocs\acbagus\system\View\View.php(214): include('C:\\xampp\\htdocs...')
#2 C:\xampp\htdocs\acbagus\system\View\View.php(217): CodeIgniter\View\View->CodeIgniter\View\{closure}()
#3 C:\xampp\htdocs\acbagus\system\Common.php(1097): CodeIgniter\View\View->render('admin/teknisi/d...', Array, true)
#4 C:\xampp\htdocs\acbagus\app\Controllers\Teknisi.php(155): view('admin/teknisi/d...', Array)
#5 C:\xampp\htdocs\acbagus\system\CodeIgniter.php(824): App\Controllers\Teknisi->details('assets', 'img', 'messages-1.jpg')
#6 C:\xampp\htdocs\acbagus\system\CodeIgniter.php(410): CodeIgniter\CodeIgniter->runController(Object(App\Controllers\Teknisi))
#7 C:\xampp\htdocs\acbagus\system\CodeIgniter.php(318): CodeIgniter\CodeIgniter->handleRequest(NULL, Object(Config\Cache), false)
#8 C:\xampp\htdocs\acbagus\public\index.php(37): CodeIgniter\CodeIgniter->run()
#9 C:\xampp\htdocs\acbagus\system\Commands\Server\rewrite.php(43): require_once('C:\\xampp\\htdocs...')
#10 {main}
CRITICAL - 2021-11-30 20:44:47 --> Trying to access array offset on value of type null
#0 C:\xampp\htdocs\acbagus\app\Views\admin\teknisi\details.php(23): CodeIgniter\Debug\Exceptions->errorHandler(8, 'Trying to acces...', 'C:\\xampp\\htdocs...', 23, Array)
#1 C:\xampp\htdocs\acbagus\system\View\View.php(214): include('C:\\xampp\\htdocs...')
#2 C:\xampp\htdocs\acbagus\system\View\View.php(217): CodeIgniter\View\View->CodeIgniter\View\{closure}()
#3 C:\xampp\htdocs\acbagus\system\Common.php(1097): CodeIgniter\View\View->render('admin/teknisi/d...', Array, true)
#4 C:\xampp\htdocs\acbagus\app\Controllers\Teknisi.php(155): view('admin/teknisi/d...', Array)
#5 C:\xampp\htdocs\acbagus\system\CodeIgniter.php(824): App\Controllers\Teknisi->details('assets', 'img', 'messages-2.jpg')
#6 C:\xampp\htdocs\acbagus\system\CodeIgniter.php(410): CodeIgniter\CodeIgniter->runController(Object(App\Controllers\Teknisi))
#7 C:\xampp\htdocs\acbagus\system\CodeIgniter.php(318): CodeIgniter\CodeIgniter->handleRequest(NULL, Object(Config\Cache), false)
#8 C:\xampp\htdocs\acbagus\public\index.php(37): CodeIgniter\CodeIgniter->run()
#9 C:\xampp\htdocs\acbagus\system\Commands\Server\rewrite.php(43): require_once('C:\\xampp\\htdocs...')
#10 {main}
CRITICAL - 2021-11-30 20:44:48 --> Trying to access array offset on value of type null
#0 C:\xampp\htdocs\acbagus\app\Views\admin\teknisi\details.php(23): CodeIgniter\Debug\Exceptions->errorHandler(8, 'Trying to acces...', 'C:\\xampp\\htdocs...', 23, Array)
#1 C:\xampp\htdocs\acbagus\system\View\View.php(214): include('C:\\xampp\\htdocs...')
#2 C:\xampp\htdocs\acbagus\system\View\View.php(217): CodeIgniter\View\View->CodeIgniter\View\{closure}()
#3 C:\xampp\htdocs\acbagus\system\Common.php(1097): CodeIgniter\View\View->render('admin/teknisi/d...', Array, true)
#4 C:\xampp\htdocs\acbagus\app\Controllers\Teknisi.php(155): view('admin/teknisi/d...', Array)
#5 C:\xampp\htdocs\acbagus\system\CodeIgniter.php(824): App\Controllers\Teknisi->details('assets', 'img', 'messages-3.jpg')
#6 C:\xampp\htdocs\acbagus\system\CodeIgniter.php(410): CodeIgniter\CodeIgniter->runController(Object(App\Controllers\Teknisi))
#7 C:\xampp\htdocs\acbagus\system\CodeIgniter.php(318): CodeIgniter\CodeIgniter->handleRequest(NULL, Object(Config\Cache), false)
#8 C:\xampp\htdocs\acbagus\public\index.php(37): CodeIgniter\CodeIgniter->run()
#9 C:\xampp\htdocs\acbagus\system\Commands\Server\rewrite.php(43): require_once('C:\\xampp\\htdocs...')
#10 {main}
CRITICAL - 2021-11-30 20:44:48 --> Trying to access array offset on value of type null
#0 C:\xampp\htdocs\acbagus\app\Views\admin\teknisi\details.php(23): CodeIgniter\Debug\Exceptions->errorHandler(8, 'Trying to acces...', 'C:\\xampp\\htdocs...', 23, Array)
#1 C:\xampp\htdocs\acbagus\system\View\View.php(214): include('C:\\xampp\\htdocs...')
#2 C:\xampp\htdocs\acbagus\system\View\View.php(217): CodeIgniter\View\View->CodeIgniter\View\{closure}()
#3 C:\xampp\htdocs\acbagus\system\Common.php(1097): CodeIgniter\View\View->render('admin/teknisi/d...', Array, true)
#4 C:\xampp\htdocs\acbagus\app\Controllers\Teknisi.php(155): view('admin/teknisi/d...', Array)
#5 C:\xampp\htdocs\acbagus\system\CodeIgniter.php(824): App\Controllers\Teknisi->details('assets', 'img', 'favicon.png')
#6 C:\xampp\htdocs\acbagus\system\CodeIgniter.php(410): CodeIgniter\CodeIgniter->runController(Object(App\Controllers\Teknisi))
#7 C:\xampp\htdocs\acbagus\system\CodeIgniter.php(318): CodeIgniter\CodeIgniter->handleRequest(NULL, Object(Config\Cache), false)
#8 C:\xampp\htdocs\acbagus\public\index.php(37): CodeIgniter\CodeIgniter->run()
#9 C:\xampp\htdocs\acbagus\system\Commands\Server\rewrite.php(43): require_once('C:\\xampp\\htdocs...')
#10 {main}
CRITICAL - 2021-11-30 21:27:15 --> Invalid file: index.php
#0 C:\xampp\htdocs\acbagus\system\View\View.php(198): CodeIgniter\Exceptions\FrameworkException::forInvalidFile('index.php')
#1 C:\xampp\htdocs\acbagus\system\Common.php(1097): CodeIgniter\View\View->render('index', Array, true)
#2 C:\xampp\htdocs\acbagus\app\Controllers\Home.php(9): view('index')
#3 C:\xampp\htdocs\acbagus\system\CodeIgniter.php(824): App\Controllers\Home->index()
#4 C:\xampp\htdocs\acbagus\system\CodeIgniter.php(410): CodeIgniter\CodeIgniter->runController(Object(App\Controllers\Home))
#5 C:\xampp\htdocs\acbagus\system\CodeIgniter.php(318): CodeIgniter\CodeIgniter->handleRequest(NULL, Object(Config\Cache), false)
#6 C:\xampp\htdocs\acbagus\public\index.php(37): CodeIgniter\CodeIgniter->run()
#7 C:\xampp\htdocs\acbagus\system\Commands\Server\rewrite.php(43): require_once('C:\\xampp\\htdocs...')
#8 {main}
CRITICAL - 2021-11-30 22:10:11 --> Undefined property: App\Controllers\Users::$usersiModel
#0 C:\xampp\htdocs\acbagus\app\Controllers\Users.php(18): CodeIgniter\Debug\Exceptions->errorHandler(8, 'Undefined prope...', 'C:\\xampp\\htdocs...', 18, Array)
#1 C:\xampp\htdocs\acbagus\system\CodeIgniter.php(824): App\Controllers\Users->index()
#2 C:\xampp\htdocs\acbagus\system\CodeIgniter.php(410): CodeIgniter\CodeIgniter->runController(Object(App\Controllers\Users))
#3 C:\xampp\htdocs\acbagus\system\CodeIgniter.php(318): CodeIgniter\CodeIgniter->handleRequest(NULL, Object(Config\Cache), false)
#4 C:\xampp\htdocs\acbagus\public\index.php(37): CodeIgniter\CodeIgniter->run()
#5 C:\xampp\htdocs\acbagus\system\Commands\Server\rewrite.php(43): require_once('C:\\xampp\\htdocs...')
#6 {main}
CRITICAL - 2021-11-30 22:10:24 --> Cannot use object of type Myth\Auth\Entities\User as array
#0 C:\xampp\htdocs\acbagus\system\View\View.php(214): include()
#1 C:\xampp\htdocs\acbagus\system\View\View.php(217): CodeIgniter\View\View->CodeIgniter\View\{closure}()
#2 C:\xampp\htdocs\acbagus\system\Common.php(1097): CodeIgniter\View\View->render('admin/users/ind...', Array, true)
#3 C:\xampp\htdocs\acbagus\app\Controllers\Users.php(23): view('admin/users/ind...', Array)
#4 C:\xampp\htdocs\acbagus\system\CodeIgniter.php(824): App\Controllers\Users->index()
#5 C:\xampp\htdocs\acbagus\system\CodeIgniter.php(410): CodeIgniter\CodeIgniter->runController(Object(App\Controllers\Users))
#6 C:\xampp\htdocs\acbagus\system\CodeIgniter.php(318): CodeIgniter\CodeIgniter->handleRequest(NULL, Object(Config\Cache), false)
#7 C:\xampp\htdocs\acbagus\public\index.php(37): CodeIgniter\CodeIgniter->run()
#8 C:\xampp\htdocs\acbagus\system\Commands\Server\rewrite.php(43): require_once('C:\\xampp\\htdocs...')
#9 {main}
CRITICAL - 2021-11-30 22:11:26 --> Cannot use object of type Myth\Auth\Entities\User as array
#0 C:\xampp\htdocs\acbagus\system\View\View.php(214): include()
#1 C:\xampp\htdocs\acbagus\system\View\View.php(217): CodeIgniter\View\View->CodeIgniter\View\{closure}()
#2 C:\xampp\htdocs\acbagus\system\Common.php(1097): CodeIgniter\View\View->render('admin/users/ind...', Array, true)
#3 C:\xampp\htdocs\acbagus\app\Controllers\Users.php(23): view('admin/users/ind...', Array)
#4 C:\xampp\htdocs\acbagus\system\CodeIgniter.php(824): App\Controllers\Users->index()
#5 C:\xampp\htdocs\acbagus\system\CodeIgniter.php(410): CodeIgniter\CodeIgniter->runController(Object(App\Controllers\Users))
#6 C:\xampp\htdocs\acbagus\system\CodeIgniter.php(318): CodeIgniter\CodeIgniter->handleRequest(NULL, Object(Config\Cache), false)
#7 C:\xampp\htdocs\acbagus\public\index.php(37): CodeIgniter\CodeIgniter->run()
#8 C:\xampp\htdocs\acbagus\system\Commands\Server\rewrite.php(43): require_once('C:\\xampp\\htdocs...')
#9 {main}
CRITICAL - 2021-11-30 22:27:06 --> Undefined offset: 1
#0 C:\xampp\htdocs\acbagus\app\Views\admin\users\index.php(58): CodeIgniter\Debug\Exceptions->errorHandler(8, 'Undefined offse...', 'C:\\xampp\\htdocs...', 58, Array)
#1 C:\xampp\htdocs\acbagus\system\View\View.php(214): include('C:\\xampp\\htdocs...')
#2 C:\xampp\htdocs\acbagus\system\View\View.php(217): CodeIgniter\View\View->CodeIgniter\View\{closure}()
#3 C:\xampp\htdocs\acbagus\system\Common.php(1097): CodeIgniter\View\View->render('admin/users/ind...', Array, true)
#4 C:\xampp\htdocs\acbagus\app\Controllers\Users.php(23): view('admin/users/ind...', Array)
#5 C:\xampp\htdocs\acbagus\system\CodeIgniter.php(824): App\Controllers\Users->index()
#6 C:\xampp\htdocs\acbagus\system\CodeIgniter.php(410): CodeIgniter\CodeIgniter->runController(Object(App\Controllers\Users))
#7 C:\xampp\htdocs\acbagus\system\CodeIgniter.php(318): CodeIgniter\CodeIgniter->handleRequest(NULL, Object(Config\Cache), false)
#8 C:\xampp\htdocs\acbagus\public\index.php(37): CodeIgniter\CodeIgniter->run()
#9 C:\xampp\htdocs\acbagus\system\Commands\Server\rewrite.php(43): require_once('C:\\xampp\\htdocs...')
#10 {main}
