CRITICAL - 2021-11-27 02:34:27 --> Undefined property: CodeIgniter\HTTP\IncomingRequest::$getVar
#0 C:\xampp\htdocs\acbagus\app\Controllers\Teknisi.php(79): CodeIgniter\Debug\Exceptions->errorHandler(8, 'Undefined prope...', 'C:\\xampp\\htdocs...', 79, Array)
#1 C:\xampp\htdocs\acbagus\system\CodeIgniter.php(824): App\Controllers\Teknisi->update('9')
#2 C:\xampp\htdocs\acbagus\system\CodeIgniter.php(410): CodeIgniter\CodeIgniter->runController(Object(App\Controllers\Teknisi))
#3 C:\xampp\htdocs\acbagus\system\CodeIgniter.php(318): CodeIgniter\CodeIgniter->handleRequest(NULL, Object(Config\Cache), false)
#4 C:\xampp\htdocs\acbagus\public\index.php(37): CodeIgniter\CodeIgniter->run()
#5 C:\xampp\htdocs\acbagus\system\Commands\Server\rewrite.php(43): require_once('C:\\xampp\\htdocs...')
#6 {main}
CRITICAL - 2021-11-27 02:35:13 --> Call to undefined method App\Models\TeknisiModel::getTeknisi
#0 C:\xampp\htdocs\acbagus\app\Controllers\Teknisi.php(79): CodeIgniter\Model->__call('getTeknisi', Array)
#1 C:\xampp\htdocs\acbagus\system\CodeIgniter.php(824): App\Controllers\Teknisi->update('9')
#2 C:\xampp\htdocs\acbagus\system\CodeIgniter.php(410): CodeIgniter\CodeIgniter->runController(Object(App\Controllers\Teknisi))
#3 C:\xampp\htdocs\acbagus\system\CodeIgniter.php(318): CodeIgniter\CodeIgniter->handleRequest(NULL, Object(Config\Cache), false)
#4 C:\xampp\htdocs\acbagus\public\index.php(37): CodeIgniter\CodeIgniter->run()
#5 C:\xampp\htdocs\acbagus\system\Commands\Server\rewrite.php(43): require_once('C:\\xampp\\htdocs...')
#6 {main}
CRITICAL - 2021-11-27 02:36:13 --> Call to undefined method App\Models\TeknisiModel::getTeknisi
#0 C:\xampp\htdocs\acbagus\app\Controllers\Teknisi.php(79): CodeIgniter\Model->__call('getTeknisi', Array)
#1 C:\xampp\htdocs\acbagus\system\CodeIgniter.php(824): App\Controllers\Teknisi->update('9')
#2 C:\xampp\htdocs\acbagus\system\CodeIgniter.php(410): CodeIgniter\CodeIgniter->runController(Object(App\Controllers\Teknisi))
#3 C:\xampp\htdocs\acbagus\system\CodeIgniter.php(318): CodeIgniter\CodeIgniter->handleRequest(NULL, Object(Config\Cache), false)
#4 C:\xampp\htdocs\acbagus\public\index.php(37): CodeIgniter\CodeIgniter->run()
#5 C:\xampp\htdocs\acbagus\system\Commands\Server\rewrite.php(43): require_once('C:\\xampp\\htdocs...')
#6 {main}
CRITICAL - 2021-11-27 02:44:48 --> Call to undefined method App\Models\TeknisiModel::getTeknisi
#0 C:\xampp\htdocs\acbagus\app\Controllers\Teknisi.php(79): CodeIgniter\Model->__call('getTeknisi', Array)
#1 C:\xampp\htdocs\acbagus\system\CodeIgniter.php(824): App\Controllers\Teknisi->update('9')
#2 C:\xampp\htdocs\acbagus\system\CodeIgniter.php(410): CodeIgniter\CodeIgniter->runController(Object(App\Controllers\Teknisi))
#3 C:\xampp\htdocs\acbagus\system\CodeIgniter.php(318): CodeIgniter\CodeIgniter->handleRequest(NULL, Object(Config\Cache), false)
#4 C:\xampp\htdocs\acbagus\public\index.php(37): CodeIgniter\CodeIgniter->run()
#5 C:\xampp\htdocs\acbagus\system\Commands\Server\rewrite.php(43): require_once('C:\\xampp\\htdocs...')
#6 {main}
CRITICAL - 2021-11-27 02:44:56 --> Call to undefined method App\Models\TeknisiModel::getTeknisi
#0 C:\xampp\htdocs\acbagus\app\Controllers\Teknisi.php(79): CodeIgniter\Model->__call('getTeknisi', Array)
#1 C:\xampp\htdocs\acbagus\system\CodeIgniter.php(824): App\Controllers\Teknisi->update('9')
#2 C:\xampp\htdocs\acbagus\system\CodeIgniter.php(410): CodeIgniter\CodeIgniter->runController(Object(App\Controllers\Teknisi))
#3 C:\xampp\htdocs\acbagus\system\CodeIgniter.php(318): CodeIgniter\CodeIgniter->handleRequest(NULL, Object(Config\Cache), false)
#4 C:\xampp\htdocs\acbagus\public\index.php(37): CodeIgniter\CodeIgniter->run()
#5 C:\xampp\htdocs\acbagus\system\Commands\Server\rewrite.php(43): require_once('C:\\xampp\\htdocs...')
#6 {main}
CRITICAL - 2021-11-27 02:45:27 --> Call to undefined method App\Models\TeknisiModel::getTeknisi
#0 C:\xampp\htdocs\acbagus\app\Controllers\Teknisi.php(79): CodeIgniter\Model->__call('getTeknisi', Array)
#1 C:\xampp\htdocs\acbagus\system\CodeIgniter.php(824): App\Controllers\Teknisi->update('9')
#2 C:\xampp\htdocs\acbagus\system\CodeIgniter.php(410): CodeIgniter\CodeIgniter->runController(Object(App\Controllers\Teknisi))
#3 C:\xampp\htdocs\acbagus\system\CodeIgniter.php(318): CodeIgniter\CodeIgniter->handleRequest(NULL, Object(Config\Cache), false)
#4 C:\xampp\htdocs\acbagus\public\index.php(37): CodeIgniter\CodeIgniter->run()
#5 C:\xampp\htdocs\acbagus\system\Commands\Server\rewrite.php(43): require_once('C:\\xampp\\htdocs...')
#6 {main}
CRITICAL - 2021-11-27 09:40:38 --> Call to a member function move() on null
#0 C:\xampp\htdocs\acbagus\system\CodeIgniter.php(824): App\Controllers\Teknisi->update('8')
#1 C:\xampp\htdocs\acbagus\system\CodeIgniter.php(410): CodeIgniter\CodeIgniter->runController(Object(App\Controllers\Teknisi))
#2 C:\xampp\htdocs\acbagus\system\CodeIgniter.php(318): CodeIgniter\CodeIgniter->handleRequest(NULL, Object(Config\Cache), false)
#3 C:\xampp\htdocs\acbagus\public\index.php(37): CodeIgniter\CodeIgniter->run()
#4 C:\xampp\htdocs\acbagus\system\Commands\Server\rewrite.php(43): require_once('C:\\xampp\\htdocs...')
#5 {main}
CRITICAL - 2021-11-27 10:21:19 --> The original file is not a valid file.
#0 C:\xampp\htdocs\acbagus\system\HTTP\Files\UploadedFile.php(137): CodeIgniter\HTTP\Exceptions\HTTPException::forInvalidFile()
#1 C:\xampp\htdocs\acbagus\app\Controllers\Teknisi.php(111): CodeIgniter\HTTP\Files\UploadedFile->move('img_teknis/')
#2 C:\xampp\htdocs\acbagus\system\CodeIgniter.php(824): App\Controllers\Teknisi->update('8')
#3 C:\xampp\htdocs\acbagus\system\CodeIgniter.php(410): CodeIgniter\CodeIgniter->runController(Object(App\Controllers\Teknisi))
#4 C:\xampp\htdocs\acbagus\system\CodeIgniter.php(318): CodeIgniter\CodeIgniter->handleRequest(NULL, Object(Config\Cache), false)
#5 C:\xampp\htdocs\acbagus\public\index.php(37): CodeIgniter\CodeIgniter->run()
#6 C:\xampp\htdocs\acbagus\system\Commands\Server\rewrite.php(43): require_once('C:\\xampp\\htdocs...')
#7 {main}
CRITICAL - 2021-11-27 11:56:40 --> unlink(foto_teknis/IMG_8844.JPG): No such file or directory
#0 [internal function]: CodeIgniter\Debug\Exceptions->errorHandler(2, 'unlink(foto_tek...', 'C:\\xampp\\htdocs...', 116, Array)
#1 C:\xampp\htdocs\acbagus\app\Controllers\Teknisi.php(116): unlink('foto_teknis/IMG...')
#2 C:\xampp\htdocs\acbagus\system\CodeIgniter.php(824): App\Controllers\Teknisi->update('8')
#3 C:\xampp\htdocs\acbagus\system\CodeIgniter.php(410): CodeIgniter\CodeIgniter->runController(Object(App\Controllers\Teknisi))
#4 C:\xampp\htdocs\acbagus\system\CodeIgniter.php(318): CodeIgniter\CodeIgniter->handleRequest(NULL, Object(Config\Cache), false)
#5 C:\xampp\htdocs\acbagus\public\index.php(37): CodeIgniter\CodeIgniter->run()
#6 C:\xampp\htdocs\acbagus\system\Commands\Server\rewrite.php(43): require_once('C:\\xampp\\htdocs...')
#7 {main}
CRITICAL - 2021-11-27 12:01:47 --> Trying to access array offset on value of type bool
#0 C:\xampp\htdocs\acbagus\app\Controllers\Teknisi.php(141): CodeIgniter\Debug\Exceptions->errorHandler(8, 'Trying to acces...', 'C:\\xampp\\htdocs...', 141, Array)
#1 C:\xampp\htdocs\acbagus\system\CodeIgniter.php(824): App\Controllers\Teknisi->delete('8')
#2 C:\xampp\htdocs\acbagus\system\CodeIgniter.php(410): CodeIgniter\CodeIgniter->runController(Object(App\Controllers\Teknisi))
#3 C:\xampp\htdocs\acbagus\system\CodeIgniter.php(318): CodeIgniter\CodeIgniter->handleRequest(NULL, Object(Config\Cache), false)
#4 C:\xampp\htdocs\acbagus\public\index.php(37): CodeIgniter\CodeIgniter->run()
#5 C:\xampp\htdocs\acbagus\system\Commands\Server\rewrite.php(43): require_once('C:\\xampp\\htdocs...')
#6 {main}
CRITICAL - 2021-11-27 12:02:39 --> Trying to access array offset on value of type null
#0 C:\xampp\htdocs\acbagus\app\Controllers\Teknisi.php(142): CodeIgniter\Debug\Exceptions->errorHandler(8, 'Trying to acces...', 'C:\\xampp\\htdocs...', 142, Array)
#1 C:\xampp\htdocs\acbagus\system\CodeIgniter.php(824): App\Controllers\Teknisi->delete('8')
#2 C:\xampp\htdocs\acbagus\system\CodeIgniter.php(410): CodeIgniter\CodeIgniter->runController(Object(App\Controllers\Teknisi))
#3 C:\xampp\htdocs\acbagus\system\CodeIgniter.php(318): CodeIgniter\CodeIgniter->handleRequest(NULL, Object(Config\Cache), false)
#4 C:\xampp\htdocs\acbagus\public\index.php(37): CodeIgniter\CodeIgniter->run()
#5 C:\xampp\htdocs\acbagus\system\Commands\Server\rewrite.php(43): require_once('C:\\xampp\\htdocs...')
#6 {main}
CRITICAL - 2021-11-27 12:07:34 --> Trying to access array offset on value of type null
#0 C:\xampp\htdocs\acbagus\app\Controllers\Teknisi.php(141): CodeIgniter\Debug\Exceptions->errorHandler(8, 'Trying to acces...', 'C:\\xampp\\htdocs...', 141, Array)
#1 C:\xampp\htdocs\acbagus\system\CodeIgniter.php(824): App\Controllers\Teknisi->delete('8')
#2 C:\xampp\htdocs\acbagus\system\CodeIgniter.php(410): CodeIgniter\CodeIgniter->runController(Object(App\Controllers\Teknisi))
#3 C:\xampp\htdocs\acbagus\system\CodeIgniter.php(318): CodeIgniter\CodeIgniter->handleRequest(NULL, Object(Config\Cache), false)
#4 C:\xampp\htdocs\acbagus\public\index.php(37): CodeIgniter\CodeIgniter->run()
#5 C:\xampp\htdocs\acbagus\system\Commands\Server\rewrite.php(43): require_once('C:\\xampp\\htdocs...')
#6 {main}
CRITICAL - 2021-11-27 12:08:10 --> Trying to access array offset on value of type null
#0 C:\xampp\htdocs\acbagus\app\Controllers\Teknisi.php(141): CodeIgniter\Debug\Exceptions->errorHandler(8, 'Trying to acces...', 'C:\\xampp\\htdocs...', 141, Array)
#1 C:\xampp\htdocs\acbagus\system\CodeIgniter.php(824): App\Controllers\Teknisi->delete('8')
#2 C:\xampp\htdocs\acbagus\system\CodeIgniter.php(410): CodeIgniter\CodeIgniter->runController(Object(App\Controllers\Teknisi))
#3 C:\xampp\htdocs\acbagus\system\CodeIgniter.php(318): CodeIgniter\CodeIgniter->handleRequest(NULL, Object(Config\Cache), false)
#4 C:\xampp\htdocs\acbagus\public\index.php(37): CodeIgniter\CodeIgniter->run()
#5 C:\xampp\htdocs\acbagus\system\Commands\Server\rewrite.php(43): require_once('C:\\xampp\\htdocs...')
#6 {main}
CRITICAL - 2021-11-27 12:08:48 --> Trying to access array offset on value of type null
#0 C:\xampp\htdocs\acbagus\app\Controllers\Teknisi.php(141): CodeIgniter\Debug\Exceptions->errorHandler(8, 'Trying to acces...', 'C:\\xampp\\htdocs...', 141, Array)
#1 C:\xampp\htdocs\acbagus\system\CodeIgniter.php(824): App\Controllers\Teknisi->delete('8')
#2 C:\xampp\htdocs\acbagus\system\CodeIgniter.php(410): CodeIgniter\CodeIgniter->runController(Object(App\Controllers\Teknisi))
#3 C:\xampp\htdocs\acbagus\system\CodeIgniter.php(318): CodeIgniter\CodeIgniter->handleRequest(NULL, Object(Config\Cache), false)
#4 C:\xampp\htdocs\acbagus\public\index.php(37): CodeIgniter\CodeIgniter->run()
#5 C:\xampp\htdocs\acbagus\system\Commands\Server\rewrite.php(43): require_once('C:\\xampp\\htdocs...')
#6 {main}
CRITICAL - 2021-11-27 12:12:00 --> Trying to access array offset on value of type null
#0 C:\xampp\htdocs\acbagus\app\Controllers\Teknisi.php(141): CodeIgniter\Debug\Exceptions->errorHandler(8, 'Trying to acces...', 'C:\\xampp\\htdocs...', 141, Array)
#1 C:\xampp\htdocs\acbagus\system\CodeIgniter.php(824): App\Controllers\Teknisi->delete('8')
#2 C:\xampp\htdocs\acbagus\system\CodeIgniter.php(410): CodeIgniter\CodeIgniter->runController(Object(App\Controllers\Teknisi))
#3 C:\xampp\htdocs\acbagus\system\CodeIgniter.php(318): CodeIgniter\CodeIgniter->handleRequest(NULL, Object(Config\Cache), false)
#4 C:\xampp\htdocs\acbagus\public\index.php(37): CodeIgniter\CodeIgniter->run()
#5 C:\xampp\htdocs\acbagus\system\Commands\Server\rewrite.php(43): require_once('C:\\xampp\\htdocs...')
#6 {main}
CRITICAL - 2021-11-27 12:17:41 --> Undefined index: foto_teknisi
#0 C:\xampp\htdocs\acbagus\app\Controllers\Teknisi.php(141): CodeIgniter\Debug\Exceptions->errorHandler(8, 'Undefined index...', 'C:\\xampp\\htdocs...', 141, Array)
#1 C:\xampp\htdocs\acbagus\system\CodeIgniter.php(824): App\Controllers\Teknisi->delete('8')
#2 C:\xampp\htdocs\acbagus\system\CodeIgniter.php(410): CodeIgniter\CodeIgniter->runController(Object(App\Controllers\Teknisi))
#3 C:\xampp\htdocs\acbagus\system\CodeIgniter.php(318): CodeIgniter\CodeIgniter->handleRequest(NULL, Object(Config\Cache), false)
#4 C:\xampp\htdocs\acbagus\public\index.php(37): CodeIgniter\CodeIgniter->run()
#5 C:\xampp\htdocs\acbagus\system\Commands\Server\rewrite.php(43): require_once('C:\\xampp\\htdocs...')
#6 {main}
CRITICAL - 2021-11-27 12:17:45 --> Undefined index: foto_teknisi
#0 C:\xampp\htdocs\acbagus\app\Controllers\Teknisi.php(141): CodeIgniter\Debug\Exceptions->errorHandler(8, 'Undefined index...', 'C:\\xampp\\htdocs...', 141, Array)
#1 C:\xampp\htdocs\acbagus\system\CodeIgniter.php(824): App\Controllers\Teknisi->delete('8')
#2 C:\xampp\htdocs\acbagus\system\CodeIgniter.php(410): CodeIgniter\CodeIgniter->runController(Object(App\Controllers\Teknisi))
#3 C:\xampp\htdocs\acbagus\system\CodeIgniter.php(318): CodeIgniter\CodeIgniter->handleRequest(NULL, Object(Config\Cache), false)
#4 C:\xampp\htdocs\acbagus\public\index.php(37): CodeIgniter\CodeIgniter->run()
#5 C:\xampp\htdocs\acbagus\system\Commands\Server\rewrite.php(43): require_once('C:\\xampp\\htdocs...')
#6 {main}
CRITICAL - 2021-11-27 12:19:25 --> Undefined index: foto_teknisi
#0 C:\xampp\htdocs\acbagus\app\Controllers\Teknisi.php(141): CodeIgniter\Debug\Exceptions->errorHandler(8, 'Undefined index...', 'C:\\xampp\\htdocs...', 141, Array)
#1 C:\xampp\htdocs\acbagus\system\CodeIgniter.php(824): App\Controllers\Teknisi->delete('8')
#2 C:\xampp\htdocs\acbagus\system\CodeIgniter.php(410): CodeIgniter\CodeIgniter->runController(Object(App\Controllers\Teknisi))
#3 C:\xampp\htdocs\acbagus\system\CodeIgniter.php(318): CodeIgniter\CodeIgniter->handleRequest(NULL, Object(Config\Cache), false)
#4 C:\xampp\htdocs\acbagus\public\index.php(37): CodeIgniter\CodeIgniter->run()
#5 C:\xampp\htdocs\acbagus\system\Commands\Server\rewrite.php(43): require_once('C:\\xampp\\htdocs...')
#6 {main}
